INFO - 2024-11-11 09:19:16 --> Session: Class initialized using 'CodeIgniter\Session\Handlers\FileHandler' driver.
INFO - 2024-11-11 09:19:25 --> Session: Class initialized using 'CodeIgniter\Session\Handlers\FileHandler' driver.
INFO - 2024-11-11 09:19:28 --> Session: Class initialized using 'CodeIgniter\Session\Handlers\FileHandler' driver.
INFO - 2024-11-11 09:19:36 --> Session: Class initialized using 'CodeIgniter\Session\Handlers\FileHandler' driver.
INFO - 2024-11-11 09:19:46 --> Session: Class initialized using 'CodeIgniter\Session\Handlers\FileHandler' driver.
INFO - 2024-11-11 09:19:47 --> Session: Class initialized using 'CodeIgniter\Session\Handlers\FileHandler' driver.
INFO - 2024-11-11 09:20:02 --> Session: Class initialized using 'CodeIgniter\Session\Handlers\FileHandler' driver.
INFO - 2024-11-11 09:20:17 --> CSRF token verified.
INFO - 2024-11-11 09:20:18 --> Session: Class initialized using 'CodeIgniter\Session\Handlers\FileHandler' driver.
INFO - 2024-11-11 09:20:20 --> Session: Class initialized using 'CodeIgniter\Session\Handlers\FileHandler' driver.
INFO - 2024-11-11 09:27:12 --> Session: Class initialized using 'CodeIgniter\Session\Handlers\FileHandler' driver.
INFO - 2024-11-11 09:27:54 --> Session: Class initialized using 'CodeIgniter\Session\Handlers\FileHandler' driver.
INFO - 2024-11-11 09:28:06 --> Session: Class initialized using 'CodeIgniter\Session\Handlers\FileHandler' driver.
INFO - 2024-11-11 09:28:21 --> Session: Class initialized using 'CodeIgniter\Session\Handlers\FileHandler' driver.
INFO - 2024-11-11 09:29:04 --> Session: Class initialized using 'CodeIgniter\Session\Handlers\FileHandler' driver.
INFO - 2024-11-11 09:29:14 --> Session: Class initialized using 'CodeIgniter\Session\Handlers\FileHandler' driver.
INFO - 2024-11-11 09:29:14 --> getCapacities called with ID: 4
INFO - 2024-11-11 09:29:14 --> Capacities fetched: [{"id":"42","subcategory_id":"4","value":"42 L"},{"id":"43","subcategory_id":"4","value":"46 L"},{"id":"44","subcategory_id":"4","value":"47 L"},{"id":"45","subcategory_id":"4","value":"50 L"},{"id":"58","subcategory_id":"4","value":"60 L"},{"id":"59","subcategory_id":"4","value":"128 L"},{"id":"60","subcategory_id":"4","value":"133 L"}]
INFO - 2024-11-11 09:29:15 --> Session: Class initialized using 'CodeIgniter\Session\Handlers\FileHandler' driver.
INFO - 2024-11-11 09:29:16 --> fetchWarrantyOptions type: garansi_kompresor
INFO - 2024-11-11 09:29:17 --> Session: Class initialized using 'CodeIgniter\Session\Handlers\FileHandler' driver.
INFO - 2024-11-11 09:29:17 --> fetchWarrantyOptions type: garansi_kompresor
INFO - 2024-11-11 09:29:41 --> CSRF token verified.
INFO - 2024-11-11 09:29:41 --> Session: Class initialized using 'CodeIgniter\Session\Handlers\FileHandler' driver.
INFO - 2024-11-11 09:29:43 --> Session: Class initialized using 'CodeIgniter\Session\Handlers\FileHandler' driver.
INFO - 2024-11-11 09:30:59 --> CSRF token verified.
INFO - 2024-11-11 09:30:59 --> Session: Class initialized using 'CodeIgniter\Session\Handlers\FileHandler' driver.
INFO - 2024-11-11 09:31:01 --> Session: Class initialized using 'CodeIgniter\Session\Handlers\FileHandler' driver.
INFO - 2024-11-11 09:31:44 --> CSRF token verified.
INFO - 2024-11-11 09:31:44 --> Session: Class initialized using 'CodeIgniter\Session\Handlers\FileHandler' driver.
INFO - 2024-11-11 09:31:45 --> Session: Class initialized using 'CodeIgniter\Session\Handlers\FileHandler' driver.
INFO - 2024-11-11 09:32:34 --> CSRF token verified.
INFO - 2024-11-11 09:32:34 --> Session: Class initialized using 'CodeIgniter\Session\Handlers\FileHandler' driver.
INFO - 2024-11-11 09:32:35 --> Session: Class initialized using 'CodeIgniter\Session\Handlers\FileHandler' driver.
DEBUG - 2024-11-11 09:32:36 --> Inserted new confirmation: Array
(
    [product_id] => 61
    [status] => pending
    [submitted_by] => superadmin
    [brand] => COSMOS
    [category] => FREEZER
    [product_type] => T2
    [color] => MERAH
    [subcategory] => CHEST FREEZER 1 PINTU
    [capacity] => 42 L
    [ukuran] => 
    [berat] => 4
    [daya] => 2
    [pembuat] => INDONESIA
    [refrigrant] => 
    [compressor_warranty] => 1
    [sparepart_warranty] => 1
    [garansi_elemen_panas] => 
    [garansi_motor] => 
    [garansi_panel] => 
    [garansi_semua_service] => 
    [kapasitas_air_panas] => 
    [kapasitas_air_dingin] => 
    [product_dimensions] => 8 x 5 x 7 cm
    [packaging_dimensions] => -2 x 9 x 4 cm
    [pstand_dimensions] => 
    [panel_resolution] => 
    [cooling_capacity] => 
    [cspf] => 
    [advantage1] => bagus
    [advantage2] => bagus
    [advantage3] => bagus
    [advantage4] => 
    [advantage5] => 
    [advantage6] => 
    [gambar_depan] => 1731292354_a5a7d456f0f6f737a741.jpg
    [gambar_belakang] => 1731292354_c55d1e856904f4aa1be2.jpg
    [gambar_samping_kiri] => 1731292354_b58019a5e105e806b188.jpg
    [gambar_samping_kanan] => 1731292354_a44e6463e6c0a5529a22.jpg
    [gambar_atas] => 1731292354_96217e0cf3f08f41c8cb.jpeg
    [gambar_bawah] => 1731292354_944bec7c1e76914d04af.jpg
    [video_produk] => 
)

INFO - 2024-11-11 09:32:57 --> Session: Class initialized using 'CodeIgniter\Session\Handlers\FileHandler' driver.
INFO - 2024-11-11 09:33:04 --> Session: Class initialized using 'CodeIgniter\Session\Handlers\FileHandler' driver.
DEBUG - 2024-11-11 09:33:05 --> Updated confirmation: Array
(
    [product_id] => 61
    [status] => pending
    [submitted_by] => superadmin
    [brand] => COSMOS
    [category] => FREEZER
    [product_type] => T2
    [color] => MERAH
    [subcategory] => CHEST FREEZER 1 PINTU
    [capacity] => 42 L
    [ukuran] => 
    [berat] => 4
    [daya] => 2
    [pembuat] => INDONESIA
    [refrigrant] => 
    [compressor_warranty] => 1
    [sparepart_warranty] => 1
    [garansi_elemen_panas] => 
    [garansi_motor] => 
    [garansi_panel] => 
    [garansi_semua_service] => 
    [kapasitas_air_panas] => 
    [kapasitas_air_dingin] => 
    [product_dimensions] => 8 x 5 x 7 cm
    [packaging_dimensions] => -2 x 9 x 4 cm
    [pstand_dimensions] => 
    [panel_resolution] => 
    [cooling_capacity] => 
    [cspf] => 
    [advantage1] => bagus
    [advantage2] => bagus
    [advantage3] => bagus
    [advantage4] => 
    [advantage5] => 
    [advantage6] => 
    [gambar_depan] => 1731292354_a5a7d456f0f6f737a741.jpg
    [gambar_belakang] => 1731292354_c55d1e856904f4aa1be2.jpg
    [gambar_samping_kiri] => 1731292354_b58019a5e105e806b188.jpg
    [gambar_samping_kanan] => 1731292354_a44e6463e6c0a5529a22.jpg
    [gambar_atas] => 1731292354_96217e0cf3f08f41c8cb.jpeg
    [gambar_bawah] => 1731292354_944bec7c1e76914d04af.jpg
    [video_produk] => 
)

INFO - 2024-11-11 09:33:08 --> Session: Class initialized using 'CodeIgniter\Session\Handlers\FileHandler' driver.
INFO - 2024-11-11 09:33:12 --> Session: Class initialized using 'CodeIgniter\Session\Handlers\FileHandler' driver.
INFO - 2024-11-11 09:33:15 --> Session: Class initialized using 'CodeIgniter\Session\Handlers\FileHandler' driver.
INFO - 2024-11-11 09:33:19 --> Session: Class initialized using 'CodeIgniter\Session\Handlers\FileHandler' driver.
INFO - 2024-11-11 09:33:23 --> Session: Class initialized using 'CodeIgniter\Session\Handlers\FileHandler' driver.
INFO - 2024-11-11 09:33:28 --> Session: Class initialized using 'CodeIgniter\Session\Handlers\FileHandler' driver.
INFO - 2024-11-11 09:35:45 --> Session: Class initialized using 'CodeIgniter\Session\Handlers\FileHandler' driver.
INFO - 2024-11-11 09:36:14 --> Session: Class initialized using 'CodeIgniter\Session\Handlers\FileHandler' driver.
INFO - 2024-11-11 09:36:38 --> Session: Class initialized using 'CodeIgniter\Session\Handlers\FileHandler' driver.
INFO - 2024-11-11 09:36:46 --> Session: Class initialized using 'CodeIgniter\Session\Handlers\FileHandler' driver.
INFO - 2024-11-11 09:37:49 --> Session: Class initialized using 'CodeIgniter\Session\Handlers\FileHandler' driver.
INFO - 2024-11-11 09:38:00 --> Session: Class initialized using 'CodeIgniter\Session\Handlers\FileHandler' driver.
INFO - 2024-11-11 09:38:18 --> Session: Class initialized using 'CodeIgniter\Session\Handlers\FileHandler' driver.
INFO - 2024-11-11 09:38:23 --> Session: Class initialized using 'CodeIgniter\Session\Handlers\FileHandler' driver.
INFO - 2024-11-11 09:38:34 --> Session: Class initialized using 'CodeIgniter\Session\Handlers\FileHandler' driver.
INFO - 2024-11-11 09:39:49 --> Session: Class initialized using 'CodeIgniter\Session\Handlers\FileHandler' driver.
INFO - 2024-11-11 09:39:58 --> Session: Class initialized using 'CodeIgniter\Session\Handlers\FileHandler' driver.
INFO - 2024-11-11 09:40:21 --> Session: Class initialized using 'CodeIgniter\Session\Handlers\FileHandler' driver.
INFO - 2024-11-11 09:45:34 --> CSRF token verified.
INFO - 2024-11-11 09:45:34 --> Session: Class initialized using 'CodeIgniter\Session\Handlers\FileHandler' driver.
INFO - 2024-11-11 09:45:38 --> Session: Class initialized using 'CodeIgniter\Session\Handlers\FileHandler' driver.
INFO - 2024-11-11 09:45:57 --> Session: Class initialized using 'CodeIgniter\Session\Handlers\FileHandler' driver.
INFO - 2024-11-11 09:46:10 --> Session: Class initialized using 'CodeIgniter\Session\Handlers\FileHandler' driver.
INFO - 2024-11-11 10:05:15 --> Session: Class initialized using 'CodeIgniter\Session\Handlers\FileHandler' driver.
INFO - 2024-11-11 10:05:43 --> Session: Class initialized using 'CodeIgniter\Session\Handlers\FileHandler' driver.
INFO - 2024-11-11 10:05:57 --> Session: Class initialized using 'CodeIgniter\Session\Handlers\FileHandler' driver.
INFO - 2024-11-11 10:06:10 --> Session: Class initialized using 'CodeIgniter\Session\Handlers\FileHandler' driver.
INFO - 2024-11-11 10:06:18 --> Session: Class initialized using 'CodeIgniter\Session\Handlers\FileHandler' driver.
INFO - 2024-11-11 10:06:18 --> getCapacities called with ID: 20
INFO - 2024-11-11 10:06:18 --> Capacities fetched: []
INFO - 2024-11-11 10:06:19 --> Session: Class initialized using 'CodeIgniter\Session\Handlers\FileHandler' driver.
INFO - 2024-11-11 10:06:19 --> fetchWarrantyOptions type: garansi_kompresor
INFO - 2024-11-11 10:06:20 --> Session: Class initialized using 'CodeIgniter\Session\Handlers\FileHandler' driver.
INFO - 2024-11-11 10:06:20 --> fetchWarrantyOptions type: garansi_kompresor
INFO - 2024-11-11 10:40:05 --> Session: Class initialized using 'CodeIgniter\Session\Handlers\FileHandler' driver.
INFO - 2024-11-11 10:53:03 --> Session: Class initialized using 'CodeIgniter\Session\Handlers\FileHandler' driver.
INFO - 2024-11-11 10:53:08 --> Session: Class initialized using 'CodeIgniter\Session\Handlers\FileHandler' driver.
INFO - 2024-11-11 10:53:17 --> Session: Class initialized using 'CodeIgniter\Session\Handlers\FileHandler' driver.
INFO - 2024-11-11 10:53:35 --> Session: Class initialized using 'CodeIgniter\Session\Handlers\FileHandler' driver.
INFO - 2024-11-11 10:53:49 --> CSRF token verified.
INFO - 2024-11-11 10:53:49 --> Session: Class initialized using 'CodeIgniter\Session\Handlers\FileHandler' driver.
INFO - 2024-11-11 10:53:50 --> Session: Class initialized using 'CodeIgniter\Session\Handlers\FileHandler' driver.
INFO - 2024-11-11 11:36:10 --> Session: Class initialized using 'CodeIgniter\Session\Handlers\FileHandler' driver.
INFO - 2024-11-11 11:36:24 --> Session: Class initialized using 'CodeIgniter\Session\Handlers\FileHandler' driver.
INFO - 2024-11-11 11:36:35 --> Session: Class initialized using 'CodeIgniter\Session\Handlers\FileHandler' driver.
INFO - 2024-11-11 11:36:45 --> Session: Class initialized using 'CodeIgniter\Session\Handlers\FileHandler' driver.
INFO - 2024-11-11 11:36:51 --> Session: Class initialized using 'CodeIgniter\Session\Handlers\FileHandler' driver.
INFO - 2024-11-11 11:36:51 --> getCapacities called with ID: 6
INFO - 2024-11-11 11:36:51 --> Capacities fetched: []
INFO - 2024-11-11 11:36:52 --> Session: Class initialized using 'CodeIgniter\Session\Handlers\FileHandler' driver.
INFO - 2024-11-11 11:36:52 --> fetchWarrantyOptions type: garansi_kompresor
INFO - 2024-11-11 11:36:53 --> Session: Class initialized using 'CodeIgniter\Session\Handlers\FileHandler' driver.
INFO - 2024-11-11 11:36:53 --> fetchWarrantyOptions type: garansi_kompresor
INFO - 2024-11-11 11:37:33 --> Session: Class initialized using 'CodeIgniter\Session\Handlers\FileHandler' driver.
INFO - 2024-11-11 11:37:33 --> getCapacities called with ID: 21
INFO - 2024-11-11 11:37:33 --> Capacities fetched: [{"id":"46","subcategory_id":"21","value":"42 L"},{"id":"47","subcategory_id":"21","value":"46 L"},{"id":"48","subcategory_id":"21","value":"47 L"},{"id":"49","subcategory_id":"21","value":"50 L"}]
INFO - 2024-11-11 11:37:34 --> Session: Class initialized using 'CodeIgniter\Session\Handlers\FileHandler' driver.
INFO - 2024-11-11 11:37:34 --> fetchWarrantyOptions type: garansi_kompresor
INFO - 2024-11-11 11:37:35 --> Session: Class initialized using 'CodeIgniter\Session\Handlers\FileHandler' driver.
INFO - 2024-11-11 11:37:35 --> fetchWarrantyOptions type: garansi_kompresor
INFO - 2024-11-11 11:37:47 --> CSRF token verified.
INFO - 2024-11-11 11:37:47 --> Session: Class initialized using 'CodeIgniter\Session\Handlers\FileHandler' driver.
INFO - 2024-11-11 11:37:48 --> Session: Class initialized using 'CodeIgniter\Session\Handlers\FileHandler' driver.
INFO - 2024-11-11 11:38:23 --> CSRF token verified.
INFO - 2024-11-11 11:38:23 --> Session: Class initialized using 'CodeIgniter\Session\Handlers\FileHandler' driver.
INFO - 2024-11-11 11:38:24 --> Session: Class initialized using 'CodeIgniter\Session\Handlers\FileHandler' driver.
INFO - 2024-11-11 11:38:38 --> CSRF token verified.
INFO - 2024-11-11 11:38:38 --> Session: Class initialized using 'CodeIgniter\Session\Handlers\FileHandler' driver.
INFO - 2024-11-11 11:38:39 --> Session: Class initialized using 'CodeIgniter\Session\Handlers\FileHandler' driver.
INFO - 2024-11-11 11:39:15 --> CSRF token verified.
INFO - 2024-11-11 11:39:15 --> Session: Class initialized using 'CodeIgniter\Session\Handlers\FileHandler' driver.
INFO - 2024-11-11 11:39:16 --> Session: Class initialized using 'CodeIgniter\Session\Handlers\FileHandler' driver.
DEBUG - 2024-11-11 11:39:16 --> Inserted new confirmation: Array
(
    [product_id] => 62
    [status] => pending
    [submitted_by] => superadmin
    [brand] => ADVAN
    [category] => KULKAS
    [product_type] => T2
    [color] => MERAH
    [subcategory] => KULKAS PORTABLE
    [capacity] => 42 L
    [ukuran] => 
    [berat] => 5
    [daya] => 8
    [pembuat] => INDONESIA
    [refrigrant] => 
    [compressor_warranty] => 1
    [sparepart_warranty] => 1
    [garansi_elemen_panas] => 
    [garansi_motor] => 
    [garansi_panel] => 
    [garansi_semua_service] => 
    [kapasitas_air_panas] => 
    [kapasitas_air_dingin] => 
    [product_dimensions] => 11 x 5 x 7 cm
    [packaging_dimensions] => 4 x 5 x 4 cm
    [pstand_dimensions] => 
    [panel_resolution] => 
    [cooling_capacity] => 
    [cspf] => 
    [advantage1] => bagus
    [advantage2] => bagus
    [advantage3] => bagus
    [advantage4] => 
    [advantage5] => 
    [advantage6] => 
    [gambar_depan] => 1731299956_e1ff3afd1cebde6c5257.jpg
    [gambar_belakang] => 1731299956_65a6ffae5a7d399b48bd.jpeg
    [gambar_samping_kiri] => 1731299956_4e2f35678670cee73211.jpg
    [gambar_samping_kanan] => 1731299956_c3fa90b700ab7d0010ef.jpg
    [gambar_atas] => 1731299956_b62f6baef540751837d4.jpg
    [gambar_bawah] => 1731299956_1ae7ef2e483eafe5bd2c.jpg
    [video_produk] => 
)

INFO - 2024-11-11 11:39:33 --> CSRF token verified.
INFO - 2024-11-11 11:39:33 --> Session: Class initialized using 'CodeIgniter\Session\Handlers\FileHandler' driver.
INFO - 2024-11-11 11:39:34 --> Session: Class initialized using 'CodeIgniter\Session\Handlers\FileHandler' driver.
INFO - 2024-11-11 11:39:40 --> Session: Class initialized using 'CodeIgniter\Session\Handlers\FileHandler' driver.
INFO - 2024-11-11 11:39:41 --> Session: Class initialized using 'CodeIgniter\Session\Handlers\FileHandler' driver.
INFO - 2024-11-11 11:39:53 --> CSRF token verified.
INFO - 2024-11-11 11:39:53 --> Session: Class initialized using 'CodeIgniter\Session\Handlers\FileHandler' driver.
INFO - 2024-11-11 11:39:55 --> Session: Class initialized using 'CodeIgniter\Session\Handlers\FileHandler' driver.
INFO - 2024-11-11 11:42:26 --> Session: Class initialized using 'CodeIgniter\Session\Handlers\FileHandler' driver.
INFO - 2024-11-11 13:21:51 --> Session: Class initialized using 'CodeIgniter\Session\Handlers\FileHandler' driver.
INFO - 2024-11-11 13:56:18 --> Session: Class initialized using 'CodeIgniter\Session\Handlers\FileHandler' driver.
INFO - 2024-11-11 13:57:01 --> Session: Class initialized using 'CodeIgniter\Session\Handlers\FileHandler' driver.
INFO - 2024-11-11 13:57:29 --> Session: Class initialized using 'CodeIgniter\Session\Handlers\FileHandler' driver.
INFO - 2024-11-11 13:57:38 --> Session: Class initialized using 'CodeIgniter\Session\Handlers\FileHandler' driver.
INFO - 2024-11-11 13:57:41 --> Session: Class initialized using 'CodeIgniter\Session\Handlers\FileHandler' driver.
INFO - 2024-11-11 13:57:41 --> getCapacities called with ID: 20
INFO - 2024-11-11 13:57:41 --> Capacities fetched: []
INFO - 2024-11-11 13:57:41 --> Session: Class initialized using 'CodeIgniter\Session\Handlers\FileHandler' driver.
INFO - 2024-11-11 13:57:42 --> fetchWarrantyOptions type: garansi_kompresor
INFO - 2024-11-11 13:57:42 --> Session: Class initialized using 'CodeIgniter\Session\Handlers\FileHandler' driver.
INFO - 2024-11-11 13:57:42 --> fetchWarrantyOptions type: garansi_kompresor
INFO - 2024-11-11 13:57:44 --> Session: Class initialized using 'CodeIgniter\Session\Handlers\FileHandler' driver.
INFO - 2024-11-11 13:57:44 --> getCapacities called with ID: 21
INFO - 2024-11-11 13:57:44 --> Capacities fetched: [{"id":"46","subcategory_id":"21","value":"42 L"},{"id":"47","subcategory_id":"21","value":"46 L"},{"id":"48","subcategory_id":"21","value":"47 L"},{"id":"49","subcategory_id":"21","value":"50 L"}]
INFO - 2024-11-11 13:57:45 --> Session: Class initialized using 'CodeIgniter\Session\Handlers\FileHandler' driver.
INFO - 2024-11-11 13:57:45 --> fetchWarrantyOptions type: garansi_kompresor
INFO - 2024-11-11 13:57:46 --> Session: Class initialized using 'CodeIgniter\Session\Handlers\FileHandler' driver.
INFO - 2024-11-11 13:57:46 --> fetchWarrantyOptions type: garansi_kompresor
INFO - 2024-11-11 13:58:04 --> CSRF token verified.
INFO - 2024-11-11 13:58:04 --> Session: Class initialized using 'CodeIgniter\Session\Handlers\FileHandler' driver.
INFO - 2024-11-11 13:58:05 --> Session: Class initialized using 'CodeIgniter\Session\Handlers\FileHandler' driver.
INFO - 2024-11-11 14:19:18 --> Session: Class initialized using 'CodeIgniter\Session\Handlers\FileHandler' driver.
INFO - 2024-11-11 14:19:20 --> Session: Class initialized using 'CodeIgniter\Session\Handlers\FileHandler' driver.
INFO - 2024-11-11 14:19:33 --> Session: Class initialized using 'CodeIgniter\Session\Handlers\FileHandler' driver.
INFO - 2024-11-11 14:19:42 --> Session: Class initialized using 'CodeIgniter\Session\Handlers\FileHandler' driver.
INFO - 2024-11-11 14:20:21 --> Session: Class initialized using 'CodeIgniter\Session\Handlers\FileHandler' driver.
INFO - 2024-11-11 14:20:31 --> Session: Class initialized using 'CodeIgniter\Session\Handlers\FileHandler' driver.
INFO - 2024-11-11 14:54:33 --> Session: Class initialized using 'CodeIgniter\Session\Handlers\FileHandler' driver.
INFO - 2024-11-11 14:54:42 --> Session: Class initialized using 'CodeIgniter\Session\Handlers\FileHandler' driver.
