CRITICAL - 2024-10-11 10:04:30 --> ErrorException: Undefined property: App\Controllers\BrandController::$companyData
[Method: GET, Route: brands]
in APPPATH\Controllers\BrandController.php on line 13.
 1 APPPATH\Controllers\BrandController.php(13): CodeIgniter\Debug\Exceptions->errorHandler(2, 'Undefined property: App\\Controllers\\BrandController::$companyData', 'E:\\Magang\\product_registration\\app\\Controllers\\BrandController.php', 13)
 2 SYSTEMPATH\CodeIgniter.php(933): App\Controllers\BrandController->index()
 3 SYSTEMPATH\CodeIgniter.php(509): CodeIgniter\CodeIgniter->runController(Object(App\Controllers\BrandController))
 4 SYSTEMPATH\CodeIgniter.php(355): CodeIgniter\CodeIgniter->handleRequest(null, Object(Config\Cache), false)
 5 SYSTEMPATH\Boot.php(325): CodeIgniter\CodeIgniter->run()
 6 SYSTEMPATH\Boot.php(67): CodeIgniter\Boot::runCodeIgniter(Object(CodeIgniter\CodeIgniter))
 7 FCPATH\index.php(56): CodeIgniter\Boot::bootWeb(Object(Config\Paths))
 8 SYSTEMPATH\rewrite.php(44): require_once('E:\\Magang\\product_registration\\public\\index.php')
CRITICAL - 2024-10-11 10:08:09 --> ErrorException: Undefined property: App\Controllers\BrandController::$companyData
[Method: GET, Route: brands]
in APPPATH\Controllers\BrandController.php on line 13.
 1 APPPATH\Controllers\BrandController.php(13): CodeIgniter\Debug\Exceptions->errorHandler(2, 'Undefined property: App\\Controllers\\BrandController::$companyData', 'E:\\Magang\\product_registration\\app\\Controllers\\BrandController.php', 13)
 2 SYSTEMPATH\CodeIgniter.php(933): App\Controllers\BrandController->index()
 3 SYSTEMPATH\CodeIgniter.php(509): CodeIgniter\CodeIgniter->runController(Object(App\Controllers\BrandController))
 4 SYSTEMPATH\CodeIgniter.php(355): CodeIgniter\CodeIgniter->handleRequest(null, Object(Config\Cache), false)
 5 SYSTEMPATH\Boot.php(325): CodeIgniter\CodeIgniter->run()
 6 SYSTEMPATH\Boot.php(67): CodeIgniter\Boot::runCodeIgniter(Object(CodeIgniter\CodeIgniter))
 7 FCPATH\index.php(56): CodeIgniter\Boot::bootWeb(Object(Config\Paths))
 8 SYSTEMPATH\rewrite.php(44): require_once('E:\\Magang\\product_registration\\public\\index.php')
CRITICAL - 2024-10-11 10:09:58 --> ErrorException: Undefined property: App\Controllers\BrandController::$companyData
[Method: GET, Route: brands]
in APPPATH\Controllers\BrandController.php on line 13.
 1 APPPATH\Controllers\BrandController.php(13): CodeIgniter\Debug\Exceptions->errorHandler(2, 'Undefined property: App\\Controllers\\BrandController::$companyData', 'E:\\Magang\\product_registration\\app\\Controllers\\BrandController.php', 13)
 2 SYSTEMPATH\CodeIgniter.php(933): App\Controllers\BrandController->index()
 3 SYSTEMPATH\CodeIgniter.php(509): CodeIgniter\CodeIgniter->runController(Object(App\Controllers\BrandController))
 4 SYSTEMPATH\CodeIgniter.php(355): CodeIgniter\CodeIgniter->handleRequest(null, Object(Config\Cache), false)
 5 SYSTEMPATH\Boot.php(325): CodeIgniter\CodeIgniter->run()
 6 SYSTEMPATH\Boot.php(67): CodeIgniter\Boot::runCodeIgniter(Object(CodeIgniter\CodeIgniter))
 7 FCPATH\index.php(56): CodeIgniter\Boot::bootWeb(Object(Config\Paths))
 8 SYSTEMPATH\rewrite.php(44): require_once('E:\\Magang\\product_registration\\public\\index.php')
INFO - 2024-10-11 10:10:01 --> Session: Class initialized using 'CodeIgniter\Session\Handlers\FileHandler' driver.
CRITICAL - 2024-10-11 10:10:01 --> ErrorException: Undefined property: App\Controllers\BrandController::$companyData
[Method: GET, Route: brands]
in APPPATH\Controllers\BrandController.php on line 13.
 1 APPPATH\Controllers\BrandController.php(13): CodeIgniter\Debug\Exceptions->errorHandler(2, 'Undefined property: App\\Controllers\\BrandController::$companyData', 'E:\\Magang\\product_registration\\app\\Controllers\\BrandController.php', 13)
 2 SYSTEMPATH\CodeIgniter.php(933): App\Controllers\BrandController->index()
 3 SYSTEMPATH\CodeIgniter.php(509): CodeIgniter\CodeIgniter->runController(Object(App\Controllers\BrandController))
 4 SYSTEMPATH\CodeIgniter.php(355): CodeIgniter\CodeIgniter->handleRequest(null, Object(Config\Cache), false)
 5 SYSTEMPATH\Boot.php(325): CodeIgniter\CodeIgniter->run()
 6 SYSTEMPATH\Boot.php(67): CodeIgniter\Boot::runCodeIgniter(Object(CodeIgniter\CodeIgniter))
 7 FCPATH\index.php(56): CodeIgniter\Boot::bootWeb(Object(Config\Paths))
 8 SYSTEMPATH\rewrite.php(44): require_once('E:\\Magang\\product_registration\\public\\index.php')
CRITICAL - 2024-10-11 10:12:26 --> ErrorException: Undefined variable $BrandModel
[Method: GET, Route: brands]
in APPPATH\Controllers\BrandController.php on line 12.
 1 APPPATH\Controllers\BrandController.php(12): CodeIgniter\Debug\Exceptions->errorHandler(2, 'Undefined variable $BrandModel', 'E:\\Magang\\product_registration\\app\\Controllers\\BrandController.php', 12)
 2 SYSTEMPATH\CodeIgniter.php(933): App\Controllers\BrandController->index()
 3 SYSTEMPATH\CodeIgniter.php(509): CodeIgniter\CodeIgniter->runController(Object(App\Controllers\BrandController))
 4 SYSTEMPATH\CodeIgniter.php(355): CodeIgniter\CodeIgniter->handleRequest(null, Object(Config\Cache), false)
 5 SYSTEMPATH\Boot.php(325): CodeIgniter\CodeIgniter->run()
 6 SYSTEMPATH\Boot.php(67): CodeIgniter\Boot::runCodeIgniter(Object(CodeIgniter\CodeIgniter))
 7 FCPATH\index.php(56): CodeIgniter\Boot::bootWeb(Object(Config\Paths))
 8 SYSTEMPATH\rewrite.php(44): require_once('E:\\Magang\\product_registration\\public\\index.php')
CRITICAL - 2024-10-11 10:13:30 --> ErrorException: Undefined variable $BrandModel
[Method: GET, Route: brands]
in APPPATH\Controllers\BrandController.php on line 13.
 1 APPPATH\Controllers\BrandController.php(13): CodeIgniter\Debug\Exceptions->errorHandler(2, 'Undefined variable $BrandModel', 'E:\\Magang\\product_registration\\app\\Controllers\\BrandController.php', 13)
 2 SYSTEMPATH\CodeIgniter.php(933): App\Controllers\BrandController->index()
 3 SYSTEMPATH\CodeIgniter.php(509): CodeIgniter\CodeIgniter->runController(Object(App\Controllers\BrandController))
 4 SYSTEMPATH\CodeIgniter.php(355): CodeIgniter\CodeIgniter->handleRequest(null, Object(Config\Cache), false)
 5 SYSTEMPATH\Boot.php(325): CodeIgniter\CodeIgniter->run()
 6 SYSTEMPATH\Boot.php(67): CodeIgniter\Boot::runCodeIgniter(Object(CodeIgniter\CodeIgniter))
 7 FCPATH\index.php(56): CodeIgniter\Boot::bootWeb(Object(Config\Paths))
 8 SYSTEMPATH\rewrite.php(44): require_once('E:\\Magang\\product_registration\\public\\index.php')
ERROR - 2024-10-11 10:13:38 --> Error connecting to the database: mysqli_sql_exception: Access denied for user 'root'@'localhost' (using password: YES) in E:\Magang\product_registration\system\Database\MySQLi\Connection.php:186
Stack trace:
#0 E:\Magang\product_registration\system\Database\MySQLi\Connection.php(186): mysqli->real_connect('localhost', 'root', Object(SensitiveParameterValue), 'ci4', 3306, '', 0)
#1 E:\Magang\product_registration\system\Database\BaseConnection.php(421): CodeIgniter\Database\MySQLi\Connection->connect(false)
#2 E:\Magang\product_registration\system\Database\BaseConnection.php(616): CodeIgniter\Database\BaseConnection->initialize()
#3 E:\Magang\product_registration\system\Database\BaseBuilder.php(1644): CodeIgniter\Database\BaseConnection->query('SELECT *\nFROM `...', Array, false)
#4 E:\Magang\product_registration\system\Model.php(286): CodeIgniter\Database\BaseBuilder->get()
#5 E:\Magang\product_registration\system\BaseModel.php(676): CodeIgniter\Model->doFindAll(0, 0)
#6 E:\Magang\product_registration\app\Controllers\BrandController.php(13): CodeIgniter\BaseModel->findAll()
#7 E:\Magang\product_registration\system\CodeIgniter.php(933): App\Controllers\BrandController->index()
#8 E:\Magang\product_registration\system\CodeIgniter.php(509): CodeIgniter\CodeIgniter->runController(Object(App\Controllers\BrandController))
#9 E:\Magang\product_registration\system\CodeIgniter.php(355): CodeIgniter\CodeIgniter->handleRequest(NULL, Object(Config\Cache), false)
#10 E:\Magang\product_registration\system\Boot.php(325): CodeIgniter\CodeIgniter->run()
#11 E:\Magang\product_registration\system\Boot.php(67): CodeIgniter\Boot::runCodeIgniter(Object(CodeIgniter\CodeIgniter))
#12 E:\Magang\product_registration\public\index.php(56): CodeIgniter\Boot::bootWeb(Object(Config\Paths))
#13 E:\Magang\product_registration\system\rewrite.php(44): require_once('E:\\Magang\\produ...')
#14 {main}

Next CodeIgniter\Database\Exceptions\DatabaseException: Access denied for user '****'@'localhost' (using password: YES) in E:\Magang\product_registration\system\Database\MySQLi\Connection.php:231
Stack trace:
#0 E:\Magang\product_registration\system\Database\BaseConnection.php(421): CodeIgniter\Database\MySQLi\Connection->connect(false)
#1 E:\Magang\product_registration\system\Database\BaseConnection.php(616): CodeIgniter\Database\BaseConnection->initialize()
#2 E:\Magang\product_registration\system\Database\BaseBuilder.php(1644): CodeIgniter\Database\BaseConnection->query('SELECT *\nFROM `...', Array, false)
#3 E:\Magang\product_registration\system\Model.php(286): CodeIgniter\Database\BaseBuilder->get()
#4 E:\Magang\product_registration\system\BaseModel.php(676): CodeIgniter\Model->doFindAll(0, 0)
#5 E:\Magang\product_registration\app\Controllers\BrandController.php(13): CodeIgniter\BaseModel->findAll()
#6 E:\Magang\product_registration\system\CodeIgniter.php(933): App\Controllers\BrandController->index()
#7 E:\Magang\product_registration\system\CodeIgniter.php(509): CodeIgniter\CodeIgniter->runController(Object(App\Controllers\BrandController))
#8 E:\Magang\product_registration\system\CodeIgniter.php(355): CodeIgniter\CodeIgniter->handleRequest(NULL, Object(Config\Cache), false)
#9 E:\Magang\product_registration\system\Boot.php(325): CodeIgniter\CodeIgniter->run()
#10 E:\Magang\product_registration\system\Boot.php(67): CodeIgniter\Boot::runCodeIgniter(Object(CodeIgniter\CodeIgniter))
#11 E:\Magang\product_registration\public\index.php(56): CodeIgniter\Boot::bootWeb(Object(Config\Paths))
#12 E:\Magang\product_registration\system\rewrite.php(44): require_once('E:\\Magang\\produ...')
#13 {main}
CRITICAL - 2024-10-11 10:13:38 --> CodeIgniter\Database\Exceptions\DatabaseException: Unable to connect to the database.
Main connection [MySQLi]: Access denied for user '****'@'localhost' (using password: YES)
[Method: GET, Route: brands]
in SYSTEMPATH\Database\BaseConnection.php on line 467.
 1 SYSTEMPATH\Database\BaseConnection.php(616): CodeIgniter\Database\BaseConnection->initialize()
 2 SYSTEMPATH\Database\BaseBuilder.php(1644): CodeIgniter\Database\BaseConnection->query('SELECT *
FROM `brands`', [], false)
 3 SYSTEMPATH\Model.php(286): CodeIgniter\Database\BaseBuilder->get()
 4 SYSTEMPATH\BaseModel.php(676): CodeIgniter\Model->doFindAll(0, 0)
 5 APPPATH\Controllers\BrandController.php(13): CodeIgniter\BaseModel->findAll()
 6 SYSTEMPATH\CodeIgniter.php(933): App\Controllers\BrandController->index()
 7 SYSTEMPATH\CodeIgniter.php(509): CodeIgniter\CodeIgniter->runController(Object(App\Controllers\BrandController))
 8 SYSTEMPATH\CodeIgniter.php(355): CodeIgniter\CodeIgniter->handleRequest(null, Object(Config\Cache), false)
 9 SYSTEMPATH\Boot.php(325): CodeIgniter\CodeIgniter->run()
10 SYSTEMPATH\Boot.php(67): CodeIgniter\Boot::runCodeIgniter(Object(CodeIgniter\CodeIgniter))
11 FCPATH\index.php(56): CodeIgniter\Boot::bootWeb(Object(Config\Paths))
12 SYSTEMPATH\rewrite.php(44): require_once('E:\\Magang\\product_registration\\public\\index.php')
CRITICAL - 2024-10-11 10:37:21 --> ErrorException: Undefined variable $member
[Method: GET, Route: brands]
in APPPATH\Views\brand.php on line 46.
 1 APPPATH\Views\brand.php(46): CodeIgniter\Debug\Exceptions->errorHandler(2, 'Undefined variable $member', 'E:\\Magang\\product_registration\\app\\Views\\brand.php', 46)
 2 SYSTEMPATH\View\View.php(234): include('E:\\Magang\\product_registration\\app\\Views\\brand.php')
 3 SYSTEMPATH\View\View.php(237): CodeIgniter\View\View->CodeIgniter\View\{closure}()
 4 SYSTEMPATH\Common.php(1171): CodeIgniter\View\View->render('brand', [], true)
 5 APPPATH\Controllers\BrandController.php(16): view('brand', [...])
 6 SYSTEMPATH\CodeIgniter.php(933): App\Controllers\BrandController->index()
 7 SYSTEMPATH\CodeIgniter.php(509): CodeIgniter\CodeIgniter->runController(Object(App\Controllers\BrandController))
 8 SYSTEMPATH\CodeIgniter.php(355): CodeIgniter\CodeIgniter->handleRequest(null, Object(Config\Cache), false)
 9 SYSTEMPATH\Boot.php(325): CodeIgniter\CodeIgniter->run()
10 SYSTEMPATH\Boot.php(67): CodeIgniter\Boot::runCodeIgniter(Object(CodeIgniter\CodeIgniter))
11 FCPATH\index.php(56): CodeIgniter\Boot::bootWeb(Object(Config\Paths))
12 SYSTEMPATH\rewrite.php(44): require_once('E:\\Magang\\product_registration\\public\\index.php')
CRITICAL - 2024-10-11 10:37:24 --> ErrorException: Undefined variable $member
[Method: GET, Route: brands]
in APPPATH\Views\brand.php on line 46.
 1 APPPATH\Views\brand.php(46): CodeIgniter\Debug\Exceptions->errorHandler(2, 'Undefined variable $member', 'E:\\Magang\\product_registration\\app\\Views\\brand.php', 46)
 2 SYSTEMPATH\View\View.php(234): include('E:\\Magang\\product_registration\\app\\Views\\brand.php')
 3 SYSTEMPATH\View\View.php(237): CodeIgniter\View\View->CodeIgniter\View\{closure}()
 4 SYSTEMPATH\Common.php(1171): CodeIgniter\View\View->render('brand', [], true)
 5 APPPATH\Controllers\BrandController.php(16): view('brand', [...])
 6 SYSTEMPATH\CodeIgniter.php(933): App\Controllers\BrandController->index()
 7 SYSTEMPATH\CodeIgniter.php(509): CodeIgniter\CodeIgniter->runController(Object(App\Controllers\BrandController))
 8 SYSTEMPATH\CodeIgniter.php(355): CodeIgniter\CodeIgniter->handleRequest(null, Object(Config\Cache), false)
 9 SYSTEMPATH\Boot.php(325): CodeIgniter\CodeIgniter->run()
10 SYSTEMPATH\Boot.php(67): CodeIgniter\Boot::runCodeIgniter(Object(CodeIgniter\CodeIgniter))
11 FCPATH\index.php(56): CodeIgniter\Boot::bootWeb(Object(Config\Paths))
12 SYSTEMPATH\rewrite.php(44): require_once('E:\\Magang\\product_registration\\public\\index.php')
CRITICAL - 2024-10-11 11:10:46 --> ErrorException: Undefined variable $teamModel
[Method: POST, Route: brand/saveBrand]
in APPPATH\Controllers\BrandController.php on line 33.
 1 APPPATH\Controllers\BrandController.php(33): CodeIgniter\Debug\Exceptions->errorHandler(2, 'Undefined variable $teamModel', 'E:\\Magang\\product_registration\\app\\Controllers\\BrandController.php', 33)
 2 SYSTEMPATH\CodeIgniter.php(933): App\Controllers\BrandController->saveBrand()
 3 SYSTEMPATH\CodeIgniter.php(509): CodeIgniter\CodeIgniter->runController(Object(App\Controllers\BrandController))
 4 SYSTEMPATH\CodeIgniter.php(355): CodeIgniter\CodeIgniter->handleRequest(null, Object(Config\Cache), false)
 5 SYSTEMPATH\Boot.php(325): CodeIgniter\CodeIgniter->run()
 6 SYSTEMPATH\Boot.php(67): CodeIgniter\Boot::runCodeIgniter(Object(CodeIgniter\CodeIgniter))
 7 FCPATH\index.php(56): CodeIgniter\Boot::bootWeb(Object(Config\Paths))
 8 SYSTEMPATH\rewrite.php(44): require_once('E:\\Magang\\product_registration\\public\\index.php')
ERROR - 2024-10-11 11:11:18 --> mysqli_sql_exception: Column 'code' cannot be null in E:\Magang\product_registration\system\Database\MySQLi\Connection.php:312
Stack trace:
#0 E:\Magang\product_registration\system\Database\MySQLi\Connection.php(312): mysqli->query('INSERT INTO `br...', 0)
#1 E:\Magang\product_registration\system\Database\BaseConnection.php(734): CodeIgniter\Database\MySQLi\Connection->execute('INSERT INTO `br...')
#2 E:\Magang\product_registration\system\Database\BaseConnection.php(648): CodeIgniter\Database\BaseConnection->simpleQuery('INSERT INTO `br...')
#3 E:\Magang\product_registration\system\Database\BaseBuilder.php(2340): CodeIgniter\Database\BaseConnection->query('INSERT INTO `br...', Array, false)
#4 E:\Magang\product_registration\system\Model.php(394): CodeIgniter\Database\BaseBuilder->insert()
#5 E:\Magang\product_registration\system\BaseModel.php(840): CodeIgniter\Model->doInsert(Array)
#6 E:\Magang\product_registration\system\Model.php(802): CodeIgniter\BaseModel->insert(Array, false)
#7 E:\Magang\product_registration\system\BaseModel.php(751): CodeIgniter\Model->insert(Array, false)
#8 E:\Magang\product_registration\app\Controllers\BrandController.php(33): CodeIgniter\BaseModel->save(Array)
#9 E:\Magang\product_registration\system\CodeIgniter.php(933): App\Controllers\BrandController->saveBrand()
#10 E:\Magang\product_registration\system\CodeIgniter.php(509): CodeIgniter\CodeIgniter->runController(Object(App\Controllers\BrandController))
#11 E:\Magang\product_registration\system\CodeIgniter.php(355): CodeIgniter\CodeIgniter->handleRequest(NULL, Object(Config\Cache), false)
#12 E:\Magang\product_registration\system\Boot.php(325): CodeIgniter\CodeIgniter->run()
#13 E:\Magang\product_registration\system\Boot.php(67): CodeIgniter\Boot::runCodeIgniter(Object(CodeIgniter\CodeIgniter))
#14 E:\Magang\product_registration\public\index.php(56): CodeIgniter\Boot::bootWeb(Object(Config\Paths))
#15 E:\Magang\product_registration\system\rewrite.php(44): require_once('E:\\Magang\\produ...')
#16 {main}
CRITICAL - 2024-10-11 11:11:18 --> CodeIgniter\Database\Exceptions\DatabaseException: Column 'code' cannot be null
[Method: POST, Route: brand/saveBrand]
in SYSTEMPATH\Database\BaseConnection.php on line 688.
 1 SYSTEMPATH\Database\BaseBuilder.php(2340): CodeIgniter\Database\BaseConnection->query('INSERT INTO `brands` (`code`, `name`) VALUES (:code:, :name:)', [...], false)
 2 SYSTEMPATH\Model.php(394): CodeIgniter\Database\BaseBuilder->insert()
 3 SYSTEMPATH\BaseModel.php(840): CodeIgniter\Model->doInsert([...])
 4 SYSTEMPATH\Model.php(802): CodeIgniter\BaseModel->insert([...], false)
 5 SYSTEMPATH\BaseModel.php(751): CodeIgniter\Model->insert([...], false)
 6 APPPATH\Controllers\BrandController.php(33): CodeIgniter\BaseModel->save([...])
 7 SYSTEMPATH\CodeIgniter.php(933): App\Controllers\BrandController->saveBrand()
 8 SYSTEMPATH\CodeIgniter.php(509): CodeIgniter\CodeIgniter->runController(Object(App\Controllers\BrandController))
 9 SYSTEMPATH\CodeIgniter.php(355): CodeIgniter\CodeIgniter->handleRequest(null, Object(Config\Cache), false)
10 SYSTEMPATH\Boot.php(325): CodeIgniter\CodeIgniter->run()
11 SYSTEMPATH\Boot.php(67): CodeIgniter\Boot::runCodeIgniter(Object(CodeIgniter\CodeIgniter))
12 FCPATH\index.php(56): CodeIgniter\Boot::bootWeb(Object(Config\Paths))
13 SYSTEMPATH\rewrite.php(44): require_once('E:\\Magang\\product_registration\\public\\index.php')
CRITICAL - 2024-10-11 11:11:18 --> [Caused by] CodeIgniter\Database\Exceptions\DatabaseException: Column 'code' cannot be null
in SYSTEMPATH\Database\MySQLi\Connection.php on line 317.
 1 SYSTEMPATH\Database\BaseConnection.php(734): CodeIgniter\Database\MySQLi\Connection->execute('INSERT INTO `brands` (`code`, `name`) VALUES (NULL, NULL)')
 2 SYSTEMPATH\Database\BaseConnection.php(648): CodeIgniter\Database\BaseConnection->simpleQuery('INSERT INTO `brands` (`code`, `name`) VALUES (NULL, NULL)')
 3 SYSTEMPATH\Database\BaseBuilder.php(2340): CodeIgniter\Database\BaseConnection->query('INSERT INTO `brands` (`code`, `name`) VALUES (:code:, :name:)', [...], false)
 4 SYSTEMPATH\Model.php(394): CodeIgniter\Database\BaseBuilder->insert()
 5 SYSTEMPATH\BaseModel.php(840): CodeIgniter\Model->doInsert([...])
 6 SYSTEMPATH\Model.php(802): CodeIgniter\BaseModel->insert([...], false)
 7 SYSTEMPATH\BaseModel.php(751): CodeIgniter\Model->insert([...], false)
 8 APPPATH\Controllers\BrandController.php(33): CodeIgniter\BaseModel->save([...])
 9 SYSTEMPATH\CodeIgniter.php(933): App\Controllers\BrandController->saveBrand()
10 SYSTEMPATH\CodeIgniter.php(509): CodeIgniter\CodeIgniter->runController(Object(App\Controllers\BrandController))
11 SYSTEMPATH\CodeIgniter.php(355): CodeIgniter\CodeIgniter->handleRequest(null, Object(Config\Cache), false)
12 SYSTEMPATH\Boot.php(325): CodeIgniter\CodeIgniter->run()
13 SYSTEMPATH\Boot.php(67): CodeIgniter\Boot::runCodeIgniter(Object(CodeIgniter\CodeIgniter))
14 FCPATH\index.php(56): CodeIgniter\Boot::bootWeb(Object(Config\Paths))
15 SYSTEMPATH\rewrite.php(44): require_once('E:\\Magang\\product_registration\\public\\index.php')
CRITICAL - 2024-10-11 11:11:18 --> [Caused by] mysqli_sql_exception: Column 'code' cannot be null
in SYSTEMPATH\Database\MySQLi\Connection.php on line 312.
 1 SYSTEMPATH\Database\MySQLi\Connection.php(312): mysqli->query('INSERT INTO `brands` (`code`, `name`) VALUES (NULL, NULL)', 0)
 2 SYSTEMPATH\Database\BaseConnection.php(734): CodeIgniter\Database\MySQLi\Connection->execute('INSERT INTO `brands` (`code`, `name`) VALUES (NULL, NULL)')
 3 SYSTEMPATH\Database\BaseConnection.php(648): CodeIgniter\Database\BaseConnection->simpleQuery('INSERT INTO `brands` (`code`, `name`) VALUES (NULL, NULL)')
 4 SYSTEMPATH\Database\BaseBuilder.php(2340): CodeIgniter\Database\BaseConnection->query('INSERT INTO `brands` (`code`, `name`) VALUES (:code:, :name:)', [...], false)
 5 SYSTEMPATH\Model.php(394): CodeIgniter\Database\BaseBuilder->insert()
 6 SYSTEMPATH\BaseModel.php(840): CodeIgniter\Model->doInsert([...])
 7 SYSTEMPATH\Model.php(802): CodeIgniter\BaseModel->insert([...], false)
 8 SYSTEMPATH\BaseModel.php(751): CodeIgniter\Model->insert([...], false)
 9 APPPATH\Controllers\BrandController.php(33): CodeIgniter\BaseModel->save([...])
10 SYSTEMPATH\CodeIgniter.php(933): App\Controllers\BrandController->saveBrand()
11 SYSTEMPATH\CodeIgniter.php(509): CodeIgniter\CodeIgniter->runController(Object(App\Controllers\BrandController))
12 SYSTEMPATH\CodeIgniter.php(355): CodeIgniter\CodeIgniter->handleRequest(null, Object(Config\Cache), false)
13 SYSTEMPATH\Boot.php(325): CodeIgniter\CodeIgniter->run()
14 SYSTEMPATH\Boot.php(67): CodeIgniter\Boot::runCodeIgniter(Object(CodeIgniter\CodeIgniter))
15 FCPATH\index.php(56): CodeIgniter\Boot::bootWeb(Object(Config\Paths))
16 SYSTEMPATH\rewrite.php(44): require_once('E:\\Magang\\product_registration\\public\\index.php')
ERROR - 2024-10-11 11:11:30 --> mysqli_sql_exception: Column 'code' cannot be null in E:\Magang\product_registration\system\Database\MySQLi\Connection.php:312
Stack trace:
#0 E:\Magang\product_registration\system\Database\MySQLi\Connection.php(312): mysqli->query('INSERT INTO `br...', 0)
#1 E:\Magang\product_registration\system\Database\BaseConnection.php(734): CodeIgniter\Database\MySQLi\Connection->execute('INSERT INTO `br...')
#2 E:\Magang\product_registration\system\Database\BaseConnection.php(648): CodeIgniter\Database\BaseConnection->simpleQuery('INSERT INTO `br...')
#3 E:\Magang\product_registration\system\Database\BaseBuilder.php(2340): CodeIgniter\Database\BaseConnection->query('INSERT INTO `br...', Array, false)
#4 E:\Magang\product_registration\system\Model.php(394): CodeIgniter\Database\BaseBuilder->insert()
#5 E:\Magang\product_registration\system\BaseModel.php(840): CodeIgniter\Model->doInsert(Array)
#6 E:\Magang\product_registration\system\Model.php(802): CodeIgniter\BaseModel->insert(Array, false)
#7 E:\Magang\product_registration\system\BaseModel.php(751): CodeIgniter\Model->insert(Array, false)
#8 E:\Magang\product_registration\app\Controllers\BrandController.php(33): CodeIgniter\BaseModel->save(Array)
#9 E:\Magang\product_registration\system\CodeIgniter.php(933): App\Controllers\BrandController->saveBrand()
#10 E:\Magang\product_registration\system\CodeIgniter.php(509): CodeIgniter\CodeIgniter->runController(Object(App\Controllers\BrandController))
#11 E:\Magang\product_registration\system\CodeIgniter.php(355): CodeIgniter\CodeIgniter->handleRequest(NULL, Object(Config\Cache), false)
#12 E:\Magang\product_registration\system\Boot.php(325): CodeIgniter\CodeIgniter->run()
#13 E:\Magang\product_registration\system\Boot.php(67): CodeIgniter\Boot::runCodeIgniter(Object(CodeIgniter\CodeIgniter))
#14 E:\Magang\product_registration\public\index.php(56): CodeIgniter\Boot::bootWeb(Object(Config\Paths))
#15 E:\Magang\product_registration\system\rewrite.php(44): require_once('E:\\Magang\\produ...')
#16 {main}
CRITICAL - 2024-10-11 11:11:30 --> CodeIgniter\Database\Exceptions\DatabaseException: Column 'code' cannot be null
[Method: POST, Route: brand/saveBrand]
in SYSTEMPATH\Database\BaseConnection.php on line 688.
 1 SYSTEMPATH\Database\BaseBuilder.php(2340): CodeIgniter\Database\BaseConnection->query('INSERT INTO `brands` (`code`, `name`) VALUES (:code:, :name:)', [...], false)
 2 SYSTEMPATH\Model.php(394): CodeIgniter\Database\BaseBuilder->insert()
 3 SYSTEMPATH\BaseModel.php(840): CodeIgniter\Model->doInsert([...])
 4 SYSTEMPATH\Model.php(802): CodeIgniter\BaseModel->insert([...], false)
 5 SYSTEMPATH\BaseModel.php(751): CodeIgniter\Model->insert([...], false)
 6 APPPATH\Controllers\BrandController.php(33): CodeIgniter\BaseModel->save([...])
 7 SYSTEMPATH\CodeIgniter.php(933): App\Controllers\BrandController->saveBrand()
 8 SYSTEMPATH\CodeIgniter.php(509): CodeIgniter\CodeIgniter->runController(Object(App\Controllers\BrandController))
 9 SYSTEMPATH\CodeIgniter.php(355): CodeIgniter\CodeIgniter->handleRequest(null, Object(Config\Cache), false)
10 SYSTEMPATH\Boot.php(325): CodeIgniter\CodeIgniter->run()
11 SYSTEMPATH\Boot.php(67): CodeIgniter\Boot::runCodeIgniter(Object(CodeIgniter\CodeIgniter))
12 FCPATH\index.php(56): CodeIgniter\Boot::bootWeb(Object(Config\Paths))
13 SYSTEMPATH\rewrite.php(44): require_once('E:\\Magang\\product_registration\\public\\index.php')
CRITICAL - 2024-10-11 11:11:30 --> [Caused by] CodeIgniter\Database\Exceptions\DatabaseException: Column 'code' cannot be null
in SYSTEMPATH\Database\MySQLi\Connection.php on line 317.
 1 SYSTEMPATH\Database\BaseConnection.php(734): CodeIgniter\Database\MySQLi\Connection->execute('INSERT INTO `brands` (`code`, `name`) VALUES (NULL, NULL)')
 2 SYSTEMPATH\Database\BaseConnection.php(648): CodeIgniter\Database\BaseConnection->simpleQuery('INSERT INTO `brands` (`code`, `name`) VALUES (NULL, NULL)')
 3 SYSTEMPATH\Database\BaseBuilder.php(2340): CodeIgniter\Database\BaseConnection->query('INSERT INTO `brands` (`code`, `name`) VALUES (:code:, :name:)', [...], false)
 4 SYSTEMPATH\Model.php(394): CodeIgniter\Database\BaseBuilder->insert()
 5 SYSTEMPATH\BaseModel.php(840): CodeIgniter\Model->doInsert([...])
 6 SYSTEMPATH\Model.php(802): CodeIgniter\BaseModel->insert([...], false)
 7 SYSTEMPATH\BaseModel.php(751): CodeIgniter\Model->insert([...], false)
 8 APPPATH\Controllers\BrandController.php(33): CodeIgniter\BaseModel->save([...])
 9 SYSTEMPATH\CodeIgniter.php(933): App\Controllers\BrandController->saveBrand()
10 SYSTEMPATH\CodeIgniter.php(509): CodeIgniter\CodeIgniter->runController(Object(App\Controllers\BrandController))
11 SYSTEMPATH\CodeIgniter.php(355): CodeIgniter\CodeIgniter->handleRequest(null, Object(Config\Cache), false)
12 SYSTEMPATH\Boot.php(325): CodeIgniter\CodeIgniter->run()
13 SYSTEMPATH\Boot.php(67): CodeIgniter\Boot::runCodeIgniter(Object(CodeIgniter\CodeIgniter))
14 FCPATH\index.php(56): CodeIgniter\Boot::bootWeb(Object(Config\Paths))
15 SYSTEMPATH\rewrite.php(44): require_once('E:\\Magang\\product_registration\\public\\index.php')
CRITICAL - 2024-10-11 11:11:30 --> [Caused by] mysqli_sql_exception: Column 'code' cannot be null
in SYSTEMPATH\Database\MySQLi\Connection.php on line 312.
 1 SYSTEMPATH\Database\MySQLi\Connection.php(312): mysqli->query('INSERT INTO `brands` (`code`, `name`) VALUES (NULL, NULL)', 0)
 2 SYSTEMPATH\Database\BaseConnection.php(734): CodeIgniter\Database\MySQLi\Connection->execute('INSERT INTO `brands` (`code`, `name`) VALUES (NULL, NULL)')
 3 SYSTEMPATH\Database\BaseConnection.php(648): CodeIgniter\Database\BaseConnection->simpleQuery('INSERT INTO `brands` (`code`, `name`) VALUES (NULL, NULL)')
 4 SYSTEMPATH\Database\BaseBuilder.php(2340): CodeIgniter\Database\BaseConnection->query('INSERT INTO `brands` (`code`, `name`) VALUES (:code:, :name:)', [...], false)
 5 SYSTEMPATH\Model.php(394): CodeIgniter\Database\BaseBuilder->insert()
 6 SYSTEMPATH\BaseModel.php(840): CodeIgniter\Model->doInsert([...])
 7 SYSTEMPATH\Model.php(802): CodeIgniter\BaseModel->insert([...], false)
 8 SYSTEMPATH\BaseModel.php(751): CodeIgniter\Model->insert([...], false)
 9 APPPATH\Controllers\BrandController.php(33): CodeIgniter\BaseModel->save([...])
10 SYSTEMPATH\CodeIgniter.php(933): App\Controllers\BrandController->saveBrand()
11 SYSTEMPATH\CodeIgniter.php(509): CodeIgniter\CodeIgniter->runController(Object(App\Controllers\BrandController))
12 SYSTEMPATH\CodeIgniter.php(355): CodeIgniter\CodeIgniter->handleRequest(null, Object(Config\Cache), false)
13 SYSTEMPATH\Boot.php(325): CodeIgniter\CodeIgniter->run()
14 SYSTEMPATH\Boot.php(67): CodeIgniter\Boot::runCodeIgniter(Object(CodeIgniter\CodeIgniter))
15 FCPATH\index.php(56): CodeIgniter\Boot::bootWeb(Object(Config\Paths))
16 SYSTEMPATH\rewrite.php(44): require_once('E:\\Magang\\product_registration\\public\\index.php')
ERROR - 2024-10-11 11:13:00 --> mysqli_sql_exception: Column 'code' cannot be null in E:\Magang\product_registration\system\Database\MySQLi\Connection.php:312
Stack trace:
#0 E:\Magang\product_registration\system\Database\MySQLi\Connection.php(312): mysqli->query('INSERT INTO `br...', 0)
#1 E:\Magang\product_registration\system\Database\BaseConnection.php(734): CodeIgniter\Database\MySQLi\Connection->execute('INSERT INTO `br...')
#2 E:\Magang\product_registration\system\Database\BaseConnection.php(648): CodeIgniter\Database\BaseConnection->simpleQuery('INSERT INTO `br...')
#3 E:\Magang\product_registration\system\Database\BaseBuilder.php(2340): CodeIgniter\Database\BaseConnection->query('INSERT INTO `br...', Array, false)
#4 E:\Magang\product_registration\system\Model.php(394): CodeIgniter\Database\BaseBuilder->insert()
#5 E:\Magang\product_registration\system\BaseModel.php(840): CodeIgniter\Model->doInsert(Array)
#6 E:\Magang\product_registration\system\Model.php(802): CodeIgniter\BaseModel->insert(Array, false)
#7 E:\Magang\product_registration\system\BaseModel.php(751): CodeIgniter\Model->insert(Array, false)
#8 E:\Magang\product_registration\app\Controllers\BrandController.php(33): CodeIgniter\BaseModel->save(Array)
#9 E:\Magang\product_registration\system\CodeIgniter.php(933): App\Controllers\BrandController->saveBrand()
#10 E:\Magang\product_registration\system\CodeIgniter.php(509): CodeIgniter\CodeIgniter->runController(Object(App\Controllers\BrandController))
#11 E:\Magang\product_registration\system\CodeIgniter.php(355): CodeIgniter\CodeIgniter->handleRequest(NULL, Object(Config\Cache), false)
#12 E:\Magang\product_registration\system\Boot.php(325): CodeIgniter\CodeIgniter->run()
#13 E:\Magang\product_registration\system\Boot.php(67): CodeIgniter\Boot::runCodeIgniter(Object(CodeIgniter\CodeIgniter))
#14 E:\Magang\product_registration\public\index.php(56): CodeIgniter\Boot::bootWeb(Object(Config\Paths))
#15 E:\Magang\product_registration\system\rewrite.php(44): require_once('E:\\Magang\\produ...')
#16 {main}
CRITICAL - 2024-10-11 11:13:00 --> CodeIgniter\Database\Exceptions\DatabaseException: Column 'code' cannot be null
[Method: POST, Route: brand/saveBrand]
in SYSTEMPATH\Database\BaseConnection.php on line 688.
 1 SYSTEMPATH\Database\BaseBuilder.php(2340): CodeIgniter\Database\BaseConnection->query('INSERT INTO `brands` (`code`, `name`) VALUES (:code:, :name:)', [...], false)
 2 SYSTEMPATH\Model.php(394): CodeIgniter\Database\BaseBuilder->insert()
 3 SYSTEMPATH\BaseModel.php(840): CodeIgniter\Model->doInsert([...])
 4 SYSTEMPATH\Model.php(802): CodeIgniter\BaseModel->insert([...], false)
 5 SYSTEMPATH\BaseModel.php(751): CodeIgniter\Model->insert([...], false)
 6 APPPATH\Controllers\BrandController.php(33): CodeIgniter\BaseModel->save([...])
 7 SYSTEMPATH\CodeIgniter.php(933): App\Controllers\BrandController->saveBrand()
 8 SYSTEMPATH\CodeIgniter.php(509): CodeIgniter\CodeIgniter->runController(Object(App\Controllers\BrandController))
 9 SYSTEMPATH\CodeIgniter.php(355): CodeIgniter\CodeIgniter->handleRequest(null, Object(Config\Cache), false)
10 SYSTEMPATH\Boot.php(325): CodeIgniter\CodeIgniter->run()
11 SYSTEMPATH\Boot.php(67): CodeIgniter\Boot::runCodeIgniter(Object(CodeIgniter\CodeIgniter))
12 FCPATH\index.php(56): CodeIgniter\Boot::bootWeb(Object(Config\Paths))
13 SYSTEMPATH\rewrite.php(44): require_once('E:\\Magang\\product_registration\\public\\index.php')
CRITICAL - 2024-10-11 11:13:00 --> [Caused by] CodeIgniter\Database\Exceptions\DatabaseException: Column 'code' cannot be null
in SYSTEMPATH\Database\MySQLi\Connection.php on line 317.
 1 SYSTEMPATH\Database\BaseConnection.php(734): CodeIgniter\Database\MySQLi\Connection->execute('INSERT INTO `brands` (`code`, `name`) VALUES (NULL, NULL)')
 2 SYSTEMPATH\Database\BaseConnection.php(648): CodeIgniter\Database\BaseConnection->simpleQuery('INSERT INTO `brands` (`code`, `name`) VALUES (NULL, NULL)')
 3 SYSTEMPATH\Database\BaseBuilder.php(2340): CodeIgniter\Database\BaseConnection->query('INSERT INTO `brands` (`code`, `name`) VALUES (:code:, :name:)', [...], false)
 4 SYSTEMPATH\Model.php(394): CodeIgniter\Database\BaseBuilder->insert()
 5 SYSTEMPATH\BaseModel.php(840): CodeIgniter\Model->doInsert([...])
 6 SYSTEMPATH\Model.php(802): CodeIgniter\BaseModel->insert([...], false)
 7 SYSTEMPATH\BaseModel.php(751): CodeIgniter\Model->insert([...], false)
 8 APPPATH\Controllers\BrandController.php(33): CodeIgniter\BaseModel->save([...])
 9 SYSTEMPATH\CodeIgniter.php(933): App\Controllers\BrandController->saveBrand()
10 SYSTEMPATH\CodeIgniter.php(509): CodeIgniter\CodeIgniter->runController(Object(App\Controllers\BrandController))
11 SYSTEMPATH\CodeIgniter.php(355): CodeIgniter\CodeIgniter->handleRequest(null, Object(Config\Cache), false)
12 SYSTEMPATH\Boot.php(325): CodeIgniter\CodeIgniter->run()
13 SYSTEMPATH\Boot.php(67): CodeIgniter\Boot::runCodeIgniter(Object(CodeIgniter\CodeIgniter))
14 FCPATH\index.php(56): CodeIgniter\Boot::bootWeb(Object(Config\Paths))
15 SYSTEMPATH\rewrite.php(44): require_once('E:\\Magang\\product_registration\\public\\index.php')
CRITICAL - 2024-10-11 11:13:00 --> [Caused by] mysqli_sql_exception: Column 'code' cannot be null
in SYSTEMPATH\Database\MySQLi\Connection.php on line 312.
 1 SYSTEMPATH\Database\MySQLi\Connection.php(312): mysqli->query('INSERT INTO `brands` (`code`, `name`) VALUES (NULL, NULL)', 0)
 2 SYSTEMPATH\Database\BaseConnection.php(734): CodeIgniter\Database\MySQLi\Connection->execute('INSERT INTO `brands` (`code`, `name`) VALUES (NULL, NULL)')
 3 SYSTEMPATH\Database\BaseConnection.php(648): CodeIgniter\Database\BaseConnection->simpleQuery('INSERT INTO `brands` (`code`, `name`) VALUES (NULL, NULL)')
 4 SYSTEMPATH\Database\BaseBuilder.php(2340): CodeIgniter\Database\BaseConnection->query('INSERT INTO `brands` (`code`, `name`) VALUES (:code:, :name:)', [...], false)
 5 SYSTEMPATH\Model.php(394): CodeIgniter\Database\BaseBuilder->insert()
 6 SYSTEMPATH\BaseModel.php(840): CodeIgniter\Model->doInsert([...])
 7 SYSTEMPATH\Model.php(802): CodeIgniter\BaseModel->insert([...], false)
 8 SYSTEMPATH\BaseModel.php(751): CodeIgniter\Model->insert([...], false)
 9 APPPATH\Controllers\BrandController.php(33): CodeIgniter\BaseModel->save([...])
10 SYSTEMPATH\CodeIgniter.php(933): App\Controllers\BrandController->saveBrand()
11 SYSTEMPATH\CodeIgniter.php(509): CodeIgniter\CodeIgniter->runController(Object(App\Controllers\BrandController))
12 SYSTEMPATH\CodeIgniter.php(355): CodeIgniter\CodeIgniter->handleRequest(null, Object(Config\Cache), false)
13 SYSTEMPATH\Boot.php(325): CodeIgniter\CodeIgniter->run()
14 SYSTEMPATH\Boot.php(67): CodeIgniter\Boot::runCodeIgniter(Object(CodeIgniter\CodeIgniter))
15 FCPATH\index.php(56): CodeIgniter\Boot::bootWeb(Object(Config\Paths))
16 SYSTEMPATH\rewrite.php(44): require_once('E:\\Magang\\product_registration\\public\\index.php')
INFO - 2024-10-11 11:13:07 --> Session: Class initialized using 'CodeIgniter\Session\Handlers\FileHandler' driver.
INFO - 2024-10-11 11:24:31 --> Session: Class initialized using 'CodeIgniter\Session\Handlers\FileHandler' driver.
CRITICAL - 2024-10-11 11:31:02 --> ErrorException: Undefined variable $brands
[Method: GET, Route: brand]
in APPPATH\Views\brand\brand.php on line 50.
 1 APPPATH\Views\brand\brand.php(50): CodeIgniter\Debug\Exceptions->errorHandler(2, 'Undefined variable $brands', 'E:\\Magang\\product_registration\\app\\Views\\brand\\brand.php', 50)
 2 SYSTEMPATH\View\View.php(234): include('E:\\Magang\\product_registration\\app\\Views\\brand\\brand.php')
 3 SYSTEMPATH\View\View.php(237): CodeIgniter\View\View->CodeIgniter\View\{closure}()
 4 SYSTEMPATH\Common.php(1171): CodeIgniter\View\View->render('brand/brand', [], true)
 5 APPPATH\Controllers\BrandController.php(16): view('brand/brand', [...])
 6 SYSTEMPATH\CodeIgniter.php(933): App\Controllers\BrandController->index()
 7 SYSTEMPATH\CodeIgniter.php(509): CodeIgniter\CodeIgniter->runController(Object(App\Controllers\BrandController))
 8 SYSTEMPATH\CodeIgniter.php(355): CodeIgniter\CodeIgniter->handleRequest(null, Object(Config\Cache), false)
 9 SYSTEMPATH\Boot.php(325): CodeIgniter\CodeIgniter->run()
10 SYSTEMPATH\Boot.php(67): CodeIgniter\Boot::runCodeIgniter(Object(CodeIgniter\CodeIgniter))
11 FCPATH\index.php(56): CodeIgniter\Boot::bootWeb(Object(Config\Paths))
12 SYSTEMPATH\rewrite.php(44): require_once('E:\\Magang\\product_registration\\public\\index.php')
CRITICAL - 2024-10-11 11:32:33 --> ErrorException: Undefined array key "brands"
[Method: GET, Route: brand/editBrand/1]
in APPPATH\Controllers\BrandController.php on line 46.
 1 APPPATH\Controllers\BrandController.php(46): CodeIgniter\Debug\Exceptions->errorHandler(2, 'Undefined array key "brands"', 'E:\\Magang\\product_registration\\app\\Controllers\\BrandController.php', 46)
 2 SYSTEMPATH\CodeIgniter.php(933): App\Controllers\BrandController->editBrand('1')
 3 SYSTEMPATH\CodeIgniter.php(509): CodeIgniter\CodeIgniter->runController(Object(App\Controllers\BrandController))
 4 SYSTEMPATH\CodeIgniter.php(355): CodeIgniter\CodeIgniter->handleRequest(null, Object(Config\Cache), false)
 5 SYSTEMPATH\Boot.php(325): CodeIgniter\CodeIgniter->run()
 6 SYSTEMPATH\Boot.php(67): CodeIgniter\Boot::runCodeIgniter(Object(CodeIgniter\CodeIgniter))
 7 FCPATH\index.php(56): CodeIgniter\Boot::bootWeb(Object(Config\Paths))
 8 SYSTEMPATH\rewrite.php(44): require_once('E:\\Magang\\product_registration\\public\\index.php')
CRITICAL - 2024-10-11 11:32:57 --> ErrorException: Undefined variable $brands
[Method: GET, Route: brand/editBrand/1]
in APPPATH\Views\brand\edit_brand.php on line 35.
 1 APPPATH\Views\brand\edit_brand.php(35): CodeIgniter\Debug\Exceptions->errorHandler(2, 'Undefined variable $brands', 'E:\\Magang\\product_registration\\app\\Views\\brand\\edit_brand.php', 35)
 2 SYSTEMPATH\View\View.php(234): include('E:\\Magang\\product_registration\\app\\Views\\brand\\edit_brand.php')
 3 SYSTEMPATH\View\View.php(237): CodeIgniter\View\View->CodeIgniter\View\{closure}()
 4 SYSTEMPATH\Common.php(1171): CodeIgniter\View\View->render('brand/edit_Brand', [], true)
 5 APPPATH\Controllers\BrandController.php(50): view('brand/edit_Brand', [...])
 6 SYSTEMPATH\CodeIgniter.php(933): App\Controllers\BrandController->editBrand('1')
 7 SYSTEMPATH\CodeIgniter.php(509): CodeIgniter\CodeIgniter->runController(Object(App\Controllers\BrandController))
 8 SYSTEMPATH\CodeIgniter.php(355): CodeIgniter\CodeIgniter->handleRequest(null, Object(Config\Cache), false)
 9 SYSTEMPATH\Boot.php(325): CodeIgniter\CodeIgniter->run()
10 SYSTEMPATH\Boot.php(67): CodeIgniter\Boot::runCodeIgniter(Object(CodeIgniter\CodeIgniter))
11 FCPATH\index.php(56): CodeIgniter\Boot::bootWeb(Object(Config\Paths))
12 SYSTEMPATH\rewrite.php(44): require_once('E:\\Magang\\product_registration\\public\\index.php')
CRITICAL - 2024-10-11 11:34:15 --> Error: Call to undefined method App\Controllers\BrandController::checkLogin()
[Method: POST, Route: brand/updateBrand/1]
in APPPATH\Controllers\BrandController.php on line 55.
 1 SYSTEMPATH\CodeIgniter.php(933): App\Controllers\BrandController->updateBrand('1')
 2 SYSTEMPATH\CodeIgniter.php(509): CodeIgniter\CodeIgniter->runController(Object(App\Controllers\BrandController))
 3 SYSTEMPATH\CodeIgniter.php(355): CodeIgniter\CodeIgniter->handleRequest(null, Object(Config\Cache), false)
 4 SYSTEMPATH\Boot.php(325): CodeIgniter\CodeIgniter->run()
 5 SYSTEMPATH\Boot.php(67): CodeIgniter\Boot::runCodeIgniter(Object(CodeIgniter\CodeIgniter))
 6 FCPATH\index.php(56): CodeIgniter\Boot::bootWeb(Object(Config\Paths))
 7 SYSTEMPATH\rewrite.php(44): require_once('E:\\Magang\\product_registration\\public\\index.php')
INFO - 2024-10-11 11:34:37 --> Session: Class initialized using 'CodeIgniter\Session\Handlers\FileHandler' driver.
INFO - 2024-10-11 11:34:48 --> Session: Class initialized using 'CodeIgniter\Session\Handlers\FileHandler' driver.
INFO - 2024-10-11 11:36:44 --> Session: Class initialized using 'CodeIgniter\Session\Handlers\FileHandler' driver.
INFO - 2024-10-11 11:36:54 --> Session: Class initialized using 'CodeIgniter\Session\Handlers\FileHandler' driver.
INFO - 2024-10-11 11:37:08 --> Session: Class initialized using 'CodeIgniter\Session\Handlers\FileHandler' driver.
INFO - 2024-10-11 11:59:16 --> Session: Class initialized using 'CodeIgniter\Session\Handlers\FileHandler' driver.
INFO - 2024-10-11 11:59:33 --> Session: Class initialized using 'CodeIgniter\Session\Handlers\FileHandler' driver.
INFO - 2024-10-11 12:01:23 --> Session: Class initialized using 'CodeIgniter\Session\Handlers\FileHandler' driver.
INFO - 2024-10-11 12:01:31 --> Session: Class initialized using 'CodeIgniter\Session\Handlers\FileHandler' driver.
INFO - 2024-10-11 12:04:21 --> Session: Class initialized using 'CodeIgniter\Session\Handlers\FileHandler' driver.
CRITICAL - 2024-10-11 12:30:13 --> CodeIgniter\View\Exceptions\ViewException: Invalid file: "/subkategori.php"
[Method: GET, Route: subkategori]
in SYSTEMPATH\Exceptions\FrameworkException.php on line 41.
 1 SYSTEMPATH\View\View.php(222): CodeIgniter\Exceptions\FrameworkException::forInvalidFile('/subkategori.php')
 2 SYSTEMPATH\Common.php(1171): CodeIgniter\View\View->render('/subkategori', [], true)
 3 APPPATH\Controllers\SubkategoriController.php(15): view('/subkategori', [...])
 4 SYSTEMPATH\CodeIgniter.php(933): App\Controllers\SubkategoriController->index()
 5 SYSTEMPATH\CodeIgniter.php(509): CodeIgniter\CodeIgniter->runController(Object(App\Controllers\SubkategoriController))
 6 SYSTEMPATH\CodeIgniter.php(355): CodeIgniter\CodeIgniter->handleRequest(null, Object(Config\Cache), false)
 7 SYSTEMPATH\Boot.php(325): CodeIgniter\CodeIgniter->run()
 8 SYSTEMPATH\Boot.php(67): CodeIgniter\Boot::runCodeIgniter(Object(CodeIgniter\CodeIgniter))
 9 FCPATH\index.php(56): CodeIgniter\Boot::bootWeb(Object(Config\Paths))
10 SYSTEMPATH\rewrite.php(44): require_once('E:\\Magang\\product_registration\\public\\index.php')
CRITICAL - 2024-10-11 12:30:24 --> CodeIgniter\View\Exceptions\ViewException: Invalid file: "/subkategori.php"
[Method: GET, Route: subkategori]
in SYSTEMPATH\Exceptions\FrameworkException.php on line 41.
 1 SYSTEMPATH\View\View.php(222): CodeIgniter\Exceptions\FrameworkException::forInvalidFile('/subkategori.php')
 2 SYSTEMPATH\Common.php(1171): CodeIgniter\View\View->render('/subkategori', [], true)
 3 APPPATH\Controllers\SubkategoriController.php(15): view('/subkategori', [...])
 4 SYSTEMPATH\CodeIgniter.php(933): App\Controllers\SubkategoriController->index()
 5 SYSTEMPATH\CodeIgniter.php(509): CodeIgniter\CodeIgniter->runController(Object(App\Controllers\SubkategoriController))
 6 SYSTEMPATH\CodeIgniter.php(355): CodeIgniter\CodeIgniter->handleRequest(null, Object(Config\Cache), false)
 7 SYSTEMPATH\Boot.php(325): CodeIgniter\CodeIgniter->run()
 8 SYSTEMPATH\Boot.php(67): CodeIgniter\Boot::runCodeIgniter(Object(CodeIgniter\CodeIgniter))
 9 FCPATH\index.php(56): CodeIgniter\Boot::bootWeb(Object(Config\Paths))
10 SYSTEMPATH\rewrite.php(44): require_once('E:\\Magang\\product_registration\\public\\index.php')
CRITICAL - 2024-10-11 12:30:57 --> CodeIgniter\View\Exceptions\ViewException: Invalid file: "/subkategori.php"
[Method: GET, Route: subkategori]
in SYSTEMPATH\Exceptions\FrameworkException.php on line 41.
 1 SYSTEMPATH\View\View.php(222): CodeIgniter\Exceptions\FrameworkException::forInvalidFile('/subkategori.php')
 2 SYSTEMPATH\Common.php(1171): CodeIgniter\View\View->render('/subkategori', [], true)
 3 APPPATH\Controllers\SubkategoriController.php(15): view('/subkategori', [...])
 4 SYSTEMPATH\CodeIgniter.php(933): App\Controllers\SubkategoriController->index()
 5 SYSTEMPATH\CodeIgniter.php(509): CodeIgniter\CodeIgniter->runController(Object(App\Controllers\SubkategoriController))
 6 SYSTEMPATH\CodeIgniter.php(355): CodeIgniter\CodeIgniter->handleRequest(null, Object(Config\Cache), false)
 7 SYSTEMPATH\Boot.php(325): CodeIgniter\CodeIgniter->run()
 8 SYSTEMPATH\Boot.php(67): CodeIgniter\Boot::runCodeIgniter(Object(CodeIgniter\CodeIgniter))
 9 FCPATH\index.php(56): CodeIgniter\Boot::bootWeb(Object(Config\Paths))
10 SYSTEMPATH\rewrite.php(44): require_once('E:\\Magang\\product_registration\\public\\index.php')
INFO - 2024-10-11 12:35:49 --> Session: Class initialized using 'CodeIgniter\Session\Handlers\FileHandler' driver.
CRITICAL - 2024-10-11 12:36:03 --> ErrorException: Undefined array key "name"
[Method: GET, Route: subkategori]
in APPPATH\Views\subkategori\subkategori.php on line 47.
 1 APPPATH\Views\subkategori\subkategori.php(47): CodeIgniter\Debug\Exceptions->errorHandler(2, 'Undefined array key "name"', 'E:\\Magang\\product_registration\\app\\Views\\subkategori\\subkategori.php', 47)
 2 SYSTEMPATH\View\View.php(234): include('E:\\Magang\\product_registration\\app\\Views\\subkategori\\subkategori.php')
 3 SYSTEMPATH\View\View.php(237): CodeIgniter\View\View->CodeIgniter\View\{closure}()
 4 SYSTEMPATH\Common.php(1171): CodeIgniter\View\View->render('subkategori/subkategori', [], true)
 5 APPPATH\Controllers\SubkategoriController.php(15): view('subkategori/subkategori', [...])
 6 SYSTEMPATH\CodeIgniter.php(933): App\Controllers\SubkategoriController->index()
 7 SYSTEMPATH\CodeIgniter.php(509): CodeIgniter\CodeIgniter->runController(Object(App\Controllers\SubkategoriController))
 8 SYSTEMPATH\CodeIgniter.php(355): CodeIgniter\CodeIgniter->handleRequest(null, Object(Config\Cache), false)
 9 SYSTEMPATH\Boot.php(325): CodeIgniter\CodeIgniter->run()
10 SYSTEMPATH\Boot.php(67): CodeIgniter\Boot::runCodeIgniter(Object(CodeIgniter\CodeIgniter))
11 FCPATH\index.php(56): CodeIgniter\Boot::bootWeb(Object(Config\Paths))
12 SYSTEMPATH\rewrite.php(44): require_once('E:\\Magang\\product_registration\\public\\index.php')
CRITICAL - 2024-10-11 12:37:17 --> ErrorException: Undefined array key "name"
[Method: GET, Route: subkategori]
in APPPATH\Views\subkategori\subkategori.php on line 47.
 1 APPPATH\Views\subkategori\subkategori.php(47): CodeIgniter\Debug\Exceptions->errorHandler(2, 'Undefined array key "name"', 'E:\\Magang\\product_registration\\app\\Views\\subkategori\\subkategori.php', 47)
 2 SYSTEMPATH\View\View.php(234): include('E:\\Magang\\product_registration\\app\\Views\\subkategori\\subkategori.php')
 3 SYSTEMPATH\View\View.php(237): CodeIgniter\View\View->CodeIgniter\View\{closure}()
 4 SYSTEMPATH\Common.php(1171): CodeIgniter\View\View->render('subkategori/subkategori', [], true)
 5 APPPATH\Controllers\SubkategoriController.php(15): view('subkategori/subkategori', [...])
 6 SYSTEMPATH\CodeIgniter.php(933): App\Controllers\SubkategoriController->index()
 7 SYSTEMPATH\CodeIgniter.php(509): CodeIgniter\CodeIgniter->runController(Object(App\Controllers\SubkategoriController))
 8 SYSTEMPATH\CodeIgniter.php(355): CodeIgniter\CodeIgniter->handleRequest(null, Object(Config\Cache), false)
 9 SYSTEMPATH\Boot.php(325): CodeIgniter\CodeIgniter->run()
10 SYSTEMPATH\Boot.php(67): CodeIgniter\Boot::runCodeIgniter(Object(CodeIgniter\CodeIgniter))
11 FCPATH\index.php(56): CodeIgniter\Boot::bootWeb(Object(Config\Paths))
12 SYSTEMPATH\rewrite.php(44): require_once('E:\\Magang\\product_registration\\public\\index.php')
CRITICAL - 2024-10-11 12:43:40 --> ErrorException: Undefined variable $kategori
[Method: GET, Route: subkategori/editSubkategori/1]
in APPPATH\Views\subkategori\edit_subkategori.php on line 12.
 1 APPPATH\Views\subkategori\edit_subkategori.php(12): CodeIgniter\Debug\Exceptions->errorHandler(2, 'Undefined variable $kategori', 'E:\\Magang\\product_registration\\app\\Views\\subkategori\\edit_subkategori.php', 12)
 2 SYSTEMPATH\View\View.php(234): include('E:\\Magang\\product_registration\\app\\Views\\subkategori\\edit_subkategori.php')
 3 SYSTEMPATH\View\View.php(237): CodeIgniter\View\View->CodeIgniter\View\{closure}()
 4 SYSTEMPATH\Common.php(1171): CodeIgniter\View\View->render('subkategori/edit_Subkategori', [], true)
 5 APPPATH\Controllers\SubkategoriController.php(54): view('subkategori/edit_Subkategori', [...])
 6 SYSTEMPATH\CodeIgniter.php(933): App\Controllers\SubkategoriController->editSubkategori('1')
 7 SYSTEMPATH\CodeIgniter.php(509): CodeIgniter\CodeIgniter->runController(Object(App\Controllers\SubkategoriController))
 8 SYSTEMPATH\CodeIgniter.php(355): CodeIgniter\CodeIgniter->handleRequest(null, Object(Config\Cache), false)
 9 SYSTEMPATH\Boot.php(325): CodeIgniter\CodeIgniter->run()
10 SYSTEMPATH\Boot.php(67): CodeIgniter\Boot::runCodeIgniter(Object(CodeIgniter\CodeIgniter))
11 FCPATH\index.php(56): CodeIgniter\Boot::bootWeb(Object(Config\Paths))
12 SYSTEMPATH\rewrite.php(44): require_once('E:\\Magang\\product_registration\\public\\index.php')
CRITICAL - 2024-10-11 12:43:45 --> ErrorException: Undefined variable $kategori
[Method: GET, Route: subkategori/editSubkategori/1]
in APPPATH\Views\subkategori\edit_subkategori.php on line 12.
 1 APPPATH\Views\subkategori\edit_subkategori.php(12): CodeIgniter\Debug\Exceptions->errorHandler(2, 'Undefined variable $kategori', 'E:\\Magang\\product_registration\\app\\Views\\subkategori\\edit_subkategori.php', 12)
 2 SYSTEMPATH\View\View.php(234): include('E:\\Magang\\product_registration\\app\\Views\\subkategori\\edit_subkategori.php')
 3 SYSTEMPATH\View\View.php(237): CodeIgniter\View\View->CodeIgniter\View\{closure}()
 4 SYSTEMPATH\Common.php(1171): CodeIgniter\View\View->render('subkategori/edit_Subkategori', [], true)
 5 APPPATH\Controllers\SubkategoriController.php(54): view('subkategori/edit_Subkategori', [...])
 6 SYSTEMPATH\CodeIgniter.php(933): App\Controllers\SubkategoriController->editSubkategori('1')
 7 SYSTEMPATH\CodeIgniter.php(509): CodeIgniter\CodeIgniter->runController(Object(App\Controllers\SubkategoriController))
 8 SYSTEMPATH\CodeIgniter.php(355): CodeIgniter\CodeIgniter->handleRequest(null, Object(Config\Cache), false)
 9 SYSTEMPATH\Boot.php(325): CodeIgniter\CodeIgniter->run()
10 SYSTEMPATH\Boot.php(67): CodeIgniter\Boot::runCodeIgniter(Object(CodeIgniter\CodeIgniter))
11 FCPATH\index.php(56): CodeIgniter\Boot::bootWeb(Object(Config\Paths))
12 SYSTEMPATH\rewrite.php(44): require_once('E:\\Magang\\product_registration\\public\\index.php')
INFO - 2024-10-11 12:45:53 --> Session: Class initialized using 'CodeIgniter\Session\Handlers\FileHandler' driver.
INFO - 2024-10-11 12:46:12 --> Session: Class initialized using 'CodeIgniter\Session\Handlers\FileHandler' driver.
INFO - 2024-10-11 12:46:24 --> Session: Class initialized using 'CodeIgniter\Session\Handlers\FileHandler' driver.
CRITICAL - 2024-10-11 12:59:46 --> Error: Class "App\Models\KapasitasModel" not found
[Method: GET, Route: kapasitas]
in APPPATH\Controllers\KapasitasController.php on line 11.
 1 SYSTEMPATH\CodeIgniter.php(933): App\Controllers\KapasitasController->index()
 2 SYSTEMPATH\CodeIgniter.php(509): CodeIgniter\CodeIgniter->runController(Object(App\Controllers\KapasitasController))
 3 SYSTEMPATH\CodeIgniter.php(355): CodeIgniter\CodeIgniter->handleRequest(null, Object(Config\Cache), false)
 4 SYSTEMPATH\Boot.php(325): CodeIgniter\CodeIgniter->run()
 5 SYSTEMPATH\Boot.php(67): CodeIgniter\Boot::runCodeIgniter(Object(CodeIgniter\CodeIgniter))
 6 FCPATH\index.php(56): CodeIgniter\Boot::bootWeb(Object(Config\Paths))
 7 SYSTEMPATH\rewrite.php(44): require_once('E:\\Magang\\product_registration\\public\\index.php')
INFO - 2024-10-11 13:03:01 --> Session: Class initialized using 'CodeIgniter\Session\Handlers\FileHandler' driver.
INFO - 2024-10-11 13:03:14 --> Session: Class initialized using 'CodeIgniter\Session\Handlers\FileHandler' driver.
CRITICAL - 2024-10-11 13:05:06 --> ErrorException: Undefined variable $category
[Method: GET, Route: kapasitas/editKapasitas/1]
in APPPATH\Views\kapasitas\edit_kapasitas.php on line 35.
 1 APPPATH\Views\kapasitas\edit_kapasitas.php(35): CodeIgniter\Debug\Exceptions->errorHandler(2, 'Undefined variable $category', 'E:\\Magang\\product_registration\\app\\Views\\kapasitas\\edit_kapasitas.php', 35)
 2 SYSTEMPATH\View\View.php(234): include('E:\\Magang\\product_registration\\app\\Views\\kapasitas\\edit_kapasitas.php')
 3 SYSTEMPATH\View\View.php(237): CodeIgniter\View\View->CodeIgniter\View\{closure}()
 4 SYSTEMPATH\Common.php(1171): CodeIgniter\View\View->render('kapasitas/edit_Kapasitas', [], true)
 5 APPPATH\Controllers\KapasitasController.php(49): view('kapasitas/edit_Kapasitas', [...])
 6 SYSTEMPATH\CodeIgniter.php(933): App\Controllers\KapasitasController->editKapasitas('1')
 7 SYSTEMPATH\CodeIgniter.php(509): CodeIgniter\CodeIgniter->runController(Object(App\Controllers\KapasitasController))
 8 SYSTEMPATH\CodeIgniter.php(355): CodeIgniter\CodeIgniter->handleRequest(null, Object(Config\Cache), false)
 9 SYSTEMPATH\Boot.php(325): CodeIgniter\CodeIgniter->run()
10 SYSTEMPATH\Boot.php(67): CodeIgniter\Boot::runCodeIgniter(Object(CodeIgniter\CodeIgniter))
11 FCPATH\index.php(56): CodeIgniter\Boot::bootWeb(Object(Config\Paths))
12 SYSTEMPATH\rewrite.php(44): require_once('E:\\Magang\\product_registration\\public\\index.php')
CRITICAL - 2024-10-11 13:05:27 --> ErrorException: Undefined variable $category
[Method: GET, Route: kapasitas/editKapasitas/1]
in APPPATH\Views\kapasitas\edit_kapasitas.php on line 35.
 1 APPPATH\Views\kapasitas\edit_kapasitas.php(35): CodeIgniter\Debug\Exceptions->errorHandler(2, 'Undefined variable $category', 'E:\\Magang\\product_registration\\app\\Views\\kapasitas\\edit_kapasitas.php', 35)
 2 SYSTEMPATH\View\View.php(234): include('E:\\Magang\\product_registration\\app\\Views\\kapasitas\\edit_kapasitas.php')
 3 SYSTEMPATH\View\View.php(237): CodeIgniter\View\View->CodeIgniter\View\{closure}()
 4 SYSTEMPATH\Common.php(1171): CodeIgniter\View\View->render('kapasitas/edit_Kapasitas', [], true)
 5 APPPATH\Controllers\KapasitasController.php(49): view('kapasitas/edit_Kapasitas', [...])
 6 SYSTEMPATH\CodeIgniter.php(933): App\Controllers\KapasitasController->editKapasitas('1')
 7 SYSTEMPATH\CodeIgniter.php(509): CodeIgniter\CodeIgniter->runController(Object(App\Controllers\KapasitasController))
 8 SYSTEMPATH\CodeIgniter.php(355): CodeIgniter\CodeIgniter->handleRequest(null, Object(Config\Cache), false)
 9 SYSTEMPATH\Boot.php(325): CodeIgniter\CodeIgniter->run()
10 SYSTEMPATH\Boot.php(67): CodeIgniter\Boot::runCodeIgniter(Object(CodeIgniter\CodeIgniter))
11 FCPATH\index.php(56): CodeIgniter\Boot::bootWeb(Object(Config\Paths))
12 SYSTEMPATH\rewrite.php(44): require_once('E:\\Magang\\product_registration\\public\\index.php')
CRITICAL - 2024-10-11 13:05:45 --> ErrorException: Undefined array key "name"
[Method: GET, Route: kapasitas/editKapasitas/1]
in APPPATH\Views\kapasitas\edit_kapasitas.php on line 39.
 1 APPPATH\Views\kapasitas\edit_kapasitas.php(39): CodeIgniter\Debug\Exceptions->errorHandler(2, 'Undefined array key "name"', 'E:\\Magang\\product_registration\\app\\Views\\kapasitas\\edit_kapasitas.php', 39)
 2 SYSTEMPATH\View\View.php(234): include('E:\\Magang\\product_registration\\app\\Views\\kapasitas\\edit_kapasitas.php')
 3 SYSTEMPATH\View\View.php(237): CodeIgniter\View\View->CodeIgniter\View\{closure}()
 4 SYSTEMPATH\Common.php(1171): CodeIgniter\View\View->render('kapasitas/edit_Kapasitas', [], true)
 5 APPPATH\Controllers\KapasitasController.php(49): view('kapasitas/edit_Kapasitas', [...])
 6 SYSTEMPATH\CodeIgniter.php(933): App\Controllers\KapasitasController->editKapasitas('1')
 7 SYSTEMPATH\CodeIgniter.php(509): CodeIgniter\CodeIgniter->runController(Object(App\Controllers\KapasitasController))
 8 SYSTEMPATH\CodeIgniter.php(355): CodeIgniter\CodeIgniter->handleRequest(null, Object(Config\Cache), false)
 9 SYSTEMPATH\Boot.php(325): CodeIgniter\CodeIgniter->run()
10 SYSTEMPATH\Boot.php(67): CodeIgniter\Boot::runCodeIgniter(Object(CodeIgniter\CodeIgniter))
11 FCPATH\index.php(56): CodeIgniter\Boot::bootWeb(Object(Config\Paths))
12 SYSTEMPATH\rewrite.php(44): require_once('E:\\Magang\\product_registration\\public\\index.php')
INFO - 2024-10-11 13:06:11 --> Session: Class initialized using 'CodeIgniter\Session\Handlers\FileHandler' driver.
INFO - 2024-10-11 13:19:21 --> Session: Class initialized using 'CodeIgniter\Session\Handlers\FileHandler' driver.
INFO - 2024-10-11 13:19:32 --> Session: Class initialized using 'CodeIgniter\Session\Handlers\FileHandler' driver.
CRITICAL - 2024-10-11 13:21:24 --> CodeIgniter\View\Exceptions\ViewException: Invalid file: "garansi_kompresor/edit_GaransiKompresor.php"
[Method: GET, Route: garansi_kompresor/editGaransiKompresor/1]
in SYSTEMPATH\Exceptions\FrameworkException.php on line 41.
 1 SYSTEMPATH\View\View.php(222): CodeIgniter\Exceptions\FrameworkException::forInvalidFile('garansi_kompresor/edit_GaransiKompresor.php')
 2 SYSTEMPATH\Common.php(1171): CodeIgniter\View\View->render('garansi_kompresor/edit_GaransiKompresor', [], true)
 3 APPPATH\Controllers\GaransiKompresorController.php(49): view('garansi_kompresor/edit_GaransiKompresor', [...])
 4 SYSTEMPATH\CodeIgniter.php(933): App\Controllers\GaransiKompresorController->editGaransiKompresor('1')
 5 SYSTEMPATH\CodeIgniter.php(509): CodeIgniter\CodeIgniter->runController(Object(App\Controllers\GaransiKompresorController))
 6 SYSTEMPATH\CodeIgniter.php(355): CodeIgniter\CodeIgniter->handleRequest(null, Object(Config\Cache), false)
 7 SYSTEMPATH\Boot.php(325): CodeIgniter\CodeIgniter->run()
 8 SYSTEMPATH\Boot.php(67): CodeIgniter\Boot::runCodeIgniter(Object(CodeIgniter\CodeIgniter))
 9 FCPATH\index.php(56): CodeIgniter\Boot::bootWeb(Object(Config\Paths))
10 SYSTEMPATH\rewrite.php(44): require_once('E:\\Magang\\product_registration\\public\\index.php')
INFO - 2024-10-11 13:23:59 --> Session: Class initialized using 'CodeIgniter\Session\Handlers\FileHandler' driver.
INFO - 2024-10-11 13:35:05 --> Session: Class initialized using 'CodeIgniter\Session\Handlers\FileHandler' driver.
INFO - 2024-10-11 13:35:10 --> Session: Class initialized using 'CodeIgniter\Session\Handlers\FileHandler' driver.
INFO - 2024-10-11 13:35:20 --> Session: Class initialized using 'CodeIgniter\Session\Handlers\FileHandler' driver.
