INFO - 2024-10-12 04:17:12 --> Session: Class initialized using 'CodeIgniter\Session\Handlers\FileHandler' driver.
CRITICAL - 2024-10-12 04:17:12 --> ErrorException: Undefined array key "value"
[Method: GET, Route: product]
in APPPATH\Views\product_registration.php on line 80.
 1 APPPATH\Views\product_registration.php(80): CodeIgniter\Debug\Exceptions->errorHandler(2, 'Undefined array key "value"', 'E:\\Magang\\product_registration\\app\\Views\\product_registration.php', 80)
 2 SYSTEMPATH\View\View.php(234): include('E:\\Magang\\product_registration\\app\\Views\\product_registration.php')
 3 SYSTEMPATH\View\View.php(237): CodeIgniter\View\View->CodeIgniter\View\{closure}()
 4 SYSTEMPATH\Common.php(1171): CodeIgniter\View\View->render('product_registration', [], true)
 5 APPPATH\Controllers\ProductController.php(30): view('product_registration', [...])
 6 SYSTEMPATH\CodeIgniter.php(933): App\Controllers\ProductController->create()
 7 SYSTEMPATH\CodeIgniter.php(509): CodeIgniter\CodeIgniter->runController(Object(App\Controllers\ProductController))
 8 SYSTEMPATH\CodeIgniter.php(355): CodeIgniter\CodeIgniter->handleRequest(null, Object(Config\Cache), false)
 9 SYSTEMPATH\Boot.php(325): CodeIgniter\CodeIgniter->run()
10 SYSTEMPATH\Boot.php(67): CodeIgniter\Boot::runCodeIgniter(Object(CodeIgniter\CodeIgniter))
11 FCPATH\index.php(56): CodeIgniter\Boot::bootWeb(Object(Config\Paths))
12 SYSTEMPATH\rewrite.php(44): require_once('E:\\Magang\\product_registration\\public\\index.php')
INFO - 2024-10-12 04:17:36 --> Session: Class initialized using 'CodeIgniter\Session\Handlers\FileHandler' driver.
CRITICAL - 2024-10-12 04:17:36 --> ErrorException: Undefined array key "value"
[Method: GET, Route: product]
in APPPATH\Views\product_registration.php on line 80.
 1 APPPATH\Views\product_registration.php(80): CodeIgniter\Debug\Exceptions->errorHandler(2, 'Undefined array key "value"', 'E:\\Magang\\product_registration\\app\\Views\\product_registration.php', 80)
 2 SYSTEMPATH\View\View.php(234): include('E:\\Magang\\product_registration\\app\\Views\\product_registration.php')
 3 SYSTEMPATH\View\View.php(237): CodeIgniter\View\View->CodeIgniter\View\{closure}()
 4 SYSTEMPATH\Common.php(1171): CodeIgniter\View\View->render('product_registration', [], true)
 5 APPPATH\Controllers\ProductController.php(30): view('product_registration', [...])
 6 SYSTEMPATH\CodeIgniter.php(933): App\Controllers\ProductController->create()
 7 SYSTEMPATH\CodeIgniter.php(509): CodeIgniter\CodeIgniter->runController(Object(App\Controllers\ProductController))
 8 SYSTEMPATH\CodeIgniter.php(355): CodeIgniter\CodeIgniter->handleRequest(null, Object(Config\Cache), false)
 9 SYSTEMPATH\Boot.php(325): CodeIgniter\CodeIgniter->run()
10 SYSTEMPATH\Boot.php(67): CodeIgniter\Boot::runCodeIgniter(Object(CodeIgniter\CodeIgniter))
11 FCPATH\index.php(56): CodeIgniter\Boot::bootWeb(Object(Config\Paths))
12 SYSTEMPATH\rewrite.php(44): require_once('E:\\Magang\\product_registration\\public\\index.php')
INFO - 2024-10-12 04:18:24 --> Session: Class initialized using 'CodeIgniter\Session\Handlers\FileHandler' driver.
CRITICAL - 2024-10-12 04:18:24 --> ErrorException: Undefined variable $kapasitas
[Method: GET, Route: product]
in APPPATH\Views\product_registration.php on line 79.
 1 APPPATH\Views\product_registration.php(79): CodeIgniter\Debug\Exceptions->errorHandler(2, 'Undefined variable $kapasitas', 'E:\\Magang\\product_registration\\app\\Views\\product_registration.php', 79)
 2 SYSTEMPATH\View\View.php(234): include('E:\\Magang\\product_registration\\app\\Views\\product_registration.php')
 3 SYSTEMPATH\View\View.php(237): CodeIgniter\View\View->CodeIgniter\View\{closure}()
 4 SYSTEMPATH\Common.php(1171): CodeIgniter\View\View->render('product_registration', [], true)
 5 APPPATH\Controllers\ProductController.php(30): view('product_registration', [...])
 6 SYSTEMPATH\CodeIgniter.php(933): App\Controllers\ProductController->create()
 7 SYSTEMPATH\CodeIgniter.php(509): CodeIgniter\CodeIgniter->runController(Object(App\Controllers\ProductController))
 8 SYSTEMPATH\CodeIgniter.php(355): CodeIgniter\CodeIgniter->handleRequest(null, Object(Config\Cache), false)
 9 SYSTEMPATH\Boot.php(325): CodeIgniter\CodeIgniter->run()
10 SYSTEMPATH\Boot.php(67): CodeIgniter\Boot::runCodeIgniter(Object(CodeIgniter\CodeIgniter))
11 FCPATH\index.php(56): CodeIgniter\Boot::bootWeb(Object(Config\Paths))
12 SYSTEMPATH\rewrite.php(44): require_once('E:\\Magang\\product_registration\\public\\index.php')
INFO - 2024-10-12 04:18:26 --> Session: Class initialized using 'CodeIgniter\Session\Handlers\FileHandler' driver.
CRITICAL - 2024-10-12 04:18:26 --> ErrorException: Undefined variable $kapasitas
[Method: GET, Route: product]
in APPPATH\Views\product_registration.php on line 79.
 1 APPPATH\Views\product_registration.php(79): CodeIgniter\Debug\Exceptions->errorHandler(2, 'Undefined variable $kapasitas', 'E:\\Magang\\product_registration\\app\\Views\\product_registration.php', 79)
 2 SYSTEMPATH\View\View.php(234): include('E:\\Magang\\product_registration\\app\\Views\\product_registration.php')
 3 SYSTEMPATH\View\View.php(237): CodeIgniter\View\View->CodeIgniter\View\{closure}()
 4 SYSTEMPATH\Common.php(1171): CodeIgniter\View\View->render('product_registration', [], true)
 5 APPPATH\Controllers\ProductController.php(30): view('product_registration', [...])
 6 SYSTEMPATH\CodeIgniter.php(933): App\Controllers\ProductController->create()
 7 SYSTEMPATH\CodeIgniter.php(509): CodeIgniter\CodeIgniter->runController(Object(App\Controllers\ProductController))
 8 SYSTEMPATH\CodeIgniter.php(355): CodeIgniter\CodeIgniter->handleRequest(null, Object(Config\Cache), false)
 9 SYSTEMPATH\Boot.php(325): CodeIgniter\CodeIgniter->run()
10 SYSTEMPATH\Boot.php(67): CodeIgniter\Boot::runCodeIgniter(Object(CodeIgniter\CodeIgniter))
11 FCPATH\index.php(56): CodeIgniter\Boot::bootWeb(Object(Config\Paths))
12 SYSTEMPATH\rewrite.php(44): require_once('E:\\Magang\\product_registration\\public\\index.php')
INFO - 2024-10-12 04:18:28 --> Session: Class initialized using 'CodeIgniter\Session\Handlers\FileHandler' driver.
CRITICAL - 2024-10-12 04:18:28 --> ErrorException: Undefined variable $kapasitas
[Method: GET, Route: product]
in APPPATH\Views\product_registration.php on line 79.
 1 APPPATH\Views\product_registration.php(79): CodeIgniter\Debug\Exceptions->errorHandler(2, 'Undefined variable $kapasitas', 'E:\\Magang\\product_registration\\app\\Views\\product_registration.php', 79)
 2 SYSTEMPATH\View\View.php(234): include('E:\\Magang\\product_registration\\app\\Views\\product_registration.php')
 3 SYSTEMPATH\View\View.php(237): CodeIgniter\View\View->CodeIgniter\View\{closure}()
 4 SYSTEMPATH\Common.php(1171): CodeIgniter\View\View->render('product_registration', [], true)
 5 APPPATH\Controllers\ProductController.php(30): view('product_registration', [...])
 6 SYSTEMPATH\CodeIgniter.php(933): App\Controllers\ProductController->create()
 7 SYSTEMPATH\CodeIgniter.php(509): CodeIgniter\CodeIgniter->runController(Object(App\Controllers\ProductController))
 8 SYSTEMPATH\CodeIgniter.php(355): CodeIgniter\CodeIgniter->handleRequest(null, Object(Config\Cache), false)
 9 SYSTEMPATH\Boot.php(325): CodeIgniter\CodeIgniter->run()
10 SYSTEMPATH\Boot.php(67): CodeIgniter\Boot::runCodeIgniter(Object(CodeIgniter\CodeIgniter))
11 FCPATH\index.php(56): CodeIgniter\Boot::bootWeb(Object(Config\Paths))
12 SYSTEMPATH\rewrite.php(44): require_once('E:\\Magang\\product_registration\\public\\index.php')
INFO - 2024-10-12 04:19:10 --> Session: Class initialized using 'CodeIgniter\Session\Handlers\FileHandler' driver.
CRITICAL - 2024-10-12 04:19:10 --> ErrorException: Undefined array key "value"
[Method: GET, Route: product]
in APPPATH\Views\product_registration.php on line 91.
 1 APPPATH\Views\product_registration.php(91): CodeIgniter\Debug\Exceptions->errorHandler(2, 'Undefined array key "value"', 'E:\\Magang\\product_registration\\app\\Views\\product_registration.php', 91)
 2 SYSTEMPATH\View\View.php(234): include('E:\\Magang\\product_registration\\app\\Views\\product_registration.php')
 3 SYSTEMPATH\View\View.php(237): CodeIgniter\View\View->CodeIgniter\View\{closure}()
 4 SYSTEMPATH\Common.php(1171): CodeIgniter\View\View->render('product_registration', [], true)
 5 APPPATH\Controllers\ProductController.php(30): view('product_registration', [...])
 6 SYSTEMPATH\CodeIgniter.php(933): App\Controllers\ProductController->create()
 7 SYSTEMPATH\CodeIgniter.php(509): CodeIgniter\CodeIgniter->runController(Object(App\Controllers\ProductController))
 8 SYSTEMPATH\CodeIgniter.php(355): CodeIgniter\CodeIgniter->handleRequest(null, Object(Config\Cache), false)
 9 SYSTEMPATH\Boot.php(325): CodeIgniter\CodeIgniter->run()
10 SYSTEMPATH\Boot.php(67): CodeIgniter\Boot::runCodeIgniter(Object(CodeIgniter\CodeIgniter))
11 FCPATH\index.php(56): CodeIgniter\Boot::bootWeb(Object(Config\Paths))
12 SYSTEMPATH\rewrite.php(44): require_once('E:\\Magang\\product_registration\\public\\index.php')
INFO - 2024-10-12 04:19:35 --> Session: Class initialized using 'CodeIgniter\Session\Handlers\FileHandler' driver.
CRITICAL - 2024-10-12 04:19:35 --> ErrorException: Undefined array key "value"
[Method: GET, Route: product]
in APPPATH\Views\product_registration.php on line 107.
 1 APPPATH\Views\product_registration.php(107): CodeIgniter\Debug\Exceptions->errorHandler(2, 'Undefined array key "value"', 'E:\\Magang\\product_registration\\app\\Views\\product_registration.php', 107)
 2 SYSTEMPATH\View\View.php(234): include('E:\\Magang\\product_registration\\app\\Views\\product_registration.php')
 3 SYSTEMPATH\View\View.php(237): CodeIgniter\View\View->CodeIgniter\View\{closure}()
 4 SYSTEMPATH\Common.php(1171): CodeIgniter\View\View->render('product_registration', [], true)
 5 APPPATH\Controllers\ProductController.php(30): view('product_registration', [...])
 6 SYSTEMPATH\CodeIgniter.php(933): App\Controllers\ProductController->create()
 7 SYSTEMPATH\CodeIgniter.php(509): CodeIgniter\CodeIgniter->runController(Object(App\Controllers\ProductController))
 8 SYSTEMPATH\CodeIgniter.php(355): CodeIgniter\CodeIgniter->handleRequest(null, Object(Config\Cache), false)
 9 SYSTEMPATH\Boot.php(325): CodeIgniter\CodeIgniter->run()
10 SYSTEMPATH\Boot.php(67): CodeIgniter\Boot::runCodeIgniter(Object(CodeIgniter\CodeIgniter))
11 FCPATH\index.php(56): CodeIgniter\Boot::bootWeb(Object(Config\Paths))
12 SYSTEMPATH\rewrite.php(44): require_once('E:\\Magang\\product_registration\\public\\index.php')
INFO - 2024-10-12 04:19:48 --> Session: Class initialized using 'CodeIgniter\Session\Handlers\FileHandler' driver.
INFO - 2024-10-12 04:20:34 --> Session: Class initialized using 'CodeIgniter\Session\Handlers\FileHandler' driver.
CRITICAL - 2024-10-12 05:00:38 --> Error: Class "App\Controllers\ProductModel" not found
[Method: GET, Route: /]
in APPPATH\Controllers\ProductController.php on line 16.
 1 SYSTEMPATH\CodeIgniter.php(933): App\Controllers\ProductController->index()
 2 SYSTEMPATH\CodeIgniter.php(509): CodeIgniter\CodeIgniter->runController(Object(App\Controllers\ProductController))
 3 SYSTEMPATH\CodeIgniter.php(355): CodeIgniter\CodeIgniter->handleRequest(null, Object(Config\Cache), false)
 4 SYSTEMPATH\Boot.php(325): CodeIgniter\CodeIgniter->run()
 5 SYSTEMPATH\Boot.php(67): CodeIgniter\Boot::runCodeIgniter(Object(CodeIgniter\CodeIgniter))
 6 FCPATH\index.php(56): CodeIgniter\Boot::bootWeb(Object(Config\Paths))
 7 SYSTEMPATH\rewrite.php(44): require_once('E:\\Magang\\product_registration\\public\\index.php')
CRITICAL - 2024-10-12 05:01:50 --> CodeIgniter\View\Exceptions\ViewException: Invalid file: "/.php"
[Method: GET, Route: /]
in SYSTEMPATH\Exceptions\FrameworkException.php on line 41.
 1 SYSTEMPATH\View\View.php(222): CodeIgniter\Exceptions\FrameworkException::forInvalidFile('/.php')
 2 SYSTEMPATH\Common.php(1171): CodeIgniter\View\View->render('/', [], true)
 3 APPPATH\Controllers\ProductController.php(29): view('/', [...])
 4 SYSTEMPATH\CodeIgniter.php(933): App\Controllers\ProductController->index()
 5 SYSTEMPATH\CodeIgniter.php(509): CodeIgniter\CodeIgniter->runController(Object(App\Controllers\ProductController))
 6 SYSTEMPATH\CodeIgniter.php(355): CodeIgniter\CodeIgniter->handleRequest(null, Object(Config\Cache), false)
 7 SYSTEMPATH\Boot.php(325): CodeIgniter\CodeIgniter->run()
 8 SYSTEMPATH\Boot.php(67): CodeIgniter\Boot::runCodeIgniter(Object(CodeIgniter\CodeIgniter))
 9 FCPATH\index.php(56): CodeIgniter\Boot::bootWeb(Object(Config\Paths))
10 SYSTEMPATH\rewrite.php(44): require_once('E:\\Magang\\product_registration\\public\\index.php')
