INFO - 2024-11-18 08:29:38 --> Session: Class initialized using 'CodeIgniter\Session\Handlers\FileHandler' driver.
INFO - 2024-11-18 08:30:38 --> CSRF token verified.
INFO - 2024-11-18 08:30:38 --> Session: Class initialized using 'CodeIgniter\Session\Handlers\FileHandler' driver.
INFO - 2024-11-18 08:30:39 --> Session: Class initialized using 'CodeIgniter\Session\Handlers\FileHandler' driver.
INFO - 2024-11-18 08:30:55 --> Session: Class initialized using 'CodeIgniter\Session\Handlers\FileHandler' driver.
INFO - 2024-11-18 08:30:58 --> Session: Class initialized using 'CodeIgniter\Session\Handlers\FileHandler' driver.
INFO - 2024-11-18 08:32:21 --> Session: Class initialized using 'CodeIgniter\Session\Handlers\FileHandler' driver.
INFO - 2024-11-18 08:32:27 --> Session: Class initialized using 'CodeIgniter\Session\Handlers\FileHandler' driver.
INFO - 2024-11-18 08:32:31 --> Session: Class initialized using 'CodeIgniter\Session\Handlers\FileHandler' driver.
INFO - 2024-11-18 08:32:42 --> Session: Class initialized using 'CodeIgniter\Session\Handlers\FileHandler' driver.
INFO - 2024-11-18 08:39:03 --> Session: Class initialized using 'CodeIgniter\Session\Handlers\FileHandler' driver.
INFO - 2024-11-18 08:39:20 --> Session: Class initialized using 'CodeIgniter\Session\Handlers\FileHandler' driver.
INFO - 2024-11-18 08:40:05 --> Session: Class initialized using 'CodeIgniter\Session\Handlers\FileHandler' driver.
INFO - 2024-11-18 08:40:08 --> Session: Class initialized using 'CodeIgniter\Session\Handlers\FileHandler' driver.
INFO - 2024-11-18 08:41:08 --> Session: Class initialized using 'CodeIgniter\Session\Handlers\FileHandler' driver.
INFO - 2024-11-18 08:41:11 --> Session: Class initialized using 'CodeIgniter\Session\Handlers\FileHandler' driver.
INFO - 2024-11-18 09:18:09 --> Session: Class initialized using 'CodeIgniter\Session\Handlers\FileHandler' driver.
INFO - 2024-11-18 09:18:23 --> Session: Class initialized using 'CodeIgniter\Session\Handlers\FileHandler' driver.
INFO - 2024-11-18 09:24:07 --> Session: Class initialized using 'CodeIgniter\Session\Handlers\FileHandler' driver.
INFO - 2024-11-18 09:24:23 --> Session: Class initialized using 'CodeIgniter\Session\Handlers\FileHandler' driver.
INFO - 2024-11-18 09:35:10 --> Session: Class initialized using 'CodeIgniter\Session\Handlers\FileHandler' driver.
INFO - 2024-11-18 09:36:02 --> Session: Class initialized using 'CodeIgniter\Session\Handlers\FileHandler' driver.
INFO - 2024-11-18 09:40:32 --> Session: Class initialized using 'CodeIgniter\Session\Handlers\FileHandler' driver.
INFO - 2024-11-18 09:41:05 --> Session: Class initialized using 'CodeIgniter\Session\Handlers\FileHandler' driver.
ERROR - 2024-11-18 09:41:05 --> mysqli_sql_exception: Unknown column 'rejected_at' in 'field list' in D:\product_registration_AIO-steven 1\system\Database\MySQLi\Connection.php:312
Stack trace:
#0 D:\product_registration_AIO-steven 1\system\Database\MySQLi\Connection.php(312): mysqli->query('UPDATE `product...', 0)
#1 D:\product_registration_AIO-steven 1\system\Database\BaseConnection.php(734): CodeIgniter\Database\MySQLi\Connection->execute('UPDATE `product...')
#2 D:\product_registration_AIO-steven 1\system\Database\BaseConnection.php(648): CodeIgniter\Database\BaseConnection->simpleQuery('UPDATE `product...')
#3 D:\product_registration_AIO-steven 1\system\Database\BaseBuilder.php(2516): CodeIgniter\Database\BaseConnection->query('UPDATE `product...', Array, false)
#4 D:\product_registration_AIO-steven 1\system\Model.php(461): CodeIgniter\Database\BaseBuilder->update()
#5 D:\product_registration_AIO-steven 1\system\BaseModel.php(1028): CodeIgniter\Model->doUpdate(Array, Array)
#6 D:\product_registration_AIO-steven 1\system\Model.php(865): CodeIgniter\BaseModel->update(Array, Array)
#7 D:\product_registration_AIO-steven 1\app\Controllers\ProductController.php(134): CodeIgniter\Model->update('76', Array)
#8 D:\product_registration_AIO-steven 1\system\CodeIgniter.php(933): App\Controllers\ProductController->rejectProduct('76')
#9 D:\product_registration_AIO-steven 1\system\CodeIgniter.php(509): CodeIgniter\CodeIgniter->runController(Object(App\Controllers\ProductController))
#10 D:\product_registration_AIO-steven 1\system\CodeIgniter.php(355): CodeIgniter\CodeIgniter->handleRequest(NULL, Object(Config\Cache), false)
#11 D:\product_registration_AIO-steven 1\system\Boot.php(325): CodeIgniter\CodeIgniter->run()
#12 D:\product_registration_AIO-steven 1\system\Boot.php(67): CodeIgniter\Boot::runCodeIgniter(Object(CodeIgniter\CodeIgniter))
#13 D:\product_registration_AIO-steven 1\public\index.php(56): CodeIgniter\Boot::bootWeb(Object(Config\Paths))
#14 D:\product_registration_AIO-steven 1\system\rewrite.php(44): require_once('D:\\product_regi...')
#15 {main}
CRITICAL - 2024-11-18 09:41:05 --> CodeIgniter\Database\Exceptions\DatabaseException: Unknown column 'rejected_at' in 'field list'
[Method: GET, Route: superadmin/reject/76]
in SYSTEMPATH\Database\BaseConnection.php on line 688.
 1 SYSTEMPATH\Database\BaseBuilder.php(2516): CodeIgniter\Database\BaseConnection->query('UPDATE `product_submissions` SET `status` = :status:, `rejected_at` = :rejected_at:
WHERE `product_submissions`.`id` IN :product_submissions.id:', [...], false)
 2 SYSTEMPATH\Model.php(461): CodeIgniter\Database\BaseBuilder->update()
 3 SYSTEMPATH\BaseModel.php(1028): CodeIgniter\Model->doUpdate([...], [...])
 4 SYSTEMPATH\Model.php(865): CodeIgniter\BaseModel->update([...], [...])
 5 APPPATH\Controllers\ProductController.php(134): CodeIgniter\Model->update('76', [...])
 6 SYSTEMPATH\CodeIgniter.php(933): App\Controllers\ProductController->rejectProduct('76')
 7 SYSTEMPATH\CodeIgniter.php(509): CodeIgniter\CodeIgniter->runController(Object(App\Controllers\ProductController))
 8 SYSTEMPATH\CodeIgniter.php(355): CodeIgniter\CodeIgniter->handleRequest(null, Object(Config\Cache), false)
 9 SYSTEMPATH\Boot.php(325): CodeIgniter\CodeIgniter->run()
10 SYSTEMPATH\Boot.php(67): CodeIgniter\Boot::runCodeIgniter(Object(CodeIgniter\CodeIgniter))
11 FCPATH\index.php(56): CodeIgniter\Boot::bootWeb(Object(Config\Paths))
12 SYSTEMPATH\rewrite.php(44): require_once('D:\\product_registration_AIO-steven 1\\public\\index.php')
CRITICAL - 2024-11-18 09:41:05 --> [Caused by] CodeIgniter\Database\Exceptions\DatabaseException: Unknown column 'rejected_at' in 'field list'
in SYSTEMPATH\Database\MySQLi\Connection.php on line 317.
 1 SYSTEMPATH\Database\BaseConnection.php(734): CodeIgniter\Database\MySQLi\Connection->execute('UPDATE `product_submissions` SET `status` = \'rejected\', `rejected_at` = \'2024-11-18 09:41:05\'
WHERE `product_submissions`.`id` IN (\'76\')')
 2 SYSTEMPATH\Database\BaseConnection.php(648): CodeIgniter\Database\BaseConnection->simpleQuery('UPDATE `product_submissions` SET `status` = \'rejected\', `rejected_at` = \'2024-11-18 09:41:05\'
WHERE `product_submissions`.`id` IN (\'76\')')
 3 SYSTEMPATH\Database\BaseBuilder.php(2516): CodeIgniter\Database\BaseConnection->query('UPDATE `product_submissions` SET `status` = :status:, `rejected_at` = :rejected_at:
WHERE `product_submissions`.`id` IN :product_submissions.id:', [...], false)
 4 SYSTEMPATH\Model.php(461): CodeIgniter\Database\BaseBuilder->update()
 5 SYSTEMPATH\BaseModel.php(1028): CodeIgniter\Model->doUpdate([...], [...])
 6 SYSTEMPATH\Model.php(865): CodeIgniter\BaseModel->update([...], [...])
 7 APPPATH\Controllers\ProductController.php(134): CodeIgniter\Model->update('76', [...])
 8 SYSTEMPATH\CodeIgniter.php(933): App\Controllers\ProductController->rejectProduct('76')
 9 SYSTEMPATH\CodeIgniter.php(509): CodeIgniter\CodeIgniter->runController(Object(App\Controllers\ProductController))
10 SYSTEMPATH\CodeIgniter.php(355): CodeIgniter\CodeIgniter->handleRequest(null, Object(Config\Cache), false)
11 SYSTEMPATH\Boot.php(325): CodeIgniter\CodeIgniter->run()
12 SYSTEMPATH\Boot.php(67): CodeIgniter\Boot::runCodeIgniter(Object(CodeIgniter\CodeIgniter))
13 FCPATH\index.php(56): CodeIgniter\Boot::bootWeb(Object(Config\Paths))
14 SYSTEMPATH\rewrite.php(44): require_once('D:\\product_registration_AIO-steven 1\\public\\index.php')
CRITICAL - 2024-11-18 09:41:05 --> [Caused by] mysqli_sql_exception: Unknown column 'rejected_at' in 'field list'
in SYSTEMPATH\Database\MySQLi\Connection.php on line 312.
 1 SYSTEMPATH\Database\MySQLi\Connection.php(312): mysqli->query('UPDATE `product_submissions` SET `status` = \'rejected\', `rejected_at` = \'2024-11-18 09:41:05\'
WHERE `product_submissions`.`id` IN (\'76\')', 0)
 2 SYSTEMPATH\Database\BaseConnection.php(734): CodeIgniter\Database\MySQLi\Connection->execute('UPDATE `product_submissions` SET `status` = \'rejected\', `rejected_at` = \'2024-11-18 09:41:05\'
WHERE `product_submissions`.`id` IN (\'76\')')
 3 SYSTEMPATH\Database\BaseConnection.php(648): CodeIgniter\Database\BaseConnection->simpleQuery('UPDATE `product_submissions` SET `status` = \'rejected\', `rejected_at` = \'2024-11-18 09:41:05\'
WHERE `product_submissions`.`id` IN (\'76\')')
 4 SYSTEMPATH\Database\BaseBuilder.php(2516): CodeIgniter\Database\BaseConnection->query('UPDATE `product_submissions` SET `status` = :status:, `rejected_at` = :rejected_at:
WHERE `product_submissions`.`id` IN :product_submissions.id:', [...], false)
 5 SYSTEMPATH\Model.php(461): CodeIgniter\Database\BaseBuilder->update()
 6 SYSTEMPATH\BaseModel.php(1028): CodeIgniter\Model->doUpdate([...], [...])
 7 SYSTEMPATH\Model.php(865): CodeIgniter\BaseModel->update([...], [...])
 8 APPPATH\Controllers\ProductController.php(134): CodeIgniter\Model->update('76', [...])
 9 SYSTEMPATH\CodeIgniter.php(933): App\Controllers\ProductController->rejectProduct('76')
10 SYSTEMPATH\CodeIgniter.php(509): CodeIgniter\CodeIgniter->runController(Object(App\Controllers\ProductController))
11 SYSTEMPATH\CodeIgniter.php(355): CodeIgniter\CodeIgniter->handleRequest(null, Object(Config\Cache), false)
12 SYSTEMPATH\Boot.php(325): CodeIgniter\CodeIgniter->run()
13 SYSTEMPATH\Boot.php(67): CodeIgniter\Boot::runCodeIgniter(Object(CodeIgniter\CodeIgniter))
14 FCPATH\index.php(56): CodeIgniter\Boot::bootWeb(Object(Config\Paths))
15 SYSTEMPATH\rewrite.php(44): require_once('D:\\product_registration_AIO-steven 1\\public\\index.php')
INFO - 2024-11-18 09:41:19 --> Session: Class initialized using 'CodeIgniter\Session\Handlers\FileHandler' driver.
INFO - 2024-11-18 09:41:22 --> Session: Class initialized using 'CodeIgniter\Session\Handlers\FileHandler' driver.
ERROR - 2024-11-18 09:41:22 --> mysqli_sql_exception: Unknown column 'rejected_at' in 'field list' in D:\product_registration_AIO-steven 1\system\Database\MySQLi\Connection.php:312
Stack trace:
#0 D:\product_registration_AIO-steven 1\system\Database\MySQLi\Connection.php(312): mysqli->query('UPDATE `product...', 0)
#1 D:\product_registration_AIO-steven 1\system\Database\BaseConnection.php(734): CodeIgniter\Database\MySQLi\Connection->execute('UPDATE `product...')
#2 D:\product_registration_AIO-steven 1\system\Database\BaseConnection.php(648): CodeIgniter\Database\BaseConnection->simpleQuery('UPDATE `product...')
#3 D:\product_registration_AIO-steven 1\system\Database\BaseBuilder.php(2516): CodeIgniter\Database\BaseConnection->query('UPDATE `product...', Array, false)
#4 D:\product_registration_AIO-steven 1\system\Model.php(461): CodeIgniter\Database\BaseBuilder->update()
#5 D:\product_registration_AIO-steven 1\system\BaseModel.php(1028): CodeIgniter\Model->doUpdate(Array, Array)
#6 D:\product_registration_AIO-steven 1\system\Model.php(865): CodeIgniter\BaseModel->update(Array, Array)
#7 D:\product_registration_AIO-steven 1\app\Controllers\ProductController.php(134): CodeIgniter\Model->update('76', Array)
#8 D:\product_registration_AIO-steven 1\system\CodeIgniter.php(933): App\Controllers\ProductController->rejectProduct('76')
#9 D:\product_registration_AIO-steven 1\system\CodeIgniter.php(509): CodeIgniter\CodeIgniter->runController(Object(App\Controllers\ProductController))
#10 D:\product_registration_AIO-steven 1\system\CodeIgniter.php(355): CodeIgniter\CodeIgniter->handleRequest(NULL, Object(Config\Cache), false)
#11 D:\product_registration_AIO-steven 1\system\Boot.php(325): CodeIgniter\CodeIgniter->run()
#12 D:\product_registration_AIO-steven 1\system\Boot.php(67): CodeIgniter\Boot::runCodeIgniter(Object(CodeIgniter\CodeIgniter))
#13 D:\product_registration_AIO-steven 1\public\index.php(56): CodeIgniter\Boot::bootWeb(Object(Config\Paths))
#14 D:\product_registration_AIO-steven 1\system\rewrite.php(44): require_once('D:\\product_regi...')
#15 {main}
CRITICAL - 2024-11-18 09:41:22 --> CodeIgniter\Database\Exceptions\DatabaseException: Unknown column 'rejected_at' in 'field list'
[Method: GET, Route: superadmin/reject/76]
in SYSTEMPATH\Database\BaseConnection.php on line 688.
 1 SYSTEMPATH\Database\BaseBuilder.php(2516): CodeIgniter\Database\BaseConnection->query('UPDATE `product_submissions` SET `status` = :status:, `rejected_at` = :rejected_at:
WHERE `product_submissions`.`id` IN :product_submissions.id:', [...], false)
 2 SYSTEMPATH\Model.php(461): CodeIgniter\Database\BaseBuilder->update()
 3 SYSTEMPATH\BaseModel.php(1028): CodeIgniter\Model->doUpdate([...], [...])
 4 SYSTEMPATH\Model.php(865): CodeIgniter\BaseModel->update([...], [...])
 5 APPPATH\Controllers\ProductController.php(134): CodeIgniter\Model->update('76', [...])
 6 SYSTEMPATH\CodeIgniter.php(933): App\Controllers\ProductController->rejectProduct('76')
 7 SYSTEMPATH\CodeIgniter.php(509): CodeIgniter\CodeIgniter->runController(Object(App\Controllers\ProductController))
 8 SYSTEMPATH\CodeIgniter.php(355): CodeIgniter\CodeIgniter->handleRequest(null, Object(Config\Cache), false)
 9 SYSTEMPATH\Boot.php(325): CodeIgniter\CodeIgniter->run()
10 SYSTEMPATH\Boot.php(67): CodeIgniter\Boot::runCodeIgniter(Object(CodeIgniter\CodeIgniter))
11 FCPATH\index.php(56): CodeIgniter\Boot::bootWeb(Object(Config\Paths))
12 SYSTEMPATH\rewrite.php(44): require_once('D:\\product_registration_AIO-steven 1\\public\\index.php')
CRITICAL - 2024-11-18 09:41:22 --> [Caused by] CodeIgniter\Database\Exceptions\DatabaseException: Unknown column 'rejected_at' in 'field list'
in SYSTEMPATH\Database\MySQLi\Connection.php on line 317.
 1 SYSTEMPATH\Database\BaseConnection.php(734): CodeIgniter\Database\MySQLi\Connection->execute('UPDATE `product_submissions` SET `status` = \'rejected\', `rejected_at` = \'2024-11-18 09:41:22\'
WHERE `product_submissions`.`id` IN (\'76\')')
 2 SYSTEMPATH\Database\BaseConnection.php(648): CodeIgniter\Database\BaseConnection->simpleQuery('UPDATE `product_submissions` SET `status` = \'rejected\', `rejected_at` = \'2024-11-18 09:41:22\'
WHERE `product_submissions`.`id` IN (\'76\')')
 3 SYSTEMPATH\Database\BaseBuilder.php(2516): CodeIgniter\Database\BaseConnection->query('UPDATE `product_submissions` SET `status` = :status:, `rejected_at` = :rejected_at:
WHERE `product_submissions`.`id` IN :product_submissions.id:', [...], false)
 4 SYSTEMPATH\Model.php(461): CodeIgniter\Database\BaseBuilder->update()
 5 SYSTEMPATH\BaseModel.php(1028): CodeIgniter\Model->doUpdate([...], [...])
 6 SYSTEMPATH\Model.php(865): CodeIgniter\BaseModel->update([...], [...])
 7 APPPATH\Controllers\ProductController.php(134): CodeIgniter\Model->update('76', [...])
 8 SYSTEMPATH\CodeIgniter.php(933): App\Controllers\ProductController->rejectProduct('76')
 9 SYSTEMPATH\CodeIgniter.php(509): CodeIgniter\CodeIgniter->runController(Object(App\Controllers\ProductController))
10 SYSTEMPATH\CodeIgniter.php(355): CodeIgniter\CodeIgniter->handleRequest(null, Object(Config\Cache), false)
11 SYSTEMPATH\Boot.php(325): CodeIgniter\CodeIgniter->run()
12 SYSTEMPATH\Boot.php(67): CodeIgniter\Boot::runCodeIgniter(Object(CodeIgniter\CodeIgniter))
13 FCPATH\index.php(56): CodeIgniter\Boot::bootWeb(Object(Config\Paths))
14 SYSTEMPATH\rewrite.php(44): require_once('D:\\product_registration_AIO-steven 1\\public\\index.php')
CRITICAL - 2024-11-18 09:41:22 --> [Caused by] mysqli_sql_exception: Unknown column 'rejected_at' in 'field list'
in SYSTEMPATH\Database\MySQLi\Connection.php on line 312.
 1 SYSTEMPATH\Database\MySQLi\Connection.php(312): mysqli->query('UPDATE `product_submissions` SET `status` = \'rejected\', `rejected_at` = \'2024-11-18 09:41:22\'
WHERE `product_submissions`.`id` IN (\'76\')', 0)
 2 SYSTEMPATH\Database\BaseConnection.php(734): CodeIgniter\Database\MySQLi\Connection->execute('UPDATE `product_submissions` SET `status` = \'rejected\', `rejected_at` = \'2024-11-18 09:41:22\'
WHERE `product_submissions`.`id` IN (\'76\')')
 3 SYSTEMPATH\Database\BaseConnection.php(648): CodeIgniter\Database\BaseConnection->simpleQuery('UPDATE `product_submissions` SET `status` = \'rejected\', `rejected_at` = \'2024-11-18 09:41:22\'
WHERE `product_submissions`.`id` IN (\'76\')')
 4 SYSTEMPATH\Database\BaseBuilder.php(2516): CodeIgniter\Database\BaseConnection->query('UPDATE `product_submissions` SET `status` = :status:, `rejected_at` = :rejected_at:
WHERE `product_submissions`.`id` IN :product_submissions.id:', [...], false)
 5 SYSTEMPATH\Model.php(461): CodeIgniter\Database\BaseBuilder->update()
 6 SYSTEMPATH\BaseModel.php(1028): CodeIgniter\Model->doUpdate([...], [...])
 7 SYSTEMPATH\Model.php(865): CodeIgniter\BaseModel->update([...], [...])
 8 APPPATH\Controllers\ProductController.php(134): CodeIgniter\Model->update('76', [...])
 9 SYSTEMPATH\CodeIgniter.php(933): App\Controllers\ProductController->rejectProduct('76')
10 SYSTEMPATH\CodeIgniter.php(509): CodeIgniter\CodeIgniter->runController(Object(App\Controllers\ProductController))
11 SYSTEMPATH\CodeIgniter.php(355): CodeIgniter\CodeIgniter->handleRequest(null, Object(Config\Cache), false)
12 SYSTEMPATH\Boot.php(325): CodeIgniter\CodeIgniter->run()
13 SYSTEMPATH\Boot.php(67): CodeIgniter\Boot::runCodeIgniter(Object(CodeIgniter\CodeIgniter))
14 FCPATH\index.php(56): CodeIgniter\Boot::bootWeb(Object(Config\Paths))
15 SYSTEMPATH\rewrite.php(44): require_once('D:\\product_registration_AIO-steven 1\\public\\index.php')
INFO - 2024-11-18 09:41:25 --> Session: Class initialized using 'CodeIgniter\Session\Handlers\FileHandler' driver.
INFO - 2024-11-18 09:41:27 --> Session: Class initialized using 'CodeIgniter\Session\Handlers\FileHandler' driver.
ERROR - 2024-11-18 09:41:27 --> mysqli_sql_exception: Unknown column 'approved_at' in 'field list' in D:\product_registration_AIO-steven 1\system\Database\MySQLi\Connection.php:312
Stack trace:
#0 D:\product_registration_AIO-steven 1\system\Database\MySQLi\Connection.php(312): mysqli->query('UPDATE `product...', 0)
#1 D:\product_registration_AIO-steven 1\system\Database\BaseConnection.php(734): CodeIgniter\Database\MySQLi\Connection->execute('UPDATE `product...')
#2 D:\product_registration_AIO-steven 1\system\Database\BaseConnection.php(648): CodeIgniter\Database\BaseConnection->simpleQuery('UPDATE `product...')
#3 D:\product_registration_AIO-steven 1\system\Database\BaseBuilder.php(2516): CodeIgniter\Database\BaseConnection->query('UPDATE `product...', Array, false)
#4 D:\product_registration_AIO-steven 1\system\Model.php(461): CodeIgniter\Database\BaseBuilder->update()
#5 D:\product_registration_AIO-steven 1\system\BaseModel.php(1028): CodeIgniter\Model->doUpdate(Array, Array)
#6 D:\product_registration_AIO-steven 1\system\Model.php(865): CodeIgniter\BaseModel->update(Array, Array)
#7 D:\product_registration_AIO-steven 1\app\Controllers\ProductController.php(125): CodeIgniter\Model->update('76', Array)
#8 D:\product_registration_AIO-steven 1\system\CodeIgniter.php(933): App\Controllers\ProductController->approveProduct('76')
#9 D:\product_registration_AIO-steven 1\system\CodeIgniter.php(509): CodeIgniter\CodeIgniter->runController(Object(App\Controllers\ProductController))
#10 D:\product_registration_AIO-steven 1\system\CodeIgniter.php(355): CodeIgniter\CodeIgniter->handleRequest(NULL, Object(Config\Cache), false)
#11 D:\product_registration_AIO-steven 1\system\Boot.php(325): CodeIgniter\CodeIgniter->run()
#12 D:\product_registration_AIO-steven 1\system\Boot.php(67): CodeIgniter\Boot::runCodeIgniter(Object(CodeIgniter\CodeIgniter))
#13 D:\product_registration_AIO-steven 1\public\index.php(56): CodeIgniter\Boot::bootWeb(Object(Config\Paths))
#14 D:\product_registration_AIO-steven 1\system\rewrite.php(44): require_once('D:\\product_regi...')
#15 {main}
CRITICAL - 2024-11-18 09:41:27 --> CodeIgniter\Database\Exceptions\DatabaseException: Unknown column 'approved_at' in 'field list'
[Method: GET, Route: superadmin/approve/76]
in SYSTEMPATH\Database\BaseConnection.php on line 688.
 1 SYSTEMPATH\Database\BaseBuilder.php(2516): CodeIgniter\Database\BaseConnection->query('UPDATE `product_submissions` SET `status` = :status:, `approved_at` = :approved_at:
WHERE `product_submissions`.`id` IN :product_submissions.id:', [...], false)
 2 SYSTEMPATH\Model.php(461): CodeIgniter\Database\BaseBuilder->update()
 3 SYSTEMPATH\BaseModel.php(1028): CodeIgniter\Model->doUpdate([...], [...])
 4 SYSTEMPATH\Model.php(865): CodeIgniter\BaseModel->update([...], [...])
 5 APPPATH\Controllers\ProductController.php(125): CodeIgniter\Model->update('76', [...])
 6 SYSTEMPATH\CodeIgniter.php(933): App\Controllers\ProductController->approveProduct('76')
 7 SYSTEMPATH\CodeIgniter.php(509): CodeIgniter\CodeIgniter->runController(Object(App\Controllers\ProductController))
 8 SYSTEMPATH\CodeIgniter.php(355): CodeIgniter\CodeIgniter->handleRequest(null, Object(Config\Cache), false)
 9 SYSTEMPATH\Boot.php(325): CodeIgniter\CodeIgniter->run()
10 SYSTEMPATH\Boot.php(67): CodeIgniter\Boot::runCodeIgniter(Object(CodeIgniter\CodeIgniter))
11 FCPATH\index.php(56): CodeIgniter\Boot::bootWeb(Object(Config\Paths))
12 SYSTEMPATH\rewrite.php(44): require_once('D:\\product_registration_AIO-steven 1\\public\\index.php')
CRITICAL - 2024-11-18 09:41:27 --> [Caused by] CodeIgniter\Database\Exceptions\DatabaseException: Unknown column 'approved_at' in 'field list'
in SYSTEMPATH\Database\MySQLi\Connection.php on line 317.
 1 SYSTEMPATH\Database\BaseConnection.php(734): CodeIgniter\Database\MySQLi\Connection->execute('UPDATE `product_submissions` SET `status` = \'approved\', `approved_at` = \'2024-11-18 09:41:27\'
WHERE `product_submissions`.`id` IN (\'76\')')
 2 SYSTEMPATH\Database\BaseConnection.php(648): CodeIgniter\Database\BaseConnection->simpleQuery('UPDATE `product_submissions` SET `status` = \'approved\', `approved_at` = \'2024-11-18 09:41:27\'
WHERE `product_submissions`.`id` IN (\'76\')')
 3 SYSTEMPATH\Database\BaseBuilder.php(2516): CodeIgniter\Database\BaseConnection->query('UPDATE `product_submissions` SET `status` = :status:, `approved_at` = :approved_at:
WHERE `product_submissions`.`id` IN :product_submissions.id:', [...], false)
 4 SYSTEMPATH\Model.php(461): CodeIgniter\Database\BaseBuilder->update()
 5 SYSTEMPATH\BaseModel.php(1028): CodeIgniter\Model->doUpdate([...], [...])
 6 SYSTEMPATH\Model.php(865): CodeIgniter\BaseModel->update([...], [...])
 7 APPPATH\Controllers\ProductController.php(125): CodeIgniter\Model->update('76', [...])
 8 SYSTEMPATH\CodeIgniter.php(933): App\Controllers\ProductController->approveProduct('76')
 9 SYSTEMPATH\CodeIgniter.php(509): CodeIgniter\CodeIgniter->runController(Object(App\Controllers\ProductController))
10 SYSTEMPATH\CodeIgniter.php(355): CodeIgniter\CodeIgniter->handleRequest(null, Object(Config\Cache), false)
11 SYSTEMPATH\Boot.php(325): CodeIgniter\CodeIgniter->run()
12 SYSTEMPATH\Boot.php(67): CodeIgniter\Boot::runCodeIgniter(Object(CodeIgniter\CodeIgniter))
13 FCPATH\index.php(56): CodeIgniter\Boot::bootWeb(Object(Config\Paths))
14 SYSTEMPATH\rewrite.php(44): require_once('D:\\product_registration_AIO-steven 1\\public\\index.php')
CRITICAL - 2024-11-18 09:41:27 --> [Caused by] mysqli_sql_exception: Unknown column 'approved_at' in 'field list'
in SYSTEMPATH\Database\MySQLi\Connection.php on line 312.
 1 SYSTEMPATH\Database\MySQLi\Connection.php(312): mysqli->query('UPDATE `product_submissions` SET `status` = \'approved\', `approved_at` = \'2024-11-18 09:41:27\'
WHERE `product_submissions`.`id` IN (\'76\')', 0)
 2 SYSTEMPATH\Database\BaseConnection.php(734): CodeIgniter\Database\MySQLi\Connection->execute('UPDATE `product_submissions` SET `status` = \'approved\', `approved_at` = \'2024-11-18 09:41:27\'
WHERE `product_submissions`.`id` IN (\'76\')')
 3 SYSTEMPATH\Database\BaseConnection.php(648): CodeIgniter\Database\BaseConnection->simpleQuery('UPDATE `product_submissions` SET `status` = \'approved\', `approved_at` = \'2024-11-18 09:41:27\'
WHERE `product_submissions`.`id` IN (\'76\')')
 4 SYSTEMPATH\Database\BaseBuilder.php(2516): CodeIgniter\Database\BaseConnection->query('UPDATE `product_submissions` SET `status` = :status:, `approved_at` = :approved_at:
WHERE `product_submissions`.`id` IN :product_submissions.id:', [...], false)
 5 SYSTEMPATH\Model.php(461): CodeIgniter\Database\BaseBuilder->update()
 6 SYSTEMPATH\BaseModel.php(1028): CodeIgniter\Model->doUpdate([...], [...])
 7 SYSTEMPATH\Model.php(865): CodeIgniter\BaseModel->update([...], [...])
 8 APPPATH\Controllers\ProductController.php(125): CodeIgniter\Model->update('76', [...])
 9 SYSTEMPATH\CodeIgniter.php(933): App\Controllers\ProductController->approveProduct('76')
10 SYSTEMPATH\CodeIgniter.php(509): CodeIgniter\CodeIgniter->runController(Object(App\Controllers\ProductController))
11 SYSTEMPATH\CodeIgniter.php(355): CodeIgniter\CodeIgniter->handleRequest(null, Object(Config\Cache), false)
12 SYSTEMPATH\Boot.php(325): CodeIgniter\CodeIgniter->run()
13 SYSTEMPATH\Boot.php(67): CodeIgniter\Boot::runCodeIgniter(Object(CodeIgniter\CodeIgniter))
14 FCPATH\index.php(56): CodeIgniter\Boot::bootWeb(Object(Config\Paths))
15 SYSTEMPATH\rewrite.php(44): require_once('D:\\product_registration_AIO-steven 1\\public\\index.php')
INFO - 2024-11-18 09:41:30 --> Session: Class initialized using 'CodeIgniter\Session\Handlers\FileHandler' driver.
INFO - 2024-11-18 09:41:34 --> Session: Class initialized using 'CodeIgniter\Session\Handlers\FileHandler' driver.
INFO - 2024-11-18 09:42:07 --> Session: Class initialized using 'CodeIgniter\Session\Handlers\FileHandler' driver.
INFO - 2024-11-18 09:42:22 --> Session: Class initialized using 'CodeIgniter\Session\Handlers\FileHandler' driver.
INFO - 2024-11-18 09:42:23 --> Session: Class initialized using 'CodeIgniter\Session\Handlers\FileHandler' driver.
INFO - 2024-11-18 09:42:30 --> Session: Class initialized using 'CodeIgniter\Session\Handlers\FileHandler' driver.
INFO - 2024-11-18 09:43:10 --> Session: Class initialized using 'CodeIgniter\Session\Handlers\FileHandler' driver.
INFO - 2024-11-18 09:43:14 --> Session: Class initialized using 'CodeIgniter\Session\Handlers\FileHandler' driver.
INFO - 2024-11-18 09:43:19 --> Session: Class initialized using 'CodeIgniter\Session\Handlers\FileHandler' driver.
INFO - 2024-11-18 09:43:24 --> Session: Class initialized using 'CodeIgniter\Session\Handlers\FileHandler' driver.
INFO - 2024-11-18 09:43:49 --> Session: Class initialized using 'CodeIgniter\Session\Handlers\FileHandler' driver.
INFO - 2024-11-18 09:45:46 --> Session: Class initialized using 'CodeIgniter\Session\Handlers\FileHandler' driver.
INFO - 2024-11-18 09:46:07 --> Session: Class initialized using 'CodeIgniter\Session\Handlers\FileHandler' driver.
INFO - 2024-11-18 09:46:16 --> Session: Class initialized using 'CodeIgniter\Session\Handlers\FileHandler' driver.
CRITICAL - 2024-11-18 09:46:16 --> CodeIgniter\View\Exceptions\ViewException: Invalid file: "user/edit_user.php"
[Method: GET, Route: superadmin/user/editUser/1]
in SYSTEMPATH\Exceptions\FrameworkException.php on line 41.
 1 SYSTEMPATH\View\View.php(222): CodeIgniter\Exceptions\FrameworkException::forInvalidFile('user/edit_user.php')
 2 SYSTEMPATH\Common.php(1171): CodeIgniter\View\View->render('user/edit_user', [], true)
 3 APPPATH\Controllers\Superadmin\UserController.php(70): view('user/edit_user')
 4 SYSTEMPATH\CodeIgniter.php(933): App\Controllers\Superadmin\UserController->editUser('1')
 5 SYSTEMPATH\CodeIgniter.php(509): CodeIgniter\CodeIgniter->runController(Object(App\Controllers\Superadmin\UserController))
 6 SYSTEMPATH\CodeIgniter.php(355): CodeIgniter\CodeIgniter->handleRequest(null, Object(Config\Cache), false)
 7 SYSTEMPATH\Boot.php(325): CodeIgniter\CodeIgniter->run()
 8 SYSTEMPATH\Boot.php(67): CodeIgniter\Boot::runCodeIgniter(Object(CodeIgniter\CodeIgniter))
 9 FCPATH\index.php(56): CodeIgniter\Boot::bootWeb(Object(Config\Paths))
10 SYSTEMPATH\rewrite.php(44): require_once('D:\\product_registration_AIO-steven 1\\public\\index.php')
INFO - 2024-11-18 09:46:20 --> Session: Class initialized using 'CodeIgniter\Session\Handlers\FileHandler' driver.
INFO - 2024-11-18 09:46:56 --> Session: Class initialized using 'CodeIgniter\Session\Handlers\FileHandler' driver.
INFO - 2024-11-18 09:46:57 --> Session: Class initialized using 'CodeIgniter\Session\Handlers\FileHandler' driver.
INFO - 2024-11-18 09:47:06 --> Session: Class initialized using 'CodeIgniter\Session\Handlers\FileHandler' driver.
INFO - 2024-11-18 09:47:14 --> Session: Class initialized using 'CodeIgniter\Session\Handlers\FileHandler' driver.
INFO - 2024-11-18 09:47:25 --> Session: Class initialized using 'CodeIgniter\Session\Handlers\FileHandler' driver.
INFO - 2024-11-18 10:03:32 --> Session: Class initialized using 'CodeIgniter\Session\Handlers\FileHandler' driver.
INFO - 2024-11-18 10:06:31 --> Session: Class initialized using 'CodeIgniter\Session\Handlers\FileHandler' driver.
INFO - 2024-11-18 10:06:47 --> CSRF token verified.
INFO - 2024-11-18 10:06:47 --> Session: Class initialized using 'CodeIgniter\Session\Handlers\FileHandler' driver.
INFO - 2024-11-18 10:06:47 --> Session: Class initialized using 'CodeIgniter\Session\Handlers\FileHandler' driver.
INFO - 2024-11-18 10:06:56 --> Session: Class initialized using 'CodeIgniter\Session\Handlers\FileHandler' driver.
INFO - 2024-11-18 10:07:36 --> Session: Class initialized using 'CodeIgniter\Session\Handlers\FileHandler' driver.
INFO - 2024-11-18 10:27:54 --> Session: Class initialized using 'CodeIgniter\Session\Handlers\FileHandler' driver.
INFO - 2024-11-18 10:28:22 --> Session: Class initialized using 'CodeIgniter\Session\Handlers\FileHandler' driver.
INFO - 2024-11-18 10:28:59 --> Session: Class initialized using 'CodeIgniter\Session\Handlers\FileHandler' driver.
INFO - 2024-11-18 10:29:24 --> Session: Class initialized using 'CodeIgniter\Session\Handlers\FileHandler' driver.
INFO - 2024-11-18 10:32:30 --> Session: Class initialized using 'CodeIgniter\Session\Handlers\FileHandler' driver.
INFO - 2024-11-18 10:32:48 --> Session: Class initialized using 'CodeIgniter\Session\Handlers\FileHandler' driver.
INFO - 2024-11-18 10:33:46 --> Session: Class initialized using 'CodeIgniter\Session\Handlers\FileHandler' driver.
INFO - 2024-11-18 10:39:54 --> Session: Class initialized using 'CodeIgniter\Session\Handlers\FileHandler' driver.
INFO - 2024-11-18 10:40:43 --> Session: Class initialized using 'CodeIgniter\Session\Handlers\FileHandler' driver.
INFO - 2024-11-18 10:41:38 --> Session: Class initialized using 'CodeIgniter\Session\Handlers\FileHandler' driver.
INFO - 2024-11-18 10:41:41 --> Session: Class initialized using 'CodeIgniter\Session\Handlers\FileHandler' driver.
INFO - 2024-11-18 10:43:55 --> Session: Class initialized using 'CodeIgniter\Session\Handlers\FileHandler' driver.
INFO - 2024-11-18 10:44:25 --> Session: Class initialized using 'CodeIgniter\Session\Handlers\FileHandler' driver.
INFO - 2024-11-18 11:04:29 --> Session: Class initialized using 'CodeIgniter\Session\Handlers\FileHandler' driver.
INFO - 2024-11-18 11:14:25 --> CSRF token verified.
INFO - 2024-11-18 11:14:25 --> Session: Class initialized using 'CodeIgniter\Session\Handlers\FileHandler' driver.
ERROR - 2024-11-18 11:14:25 --> mysqli_sql_exception: Unknown column 'approved_at' in 'where clause' in D:\product_registration_AIO-steven 1\system\Database\MySQLi\Connection.php:312
Stack trace:
#0 D:\product_registration_AIO-steven 1\system\Database\MySQLi\Connection.php(312): mysqli->query('SELECT *\nFROM `...', 0)
#1 D:\product_registration_AIO-steven 1\system\Database\BaseConnection.php(734): CodeIgniter\Database\MySQLi\Connection->execute('SELECT *\nFROM `...')
#2 D:\product_registration_AIO-steven 1\system\Database\BaseConnection.php(648): CodeIgniter\Database\BaseConnection->simpleQuery('SELECT *\nFROM `...')
#3 D:\product_registration_AIO-steven 1\system\Database\BaseBuilder.php(1644): CodeIgniter\Database\BaseConnection->query('SELECT *\nFROM `...', Array, false)
#4 D:\product_registration_AIO-steven 1\app\Controllers\ProductController.php(174): CodeIgniter\Database\BaseBuilder->get()
#5 D:\product_registration_AIO-steven 1\system\CodeIgniter.php(933): App\Controllers\ProductController->generateReport()
#6 D:\product_registration_AIO-steven 1\system\CodeIgniter.php(509): CodeIgniter\CodeIgniter->runController(Object(App\Controllers\ProductController))
#7 D:\product_registration_AIO-steven 1\system\CodeIgniter.php(355): CodeIgniter\CodeIgniter->handleRequest(NULL, Object(Config\Cache), false)
#8 D:\product_registration_AIO-steven 1\system\Boot.php(325): CodeIgniter\CodeIgniter->run()
#9 D:\product_registration_AIO-steven 1\system\Boot.php(67): CodeIgniter\Boot::runCodeIgniter(Object(CodeIgniter\CodeIgniter))
#10 D:\product_registration_AIO-steven 1\public\index.php(56): CodeIgniter\Boot::bootWeb(Object(Config\Paths))
#11 D:\product_registration_AIO-steven 1\system\rewrite.php(44): require_once('D:\\product_regi...')
#12 {main}
CRITICAL - 2024-11-18 11:14:25 --> CodeIgniter\Database\Exceptions\DatabaseException: Unknown column 'approved_at' in 'where clause'
[Method: POST, Route: admin/generateReport]
in SYSTEMPATH\Database\BaseConnection.php on line 688.
 1 SYSTEMPATH\Database\BaseBuilder.php(1644): CodeIgniter\Database\BaseConnection->query('SELECT *
FROM `product_submissions`
WHERE `status` IN :status:
AND   (
`approved_at` >= :approved_at:
AND `approved_at` <= :approved_at.1:
OR `rejected_at` >= :rejected_at:
AND `rejected_at` <= :rejected_at.1:
 )
AND `status` = :status.1:', [...], false)
 2 APPPATH\Controllers\ProductController.php(174): CodeIgniter\Database\BaseBuilder->get()
 3 SYSTEMPATH\CodeIgniter.php(933): App\Controllers\ProductController->generateReport()
 4 SYSTEMPATH\CodeIgniter.php(509): CodeIgniter\CodeIgniter->runController(Object(App\Controllers\ProductController))
 5 SYSTEMPATH\CodeIgniter.php(355): CodeIgniter\CodeIgniter->handleRequest(null, Object(Config\Cache), false)
 6 SYSTEMPATH\Boot.php(325): CodeIgniter\CodeIgniter->run()
 7 SYSTEMPATH\Boot.php(67): CodeIgniter\Boot::runCodeIgniter(Object(CodeIgniter\CodeIgniter))
 8 FCPATH\index.php(56): CodeIgniter\Boot::bootWeb(Object(Config\Paths))
 9 SYSTEMPATH\rewrite.php(44): require_once('D:\\product_registration_AIO-steven 1\\public\\index.php')
CRITICAL - 2024-11-18 11:14:25 --> [Caused by] CodeIgniter\Database\Exceptions\DatabaseException: Unknown column 'approved_at' in 'where clause'
in SYSTEMPATH\Database\MySQLi\Connection.php on line 317.
 1 SYSTEMPATH\Database\BaseConnection.php(734): CodeIgniter\Database\MySQLi\Connection->execute('SELECT *
FROM `product_submissions`
WHERE `status` IN (\'approved\',\'rejected\')
AND   (
`approved_at` >= \'2024-11-12 00:00:00\'
AND `approved_at` <= \'2024-11-28 23:59:59\'
OR `rejected_at` >= \'2024-11-12 00:00:00\'
AND `rejected_at` <= \'2024-11-28 23:59:59\'
 )
AND `status` = \'approved\'')
 2 SYSTEMPATH\Database\BaseConnection.php(648): CodeIgniter\Database\BaseConnection->simpleQuery('SELECT *
FROM `product_submissions`
WHERE `status` IN (\'approved\',\'rejected\')
AND   (
`approved_at` >= \'2024-11-12 00:00:00\'
AND `approved_at` <= \'2024-11-28 23:59:59\'
OR `rejected_at` >= \'2024-11-12 00:00:00\'
AND `rejected_at` <= \'2024-11-28 23:59:59\'
 )
AND `status` = \'approved\'')
 3 SYSTEMPATH\Database\BaseBuilder.php(1644): CodeIgniter\Database\BaseConnection->query('SELECT *
FROM `product_submissions`
WHERE `status` IN :status:
AND   (
`approved_at` >= :approved_at:
AND `approved_at` <= :approved_at.1:
OR `rejected_at` >= :rejected_at:
AND `rejected_at` <= :rejected_at.1:
 )
AND `status` = :status.1:', [...], false)
 4 APPPATH\Controllers\ProductController.php(174): CodeIgniter\Database\BaseBuilder->get()
 5 SYSTEMPATH\CodeIgniter.php(933): App\Controllers\ProductController->generateReport()
 6 SYSTEMPATH\CodeIgniter.php(509): CodeIgniter\CodeIgniter->runController(Object(App\Controllers\ProductController))
 7 SYSTEMPATH\CodeIgniter.php(355): CodeIgniter\CodeIgniter->handleRequest(null, Object(Config\Cache), false)
 8 SYSTEMPATH\Boot.php(325): CodeIgniter\CodeIgniter->run()
 9 SYSTEMPATH\Boot.php(67): CodeIgniter\Boot::runCodeIgniter(Object(CodeIgniter\CodeIgniter))
10 FCPATH\index.php(56): CodeIgniter\Boot::bootWeb(Object(Config\Paths))
11 SYSTEMPATH\rewrite.php(44): require_once('D:\\product_registration_AIO-steven 1\\public\\index.php')
CRITICAL - 2024-11-18 11:14:25 --> [Caused by] mysqli_sql_exception: Unknown column 'approved_at' in 'where clause'
in SYSTEMPATH\Database\MySQLi\Connection.php on line 312.
 1 SYSTEMPATH\Database\MySQLi\Connection.php(312): mysqli->query('SELECT *
FROM `product_submissions`
WHERE `status` IN (\'approved\',\'rejected\')
AND   (
`approved_at` >= \'2024-11-12 00:00:00\'
AND `approved_at` <= \'2024-11-28 23:59:59\'
OR `rejected_at` >= \'2024-11-12 00:00:00\'
AND `rejected_at` <= \'2024-11-28 23:59:59\'
 )
AND `status` = \'approved\'', 0)
 2 SYSTEMPATH\Database\BaseConnection.php(734): CodeIgniter\Database\MySQLi\Connection->execute('SELECT *
FROM `product_submissions`
WHERE `status` IN (\'approved\',\'rejected\')
AND   (
`approved_at` >= \'2024-11-12 00:00:00\'
AND `approved_at` <= \'2024-11-28 23:59:59\'
OR `rejected_at` >= \'2024-11-12 00:00:00\'
AND `rejected_at` <= \'2024-11-28 23:59:59\'
 )
AND `status` = \'approved\'')
 3 SYSTEMPATH\Database\BaseConnection.php(648): CodeIgniter\Database\BaseConnection->simpleQuery('SELECT *
FROM `product_submissions`
WHERE `status` IN (\'approved\',\'rejected\')
AND   (
`approved_at` >= \'2024-11-12 00:00:00\'
AND `approved_at` <= \'2024-11-28 23:59:59\'
OR `rejected_at` >= \'2024-11-12 00:00:00\'
AND `rejected_at` <= \'2024-11-28 23:59:59\'
 )
AND `status` = \'approved\'')
 4 SYSTEMPATH\Database\BaseBuilder.php(1644): CodeIgniter\Database\BaseConnection->query('SELECT *
FROM `product_submissions`
WHERE `status` IN :status:
AND   (
`approved_at` >= :approved_at:
AND `approved_at` <= :approved_at.1:
OR `rejected_at` >= :rejected_at:
AND `rejected_at` <= :rejected_at.1:
 )
AND `status` = :status.1:', [...], false)
 5 APPPATH\Controllers\ProductController.php(174): CodeIgniter\Database\BaseBuilder->get()
 6 SYSTEMPATH\CodeIgniter.php(933): App\Controllers\ProductController->generateReport()
 7 SYSTEMPATH\CodeIgniter.php(509): CodeIgniter\CodeIgniter->runController(Object(App\Controllers\ProductController))
 8 SYSTEMPATH\CodeIgniter.php(355): CodeIgniter\CodeIgniter->handleRequest(null, Object(Config\Cache), false)
 9 SYSTEMPATH\Boot.php(325): CodeIgniter\CodeIgniter->run()
10 SYSTEMPATH\Boot.php(67): CodeIgniter\Boot::runCodeIgniter(Object(CodeIgniter\CodeIgniter))
11 FCPATH\index.php(56): CodeIgniter\Boot::bootWeb(Object(Config\Paths))
12 SYSTEMPATH\rewrite.php(44): require_once('D:\\product_registration_AIO-steven 1\\public\\index.php')
INFO - 2024-11-18 11:14:29 --> Session: Class initialized using 'CodeIgniter\Session\Handlers\FileHandler' driver.
INFO - 2024-11-18 11:18:01 --> Session: Class initialized using 'CodeIgniter\Session\Handlers\FileHandler' driver.
INFO - 2024-11-18 11:18:05 --> Session: Class initialized using 'CodeIgniter\Session\Handlers\FileHandler' driver.
INFO - 2024-11-18 11:18:40 --> Session: Class initialized using 'CodeIgniter\Session\Handlers\FileHandler' driver.
INFO - 2024-11-18 11:18:42 --> Session: Class initialized using 'CodeIgniter\Session\Handlers\FileHandler' driver.
INFO - 2024-11-18 11:20:45 --> Session: Class initialized using 'CodeIgniter\Session\Handlers\FileHandler' driver.
INFO - 2024-11-18 11:22:40 --> Session: Class initialized using 'CodeIgniter\Session\Handlers\FileHandler' driver.
INFO - 2024-11-18 11:24:51 --> Session: Class initialized using 'CodeIgniter\Session\Handlers\FileHandler' driver.
INFO - 2024-11-18 11:25:05 --> Session: Class initialized using 'CodeIgniter\Session\Handlers\FileHandler' driver.
INFO - 2024-11-18 11:25:25 --> Session: Class initialized using 'CodeIgniter\Session\Handlers\FileHandler' driver.
INFO - 2024-11-18 11:25:42 --> Session: Class initialized using 'CodeIgniter\Session\Handlers\FileHandler' driver.
INFO - 2024-11-18 11:25:58 --> Session: Class initialized using 'CodeIgniter\Session\Handlers\FileHandler' driver.
INFO - 2024-11-18 11:26:47 --> Session: Class initialized using 'CodeIgniter\Session\Handlers\FileHandler' driver.
INFO - 2024-11-18 11:26:55 --> Session: Class initialized using 'CodeIgniter\Session\Handlers\FileHandler' driver.
INFO - 2024-11-18 11:27:14 --> Session: Class initialized using 'CodeIgniter\Session\Handlers\FileHandler' driver.
INFO - 2024-11-18 11:27:27 --> Session: Class initialized using 'CodeIgniter\Session\Handlers\FileHandler' driver.
INFO - 2024-11-18 11:27:54 --> Session: Class initialized using 'CodeIgniter\Session\Handlers\FileHandler' driver.
INFO - 2024-11-18 11:28:40 --> Session: Class initialized using 'CodeIgniter\Session\Handlers\FileHandler' driver.
INFO - 2024-11-18 11:31:58 --> Session: Class initialized using 'CodeIgniter\Session\Handlers\FileHandler' driver.
INFO - 2024-11-18 11:32:11 --> Session: Class initialized using 'CodeIgniter\Session\Handlers\FileHandler' driver.
INFO - 2024-11-18 11:32:27 --> Session: Class initialized using 'CodeIgniter\Session\Handlers\FileHandler' driver.
INFO - 2024-11-18 11:32:38 --> Session: Class initialized using 'CodeIgniter\Session\Handlers\FileHandler' driver.
INFO - 2024-11-18 11:32:47 --> Session: Class initialized using 'CodeIgniter\Session\Handlers\FileHandler' driver.
INFO - 2024-11-18 11:34:03 --> Session: Class initialized using 'CodeIgniter\Session\Handlers\FileHandler' driver.
INFO - 2024-11-18 11:34:06 --> Session: Class initialized using 'CodeIgniter\Session\Handlers\FileHandler' driver.
INFO - 2024-11-18 11:34:19 --> Session: Class initialized using 'CodeIgniter\Session\Handlers\FileHandler' driver.
INFO - 2024-11-18 11:34:23 --> Session: Class initialized using 'CodeIgniter\Session\Handlers\FileHandler' driver.
INFO - 2024-11-18 11:34:32 --> Session: Class initialized using 'CodeIgniter\Session\Handlers\FileHandler' driver.
INFO - 2024-11-18 11:34:56 --> Session: Class initialized using 'CodeIgniter\Session\Handlers\FileHandler' driver.
INFO - 2024-11-18 11:41:58 --> Session: Class initialized using 'CodeIgniter\Session\Handlers\FileHandler' driver.
INFO - 2024-11-18 11:42:02 --> Session: Class initialized using 'CodeIgniter\Session\Handlers\FileHandler' driver.
INFO - 2024-11-18 11:42:13 --> Session: Class initialized using 'CodeIgniter\Session\Handlers\FileHandler' driver.
INFO - 2024-11-18 11:42:14 --> Session: Class initialized using 'CodeIgniter\Session\Handlers\FileHandler' driver.
INFO - 2024-11-18 11:47:32 --> Session: Class initialized using 'CodeIgniter\Session\Handlers\FileHandler' driver.
INFO - 2024-11-18 11:47:39 --> Session: Class initialized using 'CodeIgniter\Session\Handlers\FileHandler' driver.
INFO - 2024-11-18 11:47:53 --> Session: Class initialized using 'CodeIgniter\Session\Handlers\FileHandler' driver.
INFO - 2024-11-18 11:48:21 --> Session: Class initialized using 'CodeIgniter\Session\Handlers\FileHandler' driver.
INFO - 2024-11-18 11:49:00 --> Session: Class initialized using 'CodeIgniter\Session\Handlers\FileHandler' driver.
INFO - 2024-11-18 12:01:07 --> Session: Class initialized using 'CodeIgniter\Session\Handlers\FileHandler' driver.
CRITICAL - 2024-11-18 12:01:07 --> ErrorException: Undefined variable $subcategories
[Method: GET, Route: admin/kategori]
in APPPATH\Views\kategori\kategori.php on line 91.
 1 APPPATH\Views\kategori\kategori.php(91): CodeIgniter\Debug\Exceptions->errorHandler(2, 'Undefined variable $subcategories', 'D:\\product_registration_AIO-steven 1\\app\\Views\\kategori\\kategori.php', 91)
 2 SYSTEMPATH\View\View.php(234): include('D:\\product_registration_AIO-steven 1\\app\\Views\\kategori\\kategori.php')
 3 SYSTEMPATH\View\View.php(237): CodeIgniter\View\View->CodeIgniter\View\{closure}()
 4 SYSTEMPATH\Common.php(1171): CodeIgniter\View\View->render('kategori/kategori', [], true)
 5 APPPATH\Controllers\Admin\KategoriController.php(17): view('kategori/kategori', [...])
 6 SYSTEMPATH\CodeIgniter.php(933): App\Controllers\Admin\KategoriController->index()
 7 SYSTEMPATH\CodeIgniter.php(509): CodeIgniter\CodeIgniter->runController(Object(App\Controllers\Admin\KategoriController))
 8 SYSTEMPATH\CodeIgniter.php(355): CodeIgniter\CodeIgniter->handleRequest(null, Object(Config\Cache), false)
 9 SYSTEMPATH\Boot.php(325): CodeIgniter\CodeIgniter->run()
10 SYSTEMPATH\Boot.php(67): CodeIgniter\Boot::runCodeIgniter(Object(CodeIgniter\CodeIgniter))
11 FCPATH\index.php(56): CodeIgniter\Boot::bootWeb(Object(Config\Paths))
12 SYSTEMPATH\rewrite.php(44): require_once('D:\\product_registration_AIO-steven 1\\public\\index.php')
INFO - 2024-11-18 12:59:08 --> Session: Class initialized using 'CodeIgniter\Session\Handlers\FileHandler' driver.
CRITICAL - 2024-11-18 12:59:08 --> ErrorException: Undefined variable $categories
[Method: GET, Route: admin/kategori]
in APPPATH\Views\kategori\kategori.php on line 91.
 1 APPPATH\Views\kategori\kategori.php(91): CodeIgniter\Debug\Exceptions->errorHandler(2, 'Undefined variable $categories', 'D:\\product_registration_AIO-steven 1\\app\\Views\\kategori\\kategori.php', 91)
 2 SYSTEMPATH\View\View.php(234): include('D:\\product_registration_AIO-steven 1\\app\\Views\\kategori\\kategori.php')
 3 SYSTEMPATH\View\View.php(237): CodeIgniter\View\View->CodeIgniter\View\{closure}()
 4 SYSTEMPATH\Common.php(1171): CodeIgniter\View\View->render('kategori/kategori', [], true)
 5 APPPATH\Controllers\Admin\KategoriController.php(17): view('kategori/kategori', [...])
 6 SYSTEMPATH\CodeIgniter.php(933): App\Controllers\Admin\KategoriController->index()
 7 SYSTEMPATH\CodeIgniter.php(509): CodeIgniter\CodeIgniter->runController(Object(App\Controllers\Admin\KategoriController))
 8 SYSTEMPATH\CodeIgniter.php(355): CodeIgniter\CodeIgniter->handleRequest(null, Object(Config\Cache), false)
 9 SYSTEMPATH\Boot.php(325): CodeIgniter\CodeIgniter->run()
10 SYSTEMPATH\Boot.php(67): CodeIgniter\Boot::runCodeIgniter(Object(CodeIgniter\CodeIgniter))
11 FCPATH\index.php(56): CodeIgniter\Boot::bootWeb(Object(Config\Paths))
12 SYSTEMPATH\rewrite.php(44): require_once('D:\\product_registration_AIO-steven 1\\public\\index.php')
INFO - 2024-11-18 12:59:11 --> Session: Class initialized using 'CodeIgniter\Session\Handlers\FileHandler' driver.
CRITICAL - 2024-11-18 12:59:11 --> ErrorException: Undefined variable $categories
[Method: GET, Route: admin/kategori]
in APPPATH\Views\kategori\kategori.php on line 91.
 1 APPPATH\Views\kategori\kategori.php(91): CodeIgniter\Debug\Exceptions->errorHandler(2, 'Undefined variable $categories', 'D:\\product_registration_AIO-steven 1\\app\\Views\\kategori\\kategori.php', 91)
 2 SYSTEMPATH\View\View.php(234): include('D:\\product_registration_AIO-steven 1\\app\\Views\\kategori\\kategori.php')
 3 SYSTEMPATH\View\View.php(237): CodeIgniter\View\View->CodeIgniter\View\{closure}()
 4 SYSTEMPATH\Common.php(1171): CodeIgniter\View\View->render('kategori/kategori', [], true)
 5 APPPATH\Controllers\Admin\KategoriController.php(17): view('kategori/kategori', [...])
 6 SYSTEMPATH\CodeIgniter.php(933): App\Controllers\Admin\KategoriController->index()
 7 SYSTEMPATH\CodeIgniter.php(509): CodeIgniter\CodeIgniter->runController(Object(App\Controllers\Admin\KategoriController))
 8 SYSTEMPATH\CodeIgniter.php(355): CodeIgniter\CodeIgniter->handleRequest(null, Object(Config\Cache), false)
 9 SYSTEMPATH\Boot.php(325): CodeIgniter\CodeIgniter->run()
10 SYSTEMPATH\Boot.php(67): CodeIgniter\Boot::runCodeIgniter(Object(CodeIgniter\CodeIgniter))
11 FCPATH\index.php(56): CodeIgniter\Boot::bootWeb(Object(Config\Paths))
12 SYSTEMPATH\rewrite.php(44): require_once('D:\\product_registration_AIO-steven 1\\public\\index.php')
INFO - 2024-11-18 12:59:15 --> Session: Class initialized using 'CodeIgniter\Session\Handlers\FileHandler' driver.
CRITICAL - 2024-11-18 12:59:15 --> ErrorException: Undefined variable $categories
[Method: GET, Route: admin/kategori]
in APPPATH\Views\kategori\kategori.php on line 91.
 1 APPPATH\Views\kategori\kategori.php(91): CodeIgniter\Debug\Exceptions->errorHandler(2, 'Undefined variable $categories', 'D:\\product_registration_AIO-steven 1\\app\\Views\\kategori\\kategori.php', 91)
 2 SYSTEMPATH\View\View.php(234): include('D:\\product_registration_AIO-steven 1\\app\\Views\\kategori\\kategori.php')
 3 SYSTEMPATH\View\View.php(237): CodeIgniter\View\View->CodeIgniter\View\{closure}()
 4 SYSTEMPATH\Common.php(1171): CodeIgniter\View\View->render('kategori/kategori', [], true)
 5 APPPATH\Controllers\Admin\KategoriController.php(17): view('kategori/kategori', [...])
 6 SYSTEMPATH\CodeIgniter.php(933): App\Controllers\Admin\KategoriController->index()
 7 SYSTEMPATH\CodeIgniter.php(509): CodeIgniter\CodeIgniter->runController(Object(App\Controllers\Admin\KategoriController))
 8 SYSTEMPATH\CodeIgniter.php(355): CodeIgniter\CodeIgniter->handleRequest(null, Object(Config\Cache), false)
 9 SYSTEMPATH\Boot.php(325): CodeIgniter\CodeIgniter->run()
10 SYSTEMPATH\Boot.php(67): CodeIgniter\Boot::runCodeIgniter(Object(CodeIgniter\CodeIgniter))
11 FCPATH\index.php(56): CodeIgniter\Boot::bootWeb(Object(Config\Paths))
12 SYSTEMPATH\rewrite.php(44): require_once('D:\\product_registration_AIO-steven 1\\public\\index.php')
INFO - 2024-11-18 12:59:48 --> Session: Class initialized using 'CodeIgniter\Session\Handlers\FileHandler' driver.
CRITICAL - 2024-11-18 12:59:48 --> ErrorException: Undefined variable $subcategory
[Method: GET, Route: admin/kategori]
in APPPATH\Views\kategori\kategori.php on line 92.
 1 APPPATH\Views\kategori\kategori.php(92): CodeIgniter\Debug\Exceptions->errorHandler(2, 'Undefined variable $subcategory', 'D:\\product_registration_AIO-steven 1\\app\\Views\\kategori\\kategori.php', 92)
 2 SYSTEMPATH\View\View.php(234): include('D:\\product_registration_AIO-steven 1\\app\\Views\\kategori\\kategori.php')
 3 SYSTEMPATH\View\View.php(237): CodeIgniter\View\View->CodeIgniter\View\{closure}()
 4 SYSTEMPATH\Common.php(1171): CodeIgniter\View\View->render('kategori/kategori', [], true)
 5 APPPATH\Controllers\Admin\KategoriController.php(17): view('kategori/kategori', [...])
 6 SYSTEMPATH\CodeIgniter.php(933): App\Controllers\Admin\KategoriController->index()
 7 SYSTEMPATH\CodeIgniter.php(509): CodeIgniter\CodeIgniter->runController(Object(App\Controllers\Admin\KategoriController))
 8 SYSTEMPATH\CodeIgniter.php(355): CodeIgniter\CodeIgniter->handleRequest(null, Object(Config\Cache), false)
 9 SYSTEMPATH\Boot.php(325): CodeIgniter\CodeIgniter->run()
10 SYSTEMPATH\Boot.php(67): CodeIgniter\Boot::runCodeIgniter(Object(CodeIgniter\CodeIgniter))
11 FCPATH\index.php(56): CodeIgniter\Boot::bootWeb(Object(Config\Paths))
12 SYSTEMPATH\rewrite.php(44): require_once('D:\\product_registration_AIO-steven 1\\public\\index.php')
INFO - 2024-11-18 13:00:30 --> Session: Class initialized using 'CodeIgniter\Session\Handlers\FileHandler' driver.
INFO - 2024-11-18 13:05:39 --> Session: Class initialized using 'CodeIgniter\Session\Handlers\FileHandler' driver.
CRITICAL - 2024-11-18 13:05:39 --> ErrorException: Undefined variable $subcategories
[Method: GET, Route: admin/kategori]
in APPPATH\Views\kategori\kategori.php on line 91.
 1 APPPATH\Views\kategori\kategori.php(91): CodeIgniter\Debug\Exceptions->errorHandler(2, 'Undefined variable $subcategories', 'D:\\product_registration_AIO-steven 1\\app\\Views\\kategori\\kategori.php', 91)
 2 SYSTEMPATH\View\View.php(234): include('D:\\product_registration_AIO-steven 1\\app\\Views\\kategori\\kategori.php')
 3 SYSTEMPATH\View\View.php(237): CodeIgniter\View\View->CodeIgniter\View\{closure}()
 4 SYSTEMPATH\Common.php(1171): CodeIgniter\View\View->render('kategori/kategori', [], true)
 5 APPPATH\Controllers\Admin\KategoriController.php(17): view('kategori/kategori', [...])
 6 SYSTEMPATH\CodeIgniter.php(933): App\Controllers\Admin\KategoriController->index()
 7 SYSTEMPATH\CodeIgniter.php(509): CodeIgniter\CodeIgniter->runController(Object(App\Controllers\Admin\KategoriController))
 8 SYSTEMPATH\CodeIgniter.php(355): CodeIgniter\CodeIgniter->handleRequest(null, Object(Config\Cache), false)
 9 SYSTEMPATH\Boot.php(325): CodeIgniter\CodeIgniter->run()
10 SYSTEMPATH\Boot.php(67): CodeIgniter\Boot::runCodeIgniter(Object(CodeIgniter\CodeIgniter))
11 FCPATH\index.php(56): CodeIgniter\Boot::bootWeb(Object(Config\Paths))
12 SYSTEMPATH\rewrite.php(44): require_once('D:\\product_registration_AIO-steven 1\\public\\index.php')
INFO - 2024-11-18 13:08:29 --> Session: Class initialized using 'CodeIgniter\Session\Handlers\FileHandler' driver.
CRITICAL - 2024-11-18 13:08:29 --> ErrorException: Undefined variable $subcategories
[Method: GET, Route: admin/kategori]
in APPPATH\Views\kategori\kategori.php on line 91.
 1 APPPATH\Views\kategori\kategori.php(91): CodeIgniter\Debug\Exceptions->errorHandler(2, 'Undefined variable $subcategories', 'D:\\product_registration_AIO-steven 1\\app\\Views\\kategori\\kategori.php', 91)
 2 SYSTEMPATH\View\View.php(234): include('D:\\product_registration_AIO-steven 1\\app\\Views\\kategori\\kategori.php')
 3 SYSTEMPATH\View\View.php(237): CodeIgniter\View\View->CodeIgniter\View\{closure}()
 4 SYSTEMPATH\Common.php(1171): CodeIgniter\View\View->render('kategori/kategori', [], true)
 5 APPPATH\Controllers\Admin\KategoriController.php(17): view('kategori/kategori', [...])
 6 SYSTEMPATH\CodeIgniter.php(933): App\Controllers\Admin\KategoriController->index()
 7 SYSTEMPATH\CodeIgniter.php(509): CodeIgniter\CodeIgniter->runController(Object(App\Controllers\Admin\KategoriController))
 8 SYSTEMPATH\CodeIgniter.php(355): CodeIgniter\CodeIgniter->handleRequest(null, Object(Config\Cache), false)
 9 SYSTEMPATH\Boot.php(325): CodeIgniter\CodeIgniter->run()
10 SYSTEMPATH\Boot.php(67): CodeIgniter\Boot::runCodeIgniter(Object(CodeIgniter\CodeIgniter))
11 FCPATH\index.php(56): CodeIgniter\Boot::bootWeb(Object(Config\Paths))
12 SYSTEMPATH\rewrite.php(44): require_once('D:\\product_registration_AIO-steven 1\\public\\index.php')
INFO - 2024-11-18 13:09:12 --> Session: Class initialized using 'CodeIgniter\Session\Handlers\FileHandler' driver.
CRITICAL - 2024-11-18 13:09:12 --> ErrorException: Undefined variable $subcategories
[Method: GET, Route: admin/kategori]
in APPPATH\Views\kategori\kategori.php on line 91.
 1 APPPATH\Views\kategori\kategori.php(91): CodeIgniter\Debug\Exceptions->errorHandler(2, 'Undefined variable $subcategories', 'D:\\product_registration_AIO-steven 1\\app\\Views\\kategori\\kategori.php', 91)
 2 SYSTEMPATH\View\View.php(234): include('D:\\product_registration_AIO-steven 1\\app\\Views\\kategori\\kategori.php')
 3 SYSTEMPATH\View\View.php(237): CodeIgniter\View\View->CodeIgniter\View\{closure}()
 4 SYSTEMPATH\Common.php(1171): CodeIgniter\View\View->render('kategori/kategori', [], true)
 5 APPPATH\Controllers\Admin\KategoriController.php(17): view('kategori/kategori', [...])
 6 SYSTEMPATH\CodeIgniter.php(933): App\Controllers\Admin\KategoriController->index()
 7 SYSTEMPATH\CodeIgniter.php(509): CodeIgniter\CodeIgniter->runController(Object(App\Controllers\Admin\KategoriController))
 8 SYSTEMPATH\CodeIgniter.php(355): CodeIgniter\CodeIgniter->handleRequest(null, Object(Config\Cache), false)
 9 SYSTEMPATH\Boot.php(325): CodeIgniter\CodeIgniter->run()
10 SYSTEMPATH\Boot.php(67): CodeIgniter\Boot::runCodeIgniter(Object(CodeIgniter\CodeIgniter))
11 FCPATH\index.php(56): CodeIgniter\Boot::bootWeb(Object(Config\Paths))
12 SYSTEMPATH\rewrite.php(44): require_once('D:\\product_registration_AIO-steven 1\\public\\index.php')
INFO - 2024-11-18 13:10:11 --> Session: Class initialized using 'CodeIgniter\Session\Handlers\FileHandler' driver.
CRITICAL - 2024-11-18 13:10:11 --> ErrorException: Undefined variable $categories
[Method: GET, Route: admin/kategori]
in APPPATH\Views\kategori\kategori.php on line 91.
 1 APPPATH\Views\kategori\kategori.php(91): CodeIgniter\Debug\Exceptions->errorHandler(2, 'Undefined variable $categories', 'D:\\product_registration_AIO-steven 1\\app\\Views\\kategori\\kategori.php', 91)
 2 SYSTEMPATH\View\View.php(234): include('D:\\product_registration_AIO-steven 1\\app\\Views\\kategori\\kategori.php')
 3 SYSTEMPATH\View\View.php(237): CodeIgniter\View\View->CodeIgniter\View\{closure}()
 4 SYSTEMPATH\Common.php(1171): CodeIgniter\View\View->render('kategori/kategori', [], true)
 5 APPPATH\Controllers\Admin\KategoriController.php(17): view('kategori/kategori', [...])
 6 SYSTEMPATH\CodeIgniter.php(933): App\Controllers\Admin\KategoriController->index()
 7 SYSTEMPATH\CodeIgniter.php(509): CodeIgniter\CodeIgniter->runController(Object(App\Controllers\Admin\KategoriController))
 8 SYSTEMPATH\CodeIgniter.php(355): CodeIgniter\CodeIgniter->handleRequest(null, Object(Config\Cache), false)
 9 SYSTEMPATH\Boot.php(325): CodeIgniter\CodeIgniter->run()
10 SYSTEMPATH\Boot.php(67): CodeIgniter\Boot::runCodeIgniter(Object(CodeIgniter\CodeIgniter))
11 FCPATH\index.php(56): CodeIgniter\Boot::bootWeb(Object(Config\Paths))
12 SYSTEMPATH\rewrite.php(44): require_once('D:\\product_registration_AIO-steven 1\\public\\index.php')
INFO - 2024-11-18 13:10:37 --> Session: Class initialized using 'CodeIgniter\Session\Handlers\FileHandler' driver.
INFO - 2024-11-18 13:20:18 --> Session: Class initialized using 'CodeIgniter\Session\Handlers\FileHandler' driver.
INFO - 2024-11-18 13:20:30 --> Session: Class initialized using 'CodeIgniter\Session\Handlers\FileHandler' driver.
CRITICAL - 2024-11-18 13:20:30 --> ErrorException: Undefined variable $categories
[Method: GET, Route: admin/kategori]
in APPPATH\Views\kategori\kategori.php on line 91.
 1 APPPATH\Views\kategori\kategori.php(91): CodeIgniter\Debug\Exceptions->errorHandler(2, 'Undefined variable $categories', 'D:\\product_registration_AIO-steven 1\\app\\Views\\kategori\\kategori.php', 91)
 2 SYSTEMPATH\View\View.php(234): include('D:\\product_registration_AIO-steven 1\\app\\Views\\kategori\\kategori.php')
 3 SYSTEMPATH\View\View.php(237): CodeIgniter\View\View->CodeIgniter\View\{closure}()
 4 SYSTEMPATH\Common.php(1171): CodeIgniter\View\View->render('kategori/kategori', [], true)
 5 APPPATH\Controllers\Admin\KategoriController.php(17): view('kategori/kategori', [...])
 6 SYSTEMPATH\CodeIgniter.php(933): App\Controllers\Admin\KategoriController->index()
 7 SYSTEMPATH\CodeIgniter.php(509): CodeIgniter\CodeIgniter->runController(Object(App\Controllers\Admin\KategoriController))
 8 SYSTEMPATH\CodeIgniter.php(355): CodeIgniter\CodeIgniter->handleRequest(null, Object(Config\Cache), false)
 9 SYSTEMPATH\Boot.php(325): CodeIgniter\CodeIgniter->run()
10 SYSTEMPATH\Boot.php(67): CodeIgniter\Boot::runCodeIgniter(Object(CodeIgniter\CodeIgniter))
11 FCPATH\index.php(56): CodeIgniter\Boot::bootWeb(Object(Config\Paths))
12 SYSTEMPATH\rewrite.php(44): require_once('D:\\product_registration_AIO-steven 1\\public\\index.php')
INFO - 2024-11-18 13:26:44 --> Session: Class initialized using 'CodeIgniter\Session\Handlers\FileHandler' driver.
CRITICAL - 2024-11-18 13:26:44 --> ErrorException: Undefined variable $categories
[Method: GET, Route: admin/kategori]
in APPPATH\Views\kategori\kategori.php on line 91.
 1 APPPATH\Views\kategori\kategori.php(91): CodeIgniter\Debug\Exceptions->errorHandler(2, 'Undefined variable $categories', 'D:\\product_registration_AIO-steven 1\\app\\Views\\kategori\\kategori.php', 91)
 2 SYSTEMPATH\View\View.php(234): include('D:\\product_registration_AIO-steven 1\\app\\Views\\kategori\\kategori.php')
 3 SYSTEMPATH\View\View.php(237): CodeIgniter\View\View->CodeIgniter\View\{closure}()
 4 SYSTEMPATH\Common.php(1171): CodeIgniter\View\View->render('kategori/kategori', [], true)
 5 APPPATH\Controllers\Admin\KategoriController.php(17): view('kategori/kategori', [...])
 6 SYSTEMPATH\CodeIgniter.php(933): App\Controllers\Admin\KategoriController->index()
 7 SYSTEMPATH\CodeIgniter.php(509): CodeIgniter\CodeIgniter->runController(Object(App\Controllers\Admin\KategoriController))
 8 SYSTEMPATH\CodeIgniter.php(355): CodeIgniter\CodeIgniter->handleRequest(null, Object(Config\Cache), false)
 9 SYSTEMPATH\Boot.php(325): CodeIgniter\CodeIgniter->run()
10 SYSTEMPATH\Boot.php(67): CodeIgniter\Boot::runCodeIgniter(Object(CodeIgniter\CodeIgniter))
11 FCPATH\index.php(56): CodeIgniter\Boot::bootWeb(Object(Config\Paths))
12 SYSTEMPATH\rewrite.php(44): require_once('D:\\product_registration_AIO-steven 1\\public\\index.php')
INFO - 2024-11-18 13:30:15 --> Session: Class initialized using 'CodeIgniter\Session\Handlers\FileHandler' driver.
CRITICAL - 2024-11-18 13:30:15 --> ErrorException: Undefined variable $categories
[Method: GET, Route: admin/kategori]
in APPPATH\Views\kategori\kategori.php on line 91.
 1 APPPATH\Views\kategori\kategori.php(91): CodeIgniter\Debug\Exceptions->errorHandler(2, 'Undefined variable $categories', 'D:\\product_registration_AIO-steven 1\\app\\Views\\kategori\\kategori.php', 91)
 2 SYSTEMPATH\View\View.php(234): include('D:\\product_registration_AIO-steven 1\\app\\Views\\kategori\\kategori.php')
 3 SYSTEMPATH\View\View.php(237): CodeIgniter\View\View->CodeIgniter\View\{closure}()
 4 SYSTEMPATH\Common.php(1171): CodeIgniter\View\View->render('kategori/kategori', [], true)
 5 APPPATH\Controllers\Admin\KategoriController.php(17): view('kategori/kategori', [...])
 6 SYSTEMPATH\CodeIgniter.php(933): App\Controllers\Admin\KategoriController->index()
 7 SYSTEMPATH\CodeIgniter.php(509): CodeIgniter\CodeIgniter->runController(Object(App\Controllers\Admin\KategoriController))
 8 SYSTEMPATH\CodeIgniter.php(355): CodeIgniter\CodeIgniter->handleRequest(null, Object(Config\Cache), false)
 9 SYSTEMPATH\Boot.php(325): CodeIgniter\CodeIgniter->run()
10 SYSTEMPATH\Boot.php(67): CodeIgniter\Boot::runCodeIgniter(Object(CodeIgniter\CodeIgniter))
11 FCPATH\index.php(56): CodeIgniter\Boot::bootWeb(Object(Config\Paths))
12 SYSTEMPATH\rewrite.php(44): require_once('D:\\product_registration_AIO-steven 1\\public\\index.php')
INFO - 2024-11-18 13:59:32 --> Session: Class initialized using 'CodeIgniter\Session\Handlers\FileHandler' driver.
CRITICAL - 2024-11-18 13:59:32 --> ErrorException: Undefined variable $categories
[Method: GET, Route: admin/kategori]
in APPPATH\Views\kategori\kategori.php on line 91.
 1 APPPATH\Views\kategori\kategori.php(91): CodeIgniter\Debug\Exceptions->errorHandler(2, 'Undefined variable $categories', 'D:\\product_registration_AIO-steven 1\\app\\Views\\kategori\\kategori.php', 91)
 2 SYSTEMPATH\View\View.php(234): include('D:\\product_registration_AIO-steven 1\\app\\Views\\kategori\\kategori.php')
 3 SYSTEMPATH\View\View.php(237): CodeIgniter\View\View->CodeIgniter\View\{closure}()
 4 SYSTEMPATH\Common.php(1171): CodeIgniter\View\View->render('kategori/kategori', [], true)
 5 APPPATH\Controllers\Admin\KategoriController.php(17): view('kategori/kategori', [...])
 6 SYSTEMPATH\CodeIgniter.php(933): App\Controllers\Admin\KategoriController->index()
 7 SYSTEMPATH\CodeIgniter.php(509): CodeIgniter\CodeIgniter->runController(Object(App\Controllers\Admin\KategoriController))
 8 SYSTEMPATH\CodeIgniter.php(355): CodeIgniter\CodeIgniter->handleRequest(null, Object(Config\Cache), false)
 9 SYSTEMPATH\Boot.php(325): CodeIgniter\CodeIgniter->run()
10 SYSTEMPATH\Boot.php(67): CodeIgniter\Boot::runCodeIgniter(Object(CodeIgniter\CodeIgniter))
11 FCPATH\index.php(56): CodeIgniter\Boot::bootWeb(Object(Config\Paths))
12 SYSTEMPATH\rewrite.php(44): require_once('D:\\product_registration_AIO-steven 1\\public\\index.php')
INFO - 2024-11-18 14:07:14 --> Session: Class initialized using 'CodeIgniter\Session\Handlers\FileHandler' driver.
INFO - 2024-11-18 14:12:25 --> Session: Class initialized using 'CodeIgniter\Session\Handlers\FileHandler' driver.
INFO - 2024-11-18 14:26:26 --> Session: Class initialized using 'CodeIgniter\Session\Handlers\FileHandler' driver.
INFO - 2024-11-18 14:26:43 --> Session: Class initialized using 'CodeIgniter\Session\Handlers\FileHandler' driver.
INFO - 2024-11-18 14:26:50 --> Session: Class initialized using 'CodeIgniter\Session\Handlers\FileHandler' driver.
INFO - 2024-11-18 14:27:03 --> Session: Class initialized using 'CodeIgniter\Session\Handlers\FileHandler' driver.
INFO - 2024-11-18 14:27:09 --> Session: Class initialized using 'CodeIgniter\Session\Handlers\FileHandler' driver.
INFO - 2024-11-18 14:27:25 --> Session: Class initialized using 'CodeIgniter\Session\Handlers\FileHandler' driver.
INFO - 2024-11-18 14:28:14 --> Session: Class initialized using 'CodeIgniter\Session\Handlers\FileHandler' driver.
INFO - 2024-11-18 14:28:17 --> Session: Class initialized using 'CodeIgniter\Session\Handlers\FileHandler' driver.
INFO - 2024-11-18 14:28:24 --> Session: Class initialized using 'CodeIgniter\Session\Handlers\FileHandler' driver.
INFO - 2024-11-18 14:28:45 --> Session: Class initialized using 'CodeIgniter\Session\Handlers\FileHandler' driver.
INFO - 2024-11-18 14:29:15 --> Session: Class initialized using 'CodeIgniter\Session\Handlers\FileHandler' driver.
INFO - 2024-11-18 14:29:27 --> Session: Class initialized using 'CodeIgniter\Session\Handlers\FileHandler' driver.
INFO - 2024-11-18 14:29:42 --> Session: Class initialized using 'CodeIgniter\Session\Handlers\FileHandler' driver.
INFO - 2024-11-18 14:29:45 --> Session: Class initialized using 'CodeIgniter\Session\Handlers\FileHandler' driver.
INFO - 2024-11-18 14:29:57 --> Session: Class initialized using 'CodeIgniter\Session\Handlers\FileHandler' driver.
INFO - 2024-11-18 14:30:14 --> CSRF token verified.
INFO - 2024-11-18 14:30:14 --> Session: Class initialized using 'CodeIgniter\Session\Handlers\FileHandler' driver.
INFO - 2024-11-18 14:30:14 --> Session: Class initialized using 'CodeIgniter\Session\Handlers\FileHandler' driver.
INFO - 2024-11-18 14:30:38 --> Session: Class initialized using 'CodeIgniter\Session\Handlers\FileHandler' driver.
INFO - 2024-11-18 14:30:40 --> Session: Class initialized using 'CodeIgniter\Session\Handlers\FileHandler' driver.
INFO - 2024-11-18 14:31:11 --> Session: Class initialized using 'CodeIgniter\Session\Handlers\FileHandler' driver.
INFO - 2024-11-18 14:31:37 --> Session: Class initialized using 'CodeIgniter\Session\Handlers\FileHandler' driver.
INFO - 2024-11-18 14:31:39 --> Session: Class initialized using 'CodeIgniter\Session\Handlers\FileHandler' driver.
INFO - 2024-11-18 14:31:59 --> Session: Class initialized using 'CodeIgniter\Session\Handlers\FileHandler' driver.
INFO - 2024-11-18 14:33:38 --> Session: Class initialized using 'CodeIgniter\Session\Handlers\FileHandler' driver.
INFO - 2024-11-18 14:33:47 --> Session: Class initialized using 'CodeIgniter\Session\Handlers\FileHandler' driver.
INFO - 2024-11-18 14:33:49 --> Session: Class initialized using 'CodeIgniter\Session\Handlers\FileHandler' driver.
INFO - 2024-11-18 15:44:14 --> Session: Class initialized using 'CodeIgniter\Session\Handlers\FileHandler' driver.
INFO - 2024-11-18 15:53:33 --> Session: Class initialized using 'CodeIgniter\Session\Handlers\FileHandler' driver.
INFO - 2024-11-18 15:53:53 --> Session: Class initialized using 'CodeIgniter\Session\Handlers\FileHandler' driver.
INFO - 2024-11-18 16:19:00 --> Session: Class initialized using 'CodeIgniter\Session\Handlers\FileHandler' driver.
INFO - 2024-11-18 16:19:17 --> Session: Class initialized using 'CodeIgniter\Session\Handlers\FileHandler' driver.
INFO - 2024-11-18 16:19:36 --> Session: Class initialized using 'CodeIgniter\Session\Handlers\FileHandler' driver.
INFO - 2024-11-18 16:20:07 --> Session: Class initialized using 'CodeIgniter\Session\Handlers\FileHandler' driver.
INFO - 2024-11-18 16:20:23 --> Session: Class initialized using 'CodeIgniter\Session\Handlers\FileHandler' driver.
INFO - 2024-11-18 16:32:45 --> Session: Class initialized using 'CodeIgniter\Session\Handlers\FileHandler' driver.
INFO - 2024-11-18 16:45:05 --> Session: Class initialized using 'CodeIgniter\Session\Handlers\FileHandler' driver.
INFO - 2024-11-18 16:45:33 --> Session: Class initialized using 'CodeIgniter\Session\Handlers\FileHandler' driver.
INFO - 2024-11-18 16:45:48 --> Session: Class initialized using 'CodeIgniter\Session\Handlers\FileHandler' driver.
INFO - 2024-11-18 16:45:56 --> Session: Class initialized using 'CodeIgniter\Session\Handlers\FileHandler' driver.
INFO - 2024-11-18 16:47:53 --> Session: Class initialized using 'CodeIgniter\Session\Handlers\FileHandler' driver.
INFO - 2024-11-18 16:48:56 --> Session: Class initialized using 'CodeIgniter\Session\Handlers\FileHandler' driver.
