INFO - 2024-11-12 08:29:12 --> Session: Class initialized using 'CodeIgniter\Session\Handlers\FileHandler' driver.
INFO - 2024-11-12 08:29:16 --> Session: Class initialized using 'CodeIgniter\Session\Handlers\FileHandler' driver.
INFO - 2024-11-12 08:29:24 --> Session: Class initialized using 'CodeIgniter\Session\Handlers\FileHandler' driver.
INFO - 2024-11-12 08:29:24 --> Session: Class initialized using 'CodeIgniter\Session\Handlers\FileHandler' driver.
INFO - 2024-11-12 08:30:25 --> Session: Class initialized using 'CodeIgniter\Session\Handlers\FileHandler' driver.
INFO - 2024-11-12 08:30:42 --> CSRF token verified.
INFO - 2024-11-12 08:30:42 --> Session: Class initialized using 'CodeIgniter\Session\Handlers\FileHandler' driver.
INFO - 2024-11-12 08:30:44 --> Session: Class initialized using 'CodeIgniter\Session\Handlers\FileHandler' driver.
INFO - 2024-11-12 11:51:17 --> Session: Class initialized using 'CodeIgniter\Session\Handlers\FileHandler' driver.
INFO - 2024-11-12 11:52:15 --> CSRF token verified.
INFO - 2024-11-12 11:52:18 --> Session: Class initialized using 'CodeIgniter\Session\Handlers\FileHandler' driver.
INFO - 2024-11-12 11:52:40 --> Session: Class initialized using 'CodeIgniter\Session\Handlers\FileHandler' driver.
INFO - 2024-11-12 14:41:32 --> Session: Class initialized using 'CodeIgniter\Session\Handlers\FileHandler' driver.
INFO - 2024-11-12 14:41:34 --> Session: Class initialized using 'CodeIgniter\Session\Handlers\FileHandler' driver.
INFO - 2024-11-12 14:42:30 --> CSRF token verified.
INFO - 2024-11-12 14:42:30 --> Session: Class initialized using 'CodeIgniter\Session\Handlers\FileHandler' driver.
ERROR - 2024-11-12 14:42:34 --> Error connecting to the database: mysqli_sql_exception: No connection could be made because the target machine actively refused it in D:\foto\product_registration_AIO-steven 1\system\Database\MySQLi\Connection.php:187
Stack trace:
#0 D:\foto\product_registration_AIO-steven 1\system\Database\MySQLi\Connection.php(187): mysqli->real_connect('localhost', 'root', '', 'product_registr...', 3306, '', 0)
#1 D:\foto\product_registration_AIO-steven 1\system\Database\BaseConnection.php(421): CodeIgniter\Database\MySQLi\Connection->connect(false)
#2 D:\foto\product_registration_AIO-steven 1\system\Database\BaseConnection.php(616): CodeIgniter\Database\BaseConnection->initialize()
#3 D:\foto\product_registration_AIO-steven 1\system\Database\BaseBuilder.php(1644): CodeIgniter\Database\BaseConnection->query('SELECT *\nFROM `...', Array, false)
#4 D:\foto\product_registration_AIO-steven 1\system\Model.php(330): CodeIgniter\Database\BaseBuilder->get()
#5 D:\foto\product_registration_AIO-steven 1\system\BaseModel.php(714): CodeIgniter\Model->doFirst()
#6 D:\foto\product_registration_AIO-steven 1\app\Controllers\AuthController.php(20): CodeIgniter\BaseModel->first()
#7 D:\foto\product_registration_AIO-steven 1\system\CodeIgniter.php(933): App\Controllers\AuthController->authenticate()
#8 D:\foto\product_registration_AIO-steven 1\system\CodeIgniter.php(509): CodeIgniter\CodeIgniter->runController(Object(App\Controllers\AuthController))
#9 D:\foto\product_registration_AIO-steven 1\system\CodeIgniter.php(355): CodeIgniter\CodeIgniter->handleRequest(NULL, Object(Config\Cache), false)
#10 D:\foto\product_registration_AIO-steven 1\system\Boot.php(325): CodeIgniter\CodeIgniter->run()
#11 D:\foto\product_registration_AIO-steven 1\system\Boot.php(67): CodeIgniter\Boot::runCodeIgniter(Object(CodeIgniter\CodeIgniter))
#12 D:\foto\product_registration_AIO-steven 1\public\index.php(56): CodeIgniter\Boot::bootWeb(Object(Config\Paths))
#13 D:\foto\product_registration_AIO-steven 1\system\rewrite.php(44): require_once('D:\\foto\\product...')
#14 {main}

Next CodeIgniter\Database\Exceptions\DatabaseException: No connection could be made because the target machine actively refused it in D:\foto\product_registration_AIO-steven 1\system\Database\MySQLi\Connection.php:231
Stack trace:
#0 D:\foto\product_registration_AIO-steven 1\system\Database\BaseConnection.php(421): CodeIgniter\Database\MySQLi\Connection->connect(false)
#1 D:\foto\product_registration_AIO-steven 1\system\Database\BaseConnection.php(616): CodeIgniter\Database\BaseConnection->initialize()
#2 D:\foto\product_registration_AIO-steven 1\system\Database\BaseBuilder.php(1644): CodeIgniter\Database\BaseConnection->query('SELECT *\nFROM `...', Array, false)
#3 D:\foto\product_registration_AIO-steven 1\system\Model.php(330): CodeIgniter\Database\BaseBuilder->get()
#4 D:\foto\product_registration_AIO-steven 1\system\BaseModel.php(714): CodeIgniter\Model->doFirst()
#5 D:\foto\product_registration_AIO-steven 1\app\Controllers\AuthController.php(20): CodeIgniter\BaseModel->first()
#6 D:\foto\product_registration_AIO-steven 1\system\CodeIgniter.php(933): App\Controllers\AuthController->authenticate()
#7 D:\foto\product_registration_AIO-steven 1\system\CodeIgniter.php(509): CodeIgniter\CodeIgniter->runController(Object(App\Controllers\AuthController))
#8 D:\foto\product_registration_AIO-steven 1\system\CodeIgniter.php(355): CodeIgniter\CodeIgniter->handleRequest(NULL, Object(Config\Cache), false)
#9 D:\foto\product_registration_AIO-steven 1\system\Boot.php(325): CodeIgniter\CodeIgniter->run()
#10 D:\foto\product_registration_AIO-steven 1\system\Boot.php(67): CodeIgniter\Boot::runCodeIgniter(Object(CodeIgniter\CodeIgniter))
#11 D:\foto\product_registration_AIO-steven 1\public\index.php(56): CodeIgniter\Boot::bootWeb(Object(Config\Paths))
#12 D:\foto\product_registration_AIO-steven 1\system\rewrite.php(44): require_once('D:\\foto\\product...')
#13 {main}
CRITICAL - 2024-11-12 14:42:34 --> CodeIgniter\Database\Exceptions\DatabaseException: Unable to connect to the database.
Main connection [MySQLi]: No connection could be made because the target machine actively refused it
[Method: POST, Route: login/auth]
in SYSTEMPATH\Database\BaseConnection.php on line 467.
 1 SYSTEMPATH\Database\BaseConnection.php(616): CodeIgniter\Database\BaseConnection->initialize()
 2 SYSTEMPATH\Database\BaseBuilder.php(1644): CodeIgniter\Database\BaseConnection->query('SELECT *
FROM `users`
WHERE `username` = :username:
 LIMIT 1', [...], false)
 3 SYSTEMPATH\Model.php(330): CodeIgniter\Database\BaseBuilder->get()
 4 SYSTEMPATH\BaseModel.php(714): CodeIgniter\Model->doFirst()
 5 APPPATH\Controllers\AuthController.php(20): CodeIgniter\BaseModel->first()
 6 SYSTEMPATH\CodeIgniter.php(933): App\Controllers\AuthController->authenticate()
 7 SYSTEMPATH\CodeIgniter.php(509): CodeIgniter\CodeIgniter->runController(Object(App\Controllers\AuthController))
 8 SYSTEMPATH\CodeIgniter.php(355): CodeIgniter\CodeIgniter->handleRequest(null, Object(Config\Cache), false)
 9 SYSTEMPATH\Boot.php(325): CodeIgniter\CodeIgniter->run()
10 SYSTEMPATH\Boot.php(67): CodeIgniter\Boot::runCodeIgniter(Object(CodeIgniter\CodeIgniter))
11 FCPATH\index.php(56): CodeIgniter\Boot::bootWeb(Object(Config\Paths))
12 SYSTEMPATH\rewrite.php(44): require_once('D:\\foto\\product_registration_AIO-steven 1\\public\\index.php')
INFO - 2024-11-12 14:42:37 --> Session: Class initialized using 'CodeIgniter\Session\Handlers\FileHandler' driver.
INFO - 2024-11-12 14:42:40 --> Session: Class initialized using 'CodeIgniter\Session\Handlers\FileHandler' driver.
INFO - 2024-11-12 14:42:42 --> Session: Class initialized using 'CodeIgniter\Session\Handlers\FileHandler' driver.
INFO - 2024-11-12 14:42:50 --> Session: Class initialized using 'CodeIgniter\Session\Handlers\FileHandler' driver.
INFO - 2024-11-12 14:43:23 --> CSRF token verified.
INFO - 2024-11-12 14:43:24 --> Session: Class initialized using 'CodeIgniter\Session\Handlers\FileHandler' driver.
ERROR - 2024-11-12 14:43:27 --> Error connecting to the database: mysqli_sql_exception: No connection could be made because the target machine actively refused it in D:\foto\product_registration_AIO-steven 1\system\Database\MySQLi\Connection.php:187
Stack trace:
#0 D:\foto\product_registration_AIO-steven 1\system\Database\MySQLi\Connection.php(187): mysqli->real_connect('localhost', 'root', '', 'product_registr...', 3306, '', 0)
#1 D:\foto\product_registration_AIO-steven 1\system\Database\BaseConnection.php(421): CodeIgniter\Database\MySQLi\Connection->connect(false)
#2 D:\foto\product_registration_AIO-steven 1\system\Database\BaseConnection.php(616): CodeIgniter\Database\BaseConnection->initialize()
#3 D:\foto\product_registration_AIO-steven 1\system\Database\BaseBuilder.php(1644): CodeIgniter\Database\BaseConnection->query('SELECT *\nFROM `...', Array, false)
#4 D:\foto\product_registration_AIO-steven 1\system\Model.php(330): CodeIgniter\Database\BaseBuilder->get()
#5 D:\foto\product_registration_AIO-steven 1\system\BaseModel.php(714): CodeIgniter\Model->doFirst()
#6 D:\foto\product_registration_AIO-steven 1\app\Controllers\AuthController.php(20): CodeIgniter\BaseModel->first()
#7 D:\foto\product_registration_AIO-steven 1\system\CodeIgniter.php(933): App\Controllers\AuthController->authenticate()
#8 D:\foto\product_registration_AIO-steven 1\system\CodeIgniter.php(509): CodeIgniter\CodeIgniter->runController(Object(App\Controllers\AuthController))
#9 D:\foto\product_registration_AIO-steven 1\system\CodeIgniter.php(355): CodeIgniter\CodeIgniter->handleRequest(NULL, Object(Config\Cache), false)
#10 D:\foto\product_registration_AIO-steven 1\system\Boot.php(325): CodeIgniter\CodeIgniter->run()
#11 D:\foto\product_registration_AIO-steven 1\system\Boot.php(67): CodeIgniter\Boot::runCodeIgniter(Object(CodeIgniter\CodeIgniter))
#12 D:\foto\product_registration_AIO-steven 1\public\index.php(56): CodeIgniter\Boot::bootWeb(Object(Config\Paths))
#13 D:\foto\product_registration_AIO-steven 1\system\rewrite.php(44): require_once('D:\\foto\\product...')
#14 {main}

Next CodeIgniter\Database\Exceptions\DatabaseException: No connection could be made because the target machine actively refused it in D:\foto\product_registration_AIO-steven 1\system\Database\MySQLi\Connection.php:231
Stack trace:
#0 D:\foto\product_registration_AIO-steven 1\system\Database\BaseConnection.php(421): CodeIgniter\Database\MySQLi\Connection->connect(false)
#1 D:\foto\product_registration_AIO-steven 1\system\Database\BaseConnection.php(616): CodeIgniter\Database\BaseConnection->initialize()
#2 D:\foto\product_registration_AIO-steven 1\system\Database\BaseBuilder.php(1644): CodeIgniter\Database\BaseConnection->query('SELECT *\nFROM `...', Array, false)
#3 D:\foto\product_registration_AIO-steven 1\system\Model.php(330): CodeIgniter\Database\BaseBuilder->get()
#4 D:\foto\product_registration_AIO-steven 1\system\BaseModel.php(714): CodeIgniter\Model->doFirst()
#5 D:\foto\product_registration_AIO-steven 1\app\Controllers\AuthController.php(20): CodeIgniter\BaseModel->first()
#6 D:\foto\product_registration_AIO-steven 1\system\CodeIgniter.php(933): App\Controllers\AuthController->authenticate()
#7 D:\foto\product_registration_AIO-steven 1\system\CodeIgniter.php(509): CodeIgniter\CodeIgniter->runController(Object(App\Controllers\AuthController))
#8 D:\foto\product_registration_AIO-steven 1\system\CodeIgniter.php(355): CodeIgniter\CodeIgniter->handleRequest(NULL, Object(Config\Cache), false)
#9 D:\foto\product_registration_AIO-steven 1\system\Boot.php(325): CodeIgniter\CodeIgniter->run()
#10 D:\foto\product_registration_AIO-steven 1\system\Boot.php(67): CodeIgniter\Boot::runCodeIgniter(Object(CodeIgniter\CodeIgniter))
#11 D:\foto\product_registration_AIO-steven 1\public\index.php(56): CodeIgniter\Boot::bootWeb(Object(Config\Paths))
#12 D:\foto\product_registration_AIO-steven 1\system\rewrite.php(44): require_once('D:\\foto\\product...')
#13 {main}
CRITICAL - 2024-11-12 14:43:30 --> CodeIgniter\Database\Exceptions\DatabaseException: Unable to connect to the database.
Main connection [MySQLi]: No connection could be made because the target machine actively refused it
[Method: POST, Route: login/auth]
in SYSTEMPATH\Database\BaseConnection.php on line 467.
 1 SYSTEMPATH\Database\BaseConnection.php(616): CodeIgniter\Database\BaseConnection->initialize()
 2 SYSTEMPATH\Database\BaseBuilder.php(1644): CodeIgniter\Database\BaseConnection->query('SELECT *
FROM `users`
WHERE `username` = :username:
 LIMIT 1', [...], false)
 3 SYSTEMPATH\Model.php(330): CodeIgniter\Database\BaseBuilder->get()
 4 SYSTEMPATH\BaseModel.php(714): CodeIgniter\Model->doFirst()
 5 APPPATH\Controllers\AuthController.php(20): CodeIgniter\BaseModel->first()
 6 SYSTEMPATH\CodeIgniter.php(933): App\Controllers\AuthController->authenticate()
 7 SYSTEMPATH\CodeIgniter.php(509): CodeIgniter\CodeIgniter->runController(Object(App\Controllers\AuthController))
 8 SYSTEMPATH\CodeIgniter.php(355): CodeIgniter\CodeIgniter->handleRequest(null, Object(Config\Cache), false)
 9 SYSTEMPATH\Boot.php(325): CodeIgniter\CodeIgniter->run()
10 SYSTEMPATH\Boot.php(67): CodeIgniter\Boot::runCodeIgniter(Object(CodeIgniter\CodeIgniter))
11 FCPATH\index.php(56): CodeIgniter\Boot::bootWeb(Object(Config\Paths))
12 SYSTEMPATH\rewrite.php(44): require_once('D:\\foto\\product_registration_AIO-steven 1\\public\\index.php')
INFO - 2024-11-12 14:44:11 --> CSRF token verified.
INFO - 2024-11-12 14:44:11 --> Session: Class initialized using 'CodeIgniter\Session\Handlers\FileHandler' driver.
INFO - 2024-11-12 14:44:13 --> Session: Class initialized using 'CodeIgniter\Session\Handlers\FileHandler' driver.
INFO - 2024-11-12 14:44:29 --> Session: Class initialized using 'CodeIgniter\Session\Handlers\FileHandler' driver.
INFO - 2024-11-12 14:44:45 --> Session: Class initialized using 'CodeIgniter\Session\Handlers\FileHandler' driver.
INFO - 2024-11-12 14:47:35 --> Session: Class initialized using 'CodeIgniter\Session\Handlers\FileHandler' driver.
INFO - 2024-11-12 14:56:25 --> Session: Class initialized using 'CodeIgniter\Session\Handlers\FileHandler' driver.
INFO - 2024-11-12 16:51:46 --> Session: Class initialized using 'CodeIgniter\Session\Handlers\FileHandler' driver.
INFO - 2024-11-12 16:52:09 --> Session: Class initialized using 'CodeIgniter\Session\Handlers\FileHandler' driver.
INFO - 2024-11-12 16:53:24 --> Session: Class initialized using 'CodeIgniter\Session\Handlers\FileHandler' driver.
